start loading edge pairs
nparam_classifier: 4082 nparam_cl: 199713
nparam: 265895
Start training...
pred_s == 0 0
pred_s == 1 1026
label_s == 0 429
label_s == 1 597
pred_s == 0 0
pred_s == 1 1026
label_s == 0 186
label_s == 1 840
pred_s == 0 0
pred_s == 1 1026
label_s == 0 441
label_s == 1 585
pred_s == 0 0
pred_s == 1 1026
label_s == 0 316
label_s == 1 710
pred_s == 0 0
pred_s == 1 1026
label_s == 0 444
label_s == 1 582
pred_s == 0 0
pred_s == 1 1026
label_s == 0 257
label_s == 1 769
pred_s == 0 1
pred_s == 1 1025
label_s == 0 416
label_s == 1 610
pred_s == 0 0
pred_s == 1 1026
label_s == 0 336
label_s == 1 690
pred_s == 0 0
pred_s == 1 1026
label_s == 0 570
label_s == 1 456
pred_s == 0 0
pred_s == 1 1026
label_s == 0 430
label_s == 1 596
Epoch: 000, Valid Acc: 0.6273, Valid Prec: 0.6273, Valid Rec: 0.6273, Valid F1: 0.7662, Valid Roc: 0.0798, Valid Mcc: 0.0038, Training Time: 13.4208/epoch
pred_s == 0 23
pred_s == 1 1003
label_s == 0 429
label_s == 1 597
pred_s == 0 18
pred_s == 1 1008
label_s == 0 186
label_s == 1 840
pred_s == 0 22
pred_s == 1 1004
label_s == 0 441
label_s == 1 585
pred_s == 0 22
pred_s == 1 1004
label_s == 0 316
label_s == 1 710
pred_s == 0 19
pred_s == 1 1007
label_s == 0 444
label_s == 1 582
pred_s == 0 21
pred_s == 1 1005
label_s == 0 257
label_s == 1 769
pred_s == 0 23
pred_s == 1 1003
label_s == 0 416
label_s == 1 610
pred_s == 0 25
pred_s == 1 1001
label_s == 0 336
label_s == 1 690
pred_s == 0 24
pred_s == 1 1002
label_s == 0 570
label_s == 1 456
pred_s == 0 15
pred_s == 1 1011
label_s == 0 430
label_s == 1 596
Epoch: 001, Valid Acc: 0.6198, Valid Prec: 0.6198, Valid Rec: 0.6260, Valid F1: 0.7586, Valid Roc: 0.4690, Valid Mcc: -0.0190, Training Time: 10.1314/epoch
pred_s == 0 234
pred_s == 1 792
label_s == 0 429
label_s == 1 597
pred_s == 0 225
pred_s == 1 801
label_s == 0 186
label_s == 1 840
pred_s == 0 233
pred_s == 1 793
label_s == 0 441
label_s == 1 585
pred_s == 0 216
pred_s == 1 810
label_s == 0 316
label_s == 1 710
pred_s == 0 209
pred_s == 1 817
label_s == 0 444
label_s == 1 582
pred_s == 0 227
pred_s == 1 799
label_s == 0 257
label_s == 1 769
pred_s == 0 229
pred_s == 1 797
label_s == 0 416
label_s == 1 610
pred_s == 0 226
pred_s == 1 800
label_s == 0 336
label_s == 1 690
pred_s == 0 222
pred_s == 1 804
label_s == 0 570
label_s == 1 456
pred_s == 0 221
pred_s == 1 805
label_s == 0 430
label_s == 1 596
Epoch: 002, Valid Acc: 0.5596, Valid Prec: 0.5596, Valid Rec: 0.6195, Valid F1: 0.6838, Valid Roc: 0.4824, Valid Mcc: -0.0331, Training Time: 10.1641/epoch
pred_s == 0 8
pred_s == 1 1018
label_s == 0 429
label_s == 1 597
pred_s == 0 3
pred_s == 1 1023
label_s == 0 186
label_s == 1 840
pred_s == 0 2
pred_s == 1 1024
label_s == 0 441
label_s == 1 585
pred_s == 0 4
pred_s == 1 1022
label_s == 0 316
label_s == 1 710
pred_s == 0 4
pred_s == 1 1022
label_s == 0 444
label_s == 1 582
pred_s == 0 0
pred_s == 1 1026
label_s == 0 257
label_s == 1 769
pred_s == 0 11
pred_s == 1 1015
label_s == 0 416
label_s == 1 610
pred_s == 0 8
pred_s == 1 1018
label_s == 0 336
label_s == 1 690
pred_s == 0 7
pred_s == 1 1019
label_s == 0 570
label_s == 1 456
pred_s == 0 3
pred_s == 1 1023
label_s == 0 430
label_s == 1 596
Epoch: 003, Valid Acc: 0.6250, Valid Prec: 0.6250, Valid Rec: 0.6266, Valid F1: 0.7640, Valid Roc: 0.3663, Valid Mcc: -0.0202, Training Time: 10.1669/epoch
pred_s == 0 10
pred_s == 1 1016
label_s == 0 429
label_s == 1 597
pred_s == 0 12
pred_s == 1 1014
label_s == 0 186
label_s == 1 840
pred_s == 0 9
pred_s == 1 1017
label_s == 0 441
label_s == 1 585
pred_s == 0 12
pred_s == 1 1014
label_s == 0 316
label_s == 1 710
pred_s == 0 18
pred_s == 1 1008
label_s == 0 444
label_s == 1 582
pred_s == 0 13
pred_s == 1 1013
label_s == 0 257
label_s == 1 769
pred_s == 0 11
pred_s == 1 1015
label_s == 0 416
label_s == 1 610
pred_s == 0 11
pred_s == 1 1015
label_s == 0 336
label_s == 1 690
pred_s == 0 11
pred_s == 1 1015
label_s == 0 570
label_s == 1 456
pred_s == 0 14
pred_s == 1 1012
label_s == 0 430
label_s == 1 596
Epoch: 004, Valid Acc: 0.6236, Valid Prec: 0.6236, Valid Rec: 0.6269, Valid F1: 0.7622, Valid Roc: 0.4890, Valid Mcc: -0.0061, Training Time: 10.1898/epoch
pred_s == 0 0
pred_s == 1 1026
label_s == 0 429
label_s == 1 597
pred_s == 0 0
pred_s == 1 1026
label_s == 0 186
label_s == 1 840
pred_s == 0 0
pred_s == 1 1026
label_s == 0 441
label_s == 1 585
pred_s == 0 0
pred_s == 1 1026
label_s == 0 316
label_s == 1 710
pred_s == 0 0
pred_s == 1 1026
label_s == 0 444
label_s == 1 582
pred_s == 0 0
pred_s == 1 1026
label_s == 0 257
label_s == 1 769
pred_s == 0 0
pred_s == 1 1026
label_s == 0 416
label_s == 1 610
pred_s == 0 0
pred_s == 1 1026
label_s == 0 336
label_s == 1 690
pred_s == 0 0
pred_s == 1 1026
label_s == 0 570
label_s == 1 456
pred_s == 0 0
pred_s == 1 1026
label_s == 0 430
label_s == 1 596
Epoch: 005, Valid Acc: 0.6272, Valid Prec: 0.6272, Valid Rec: 0.6272, Valid F1: 0.7661, Valid Roc: 0.0000, Valid Mcc: 0.0000, Training Time: 10.1727/epoch
pred_s == 0 0
pred_s == 1 1026
label_s == 0 429
label_s == 1 597
pred_s == 0 0
pred_s == 1 1026
label_s == 0 186
label_s == 1 840
pred_s == 0 0
pred_s == 1 1026
label_s == 0 441
label_s == 1 585
pred_s == 0 0
pred_s == 1 1026
label_s == 0 316
label_s == 1 710
pred_s == 0 0
pred_s == 1 1026
label_s == 0 444
label_s == 1 582
pred_s == 0 0
pred_s == 1 1026
label_s == 0 257
label_s == 1 769
pred_s == 0 0
pred_s == 1 1026
label_s == 0 416
label_s == 1 610
pred_s == 0 0
pred_s == 1 1026
label_s == 0 336
label_s == 1 690
pred_s == 0 0
pred_s == 1 1026
label_s == 0 570
label_s == 1 456
pred_s == 0 0
pred_s == 1 1026
label_s == 0 430
label_s == 1 596
Epoch: 006, Valid Acc: 0.6272, Valid Prec: 0.6272, Valid Rec: 0.6272, Valid F1: 0.7661, Valid Roc: 0.0000, Valid Mcc: 0.0000, Training Time: 10.1864/epoch
pred_s == 0 5
pred_s == 1 1021
label_s == 0 429
label_s == 1 597
pred_s == 0 1
pred_s == 1 1025
label_s == 0 186
label_s == 1 840
pred_s == 0 2
pred_s == 1 1024
label_s == 0 441
label_s == 1 585
pred_s == 0 3
pred_s == 1 1023
label_s == 0 316
label_s == 1 710
pred_s == 0 4
pred_s == 1 1022
label_s == 0 444
label_s == 1 582
pred_s == 0 0
pred_s == 1 1026
label_s == 0 257
label_s == 1 769
pred_s == 0 2
pred_s == 1 1024
label_s == 0 416
label_s == 1 610
pred_s == 0 1
pred_s == 1 1025
label_s == 0 336
label_s == 1 690
pred_s == 0 1
pred_s == 1 1025
label_s == 0 570
label_s == 1 456
pred_s == 0 1
pred_s == 1 1025
label_s == 0 430
label_s == 1 596
Epoch: 007, Valid Acc: 0.6274, Valid Prec: 0.6274, Valid Rec: 0.6275, Valid F1: 0.7659, Valid Roc: 0.5104, Valid Mcc: 0.0130, Training Time: 10.1456/epoch
pred_s == 0 4
pred_s == 1 1022
label_s == 0 429
label_s == 1 597
pred_s == 0 6
pred_s == 1 1020
label_s == 0 186
label_s == 1 840
pred_s == 0 4
pred_s == 1 1022
label_s == 0 441
label_s == 1 585
pred_s == 0 4
pred_s == 1 1022
label_s == 0 316
label_s == 1 710
pred_s == 0 5
pred_s == 1 1021
label_s == 0 444
label_s == 1 582
pred_s == 0 6
pred_s == 1 1020
label_s == 0 257
label_s == 1 769
pred_s == 0 13
pred_s == 1 1013
label_s == 0 416
label_s == 1 610
pred_s == 0 8
pred_s == 1 1018
label_s == 0 336
label_s == 1 690
pred_s == 0 9
pred_s == 1 1017
label_s == 0 570
label_s == 1 456
pred_s == 0 9
pred_s == 1 1017
label_s == 0 430
label_s == 1 596
Epoch: 008, Valid Acc: 0.6249, Valid Prec: 0.6249, Valid Rec: 0.6268, Valid F1: 0.7637, Valid Roc: 0.4593, Valid Mcc: -0.0121, Training Time: 10.1549/epoch
pred_s == 0 3
pred_s == 1 1023
label_s == 0 429
label_s == 1 597
pred_s == 0 3
pred_s == 1 1023
label_s == 0 186
label_s == 1 840
pred_s == 0 2
pred_s == 1 1024
label_s == 0 441
label_s == 1 585
pred_s == 0 1
pred_s == 1 1025
label_s == 0 316
label_s == 1 710
pred_s == 0 1
pred_s == 1 1025
label_s == 0 444
label_s == 1 582
pred_s == 0 1
pred_s == 1 1025
label_s == 0 257
label_s == 1 769
pred_s == 0 2
pred_s == 1 1024
label_s == 0 416
label_s == 1 610
pred_s == 0 2
pred_s == 1 1024
label_s == 0 336
label_s == 1 690
pred_s == 0 1
pred_s == 1 1025
label_s == 0 570
label_s == 1 456
pred_s == 0 0
pred_s == 1 1026
label_s == 0 430
label_s == 1 596
Epoch: 009, Valid Acc: 0.6264, Valid Prec: 0.6264, Valid Rec: 0.6270, Valid F1: 0.7654, Valid Roc: 0.4345, Valid Mcc: -0.0060, Training Time: 10.1761/epoch
pred_s == 0 0
pred_s == 1 1026
label_s == 0 429
label_s == 1 597
pred_s == 0 0
pred_s == 1 1026
label_s == 0 186
label_s == 1 840
pred_s == 0 0
pred_s == 1 1026
label_s == 0 441
label_s == 1 585
pred_s == 0 0
pred_s == 1 1026
label_s == 0 316
label_s == 1 710
pred_s == 0 0
pred_s == 1 1026
label_s == 0 444
label_s == 1 582
pred_s == 0 0
pred_s == 1 1026
label_s == 0 257
label_s == 1 769
pred_s == 0 0
pred_s == 1 1026
label_s == 0 416
label_s == 1 610
pred_s == 0 0
pred_s == 1 1026
label_s == 0 336
label_s == 1 690
pred_s == 0 0
pred_s == 1 1026
label_s == 0 570
label_s == 1 456
pred_s == 0 0
pred_s == 1 1026
label_s == 0 430
label_s == 1 596
Epoch: 010, Valid Acc: 0.6272, Valid Prec: 0.6272, Valid Rec: 0.6272, Valid F1: 0.7661, Valid Roc: 0.0000, Valid Mcc: 0.0000, Training Time: 10.1541/epoch
pred_s == 0 0
pred_s == 1 1026
label_s == 0 429
label_s == 1 597
pred_s == 0 0
pred_s == 1 1026
label_s == 0 186
label_s == 1 840
pred_s == 0 0
pred_s == 1 1026
label_s == 0 441
label_s == 1 585
pred_s == 0 0
pred_s == 1 1026
label_s == 0 316
label_s == 1 710
pred_s == 0 0
pred_s == 1 1026
label_s == 0 444
label_s == 1 582
pred_s == 0 0
pred_s == 1 1026
label_s == 0 257
label_s == 1 769
pred_s == 0 0
pred_s == 1 1026
label_s == 0 416
label_s == 1 610
pred_s == 0 0
pred_s == 1 1026
label_s == 0 336
label_s == 1 690
pred_s == 0 0
pred_s == 1 1026
label_s == 0 570
label_s == 1 456
pred_s == 0 0
pred_s == 1 1026
label_s == 0 430
label_s == 1 596
Epoch: 011, Valid Acc: 0.6272, Valid Prec: 0.6272, Valid Rec: 0.6272, Valid F1: 0.7661, Valid Roc: 0.0000, Valid Mcc: 0.0000, Training Time: 10.1827/epoch
pred_s == 0 0
pred_s == 1 1026
label_s == 0 429
label_s == 1 597
pred_s == 0 0
pred_s == 1 1026
label_s == 0 186
label_s == 1 840
pred_s == 0 0
pred_s == 1 1026
label_s == 0 441
label_s == 1 585
pred_s == 0 0
pred_s == 1 1026
label_s == 0 316
label_s == 1 710
pred_s == 0 0
pred_s == 1 1026
label_s == 0 444
label_s == 1 582
pred_s == 0 0
pred_s == 1 1026
label_s == 0 257
label_s == 1 769
pred_s == 0 0
pred_s == 1 1026
label_s == 0 416
label_s == 1 610
pred_s == 0 0
pred_s == 1 1026
label_s == 0 336
label_s == 1 690
pred_s == 0 0
pred_s == 1 1026
label_s == 0 570
label_s == 1 456
pred_s == 0 0
pred_s == 1 1026
label_s == 0 430
label_s == 1 596
Epoch: 012, Valid Acc: 0.6272, Valid Prec: 0.6272, Valid Rec: 0.6272, Valid F1: 0.7661, Valid Roc: 0.0000, Valid Mcc: 0.0000, Training Time: 10.1077/epoch
pred_s == 0 229
pred_s == 1 797
label_s == 0 429
label_s == 1 597
pred_s == 0 190
pred_s == 1 836
label_s == 0 186
label_s == 1 840
pred_s == 0 163
pred_s == 1 863
label_s == 0 441
label_s == 1 585
pred_s == 0 164
pred_s == 1 862
label_s == 0 316
label_s == 1 710
pred_s == 0 178
pred_s == 1 848
label_s == 0 444
label_s == 1 582
pred_s == 0 156
pred_s == 1 870
label_s == 0 257
label_s == 1 769
pred_s == 0 115
pred_s == 1 911
label_s == 0 416
label_s == 1 610
pred_s == 0 132
pred_s == 1 894
label_s == 0 336
label_s == 1 690
pred_s == 0 142
pred_s == 1 884
label_s == 0 570
label_s == 1 456
pred_s == 0 167
pred_s == 1 859
label_s == 0 430
label_s == 1 596
Epoch: 013, Valid Acc: 0.5787, Valid Prec: 0.5787, Valid Rec: 0.6228, Valid F1: 0.7089, Valid Roc: 0.4874, Valid Mcc: -0.0220, Training Time: 10.1520/epoch
pred_s == 0 339
pred_s == 1 687
label_s == 0 429
label_s == 1 597
pred_s == 0 370
pred_s == 1 656
label_s == 0 186
label_s == 1 840
pred_s == 0 379
pred_s == 1 647
label_s == 0 441
label_s == 1 585
pred_s == 0 383
pred_s == 1 643
label_s == 0 316
label_s == 1 710
pred_s == 0 376
pred_s == 1 650
label_s == 0 444
label_s == 1 582
pred_s == 0 380
pred_s == 1 646
label_s == 0 257
label_s == 1 769
pred_s == 0 366
pred_s == 1 660
label_s == 0 416
label_s == 1 610
pred_s == 0 388
pred_s == 1 638
label_s == 0 336
label_s == 1 690
pred_s == 0 358
pred_s == 1 668
label_s == 0 570
label_s == 1 456
pred_s == 0 351
pred_s == 1 675
label_s == 0 430
label_s == 1 596
Epoch: 014, Valid Acc: 0.5523, Valid Prec: 0.5523, Valid Rec: 0.6413, Valid F1: 0.6413, Valid Roc: 0.5194, Valid Mcc: 0.0428, Training Time: 10.1341/epoch
pred_s == 0 0
pred_s == 1 1026
label_s == 0 429
label_s == 1 597
pred_s == 0 0
pred_s == 1 1026
label_s == 0 186
label_s == 1 840
pred_s == 0 0
pred_s == 1 1026
label_s == 0 441
label_s == 1 585
pred_s == 0 0
pred_s == 1 1026
label_s == 0 316
label_s == 1 710
pred_s == 0 0
pred_s == 1 1026
label_s == 0 444
label_s == 1 582
pred_s == 0 0
pred_s == 1 1026
label_s == 0 257
label_s == 1 769
pred_s == 0 0
pred_s == 1 1026
label_s == 0 416
label_s == 1 610
pred_s == 0 0
pred_s == 1 1026
label_s == 0 336
label_s == 1 690
pred_s == 0 0
pred_s == 1 1026
label_s == 0 570
label_s == 1 456
pred_s == 0 0
pred_s == 1 1026
label_s == 0 430
label_s == 1 596
Epoch: 015, Valid Acc: 0.6272, Valid Prec: 0.6272, Valid Rec: 0.6272, Valid F1: 0.7661, Valid Roc: 0.0000, Valid Mcc: 0.0000, Training Time: 10.1576/epoch
pred_s == 0 60
pred_s == 1 966
label_s == 0 429
label_s == 1 597
pred_s == 0 52
pred_s == 1 974
label_s == 0 186
label_s == 1 840
pred_s == 0 61
pred_s == 1 965
label_s == 0 441
label_s == 1 585
pred_s == 0 60
pred_s == 1 966
label_s == 0 316
label_s == 1 710
pred_s == 0 68
pred_s == 1 958
label_s == 0 444
label_s == 1 582
pred_s == 0 63
pred_s == 1 963
label_s == 0 257
label_s == 1 769
pred_s == 0 91
pred_s == 1 935
label_s == 0 416
label_s == 1 610
pred_s == 0 73
pred_s == 1 953
label_s == 0 336
label_s == 1 690
pred_s == 0 58
pred_s == 1 968
label_s == 0 570
label_s == 1 456
pred_s == 0 73
pred_s == 1 953
label_s == 0 430
label_s == 1 596
Epoch: 016, Valid Acc: 0.6107, Valid Prec: 0.6107, Valid Rec: 0.6269, Valid F1: 0.7461, Valid Roc: 0.4972, Valid Mcc: -0.0037, Training Time: 10.1730/epoch
pred_s == 0 0
pred_s == 1 1026
label_s == 0 429
label_s == 1 597
pred_s == 0 0
pred_s == 1 1026
label_s == 0 186
label_s == 1 840
pred_s == 0 0
pred_s == 1 1026
label_s == 0 441
label_s == 1 585
pred_s == 0 0
pred_s == 1 1026
label_s == 0 316
label_s == 1 710
pred_s == 0 0
pred_s == 1 1026
label_s == 0 444
label_s == 1 582
pred_s == 0 0
pred_s == 1 1026
label_s == 0 257
label_s == 1 769
pred_s == 0 0
pred_s == 1 1026
label_s == 0 416
label_s == 1 610
pred_s == 0 0
pred_s == 1 1026
label_s == 0 336
label_s == 1 690
pred_s == 0 0
pred_s == 1 1026
label_s == 0 570
label_s == 1 456
pred_s == 0 0
pred_s == 1 1026
label_s == 0 430
label_s == 1 596
Epoch: 017, Valid Acc: 0.6272, Valid Prec: 0.6272, Valid Rec: 0.6272, Valid F1: 0.7661, Valid Roc: 0.0000, Valid Mcc: 0.0000, Training Time: 10.1597/epoch
pred_s == 0 0
pred_s == 1 1026
label_s == 0 429
label_s == 1 597
pred_s == 0 0
pred_s == 1 1026
label_s == 0 186
label_s == 1 840
pred_s == 0 0
pred_s == 1 1026
label_s == 0 441
label_s == 1 585
pred_s == 0 0
pred_s == 1 1026
label_s == 0 316
label_s == 1 710
pred_s == 0 0
pred_s == 1 1026
label_s == 0 444
label_s == 1 582
pred_s == 0 0
pred_s == 1 1026
label_s == 0 257
label_s == 1 769
pred_s == 0 0
pred_s == 1 1026
label_s == 0 416
label_s == 1 610
pred_s == 0 0
pred_s == 1 1026
label_s == 0 336
label_s == 1 690
pred_s == 0 0
pred_s == 1 1026
label_s == 0 570
label_s == 1 456
pred_s == 0 0
pred_s == 1 1026
label_s == 0 430
label_s == 1 596
Epoch: 018, Valid Acc: 0.6272, Valid Prec: 0.6272, Valid Rec: 0.6272, Valid F1: 0.7661, Valid Roc: 0.0000, Valid Mcc: 0.0000, Training Time: 10.1611/epoch
pred_s == 0 1
pred_s == 1 1025
label_s == 0 429
label_s == 1 597
pred_s == 0 2
pred_s == 1 1024
label_s == 0 186
label_s == 1 840
pred_s == 0 0
pred_s == 1 1026
label_s == 0 441
label_s == 1 585
pred_s == 0 0
pred_s == 1 1026
label_s == 0 316
label_s == 1 710
pred_s == 0 0
pred_s == 1 1026
label_s == 0 444
label_s == 1 582
pred_s == 0 2
pred_s == 1 1024
label_s == 0 257
label_s == 1 769
pred_s == 0 1
pred_s == 1 1025
label_s == 0 416
label_s == 1 610
pred_s == 0 1
pred_s == 1 1025
label_s == 0 336
label_s == 1 690
pred_s == 0 1
pred_s == 1 1025
label_s == 0 570
label_s == 1 456
pred_s == 0 4
pred_s == 1 1022
label_s == 0 430
label_s == 1 596
Epoch: 019, Valid Acc: 0.6266, Valid Prec: 0.6266, Valid Rec: 0.6271, Valid F1: 0.7656, Valid Roc: 0.3096, Valid Mcc: -0.0062, Training Time: 10.2144/epoch
pred_s == 0 79
pred_s == 1 947
label_s == 0 429
label_s == 1 597
pred_s == 0 45
pred_s == 1 981
label_s == 0 186
label_s == 1 840
pred_s == 0 37
pred_s == 1 989
label_s == 0 441
label_s == 1 585
pred_s == 0 61
pred_s == 1 965
label_s == 0 316
label_s == 1 710
pred_s == 0 51
pred_s == 1 975
label_s == 0 444
label_s == 1 582
pred_s == 0 82
pred_s == 1 944
label_s == 0 257
label_s == 1 769
pred_s == 0 125
pred_s == 1 901
label_s == 0 416
label_s == 1 610
pred_s == 0 50
pred_s == 1 976
label_s == 0 336
label_s == 1 690
pred_s == 0 51
pred_s == 1 975
label_s == 0 570
label_s == 1 456
pred_s == 0 67
pred_s == 1 959
label_s == 0 430
label_s == 1 596
Epoch: 020, Valid Acc: 0.6071, Valid Prec: 0.6071, Valid Rec: 0.6250, Valid F1: 0.7440, Valid Roc: 0.4811, Valid Mcc: -0.0192, Training Time: 10.1309/epoch
pred_s == 0 0
pred_s == 1 1026
label_s == 0 429
label_s == 1 597
pred_s == 0 0
pred_s == 1 1026
label_s == 0 186
label_s == 1 840
pred_s == 0 0
pred_s == 1 1026
label_s == 0 441
label_s == 1 585
pred_s == 0 0
pred_s == 1 1026
label_s == 0 316
label_s == 1 710
pred_s == 0 0
pred_s == 1 1026
label_s == 0 444
label_s == 1 582
pred_s == 0 0
pred_s == 1 1026
label_s == 0 257
label_s == 1 769
pred_s == 0 0
pred_s == 1 1026
label_s == 0 416
label_s == 1 610
pred_s == 0 0
pred_s == 1 1026
label_s == 0 336
label_s == 1 690
pred_s == 0 0
pred_s == 1 1026
label_s == 0 570
label_s == 1 456
pred_s == 0 0
pred_s == 1 1026
label_s == 0 430
label_s == 1 596
Epoch: 021, Valid Acc: 0.6272, Valid Prec: 0.6272, Valid Rec: 0.6272, Valid F1: 0.7661, Valid Roc: 0.0000, Valid Mcc: 0.0000, Training Time: 10.1676/epoch
pred_s == 0 0
pred_s == 1 1026
label_s == 0 429
label_s == 1 597
pred_s == 0 0
pred_s == 1 1026
label_s == 0 186
label_s == 1 840
pred_s == 0 0
pred_s == 1 1026
label_s == 0 441
label_s == 1 585
pred_s == 0 0
pred_s == 1 1026
label_s == 0 316
label_s == 1 710
pred_s == 0 0
pred_s == 1 1026
label_s == 0 444
label_s == 1 582
pred_s == 0 0
pred_s == 1 1026
label_s == 0 257
label_s == 1 769
pred_s == 0 0
pred_s == 1 1026
label_s == 0 416
label_s == 1 610
pred_s == 0 0
pred_s == 1 1026
label_s == 0 336
label_s == 1 690
pred_s == 0 0
pred_s == 1 1026
label_s == 0 570
label_s == 1 456
pred_s == 0 0
pred_s == 1 1026
label_s == 0 430
label_s == 1 596
Epoch: 022, Valid Acc: 0.6272, Valid Prec: 0.6272, Valid Rec: 0.6272, Valid F1: 0.7661, Valid Roc: 0.0000, Valid Mcc: 0.0000, Training Time: 10.1369/epoch
pred_s == 0 0
pred_s == 1 1026
label_s == 0 429
label_s == 1 597
pred_s == 0 0
pred_s == 1 1026
label_s == 0 186
label_s == 1 840
pred_s == 0 0
pred_s == 1 1026
label_s == 0 441
label_s == 1 585
pred_s == 0 0
pred_s == 1 1026
label_s == 0 316
label_s == 1 710
pred_s == 0 0
pred_s == 1 1026
label_s == 0 444
label_s == 1 582
pred_s == 0 0
pred_s == 1 1026
label_s == 0 257
label_s == 1 769
pred_s == 0 0
pred_s == 1 1026
label_s == 0 416
label_s == 1 610
pred_s == 0 0
pred_s == 1 1026
label_s == 0 336
label_s == 1 690
pred_s == 0 0
pred_s == 1 1026
label_s == 0 570
label_s == 1 456
pred_s == 0 0
pred_s == 1 1026
label_s == 0 430
label_s == 1 596
Epoch: 023, Valid Acc: 0.6272, Valid Prec: 0.6272, Valid Rec: 0.6272, Valid F1: 0.7661, Valid Roc: 0.0000, Valid Mcc: 0.0000, Training Time: 10.2006/epoch
pred_s == 0 0
pred_s == 1 1026
label_s == 0 429
label_s == 1 597
pred_s == 0 0
pred_s == 1 1026
label_s == 0 186
label_s == 1 840
pred_s == 0 0
pred_s == 1 1026
label_s == 0 441
label_s == 1 585
pred_s == 0 0
pred_s == 1 1026
label_s == 0 316
label_s == 1 710
pred_s == 0 0
pred_s == 1 1026
label_s == 0 444
label_s == 1 582
pred_s == 0 0
pred_s == 1 1026
label_s == 0 257
label_s == 1 769
pred_s == 0 0
pred_s == 1 1026
label_s == 0 416
label_s == 1 610
pred_s == 0 0
pred_s == 1 1026
label_s == 0 336
label_s == 1 690
pred_s == 0 0
pred_s == 1 1026
label_s == 0 570
label_s == 1 456
pred_s == 0 0
pred_s == 1 1026
label_s == 0 430
label_s == 1 596
Epoch: 024, Valid Acc: 0.6272, Valid Prec: 0.6272, Valid Rec: 0.6272, Valid F1: 0.7661, Valid Roc: 0.0000, Valid Mcc: 0.0000, Training Time: 10.2184/epoch
pred_s == 0 0
pred_s == 1 1026
label_s == 0 429
label_s == 1 597
pred_s == 0 1
pred_s == 1 1025
label_s == 0 186
label_s == 1 840
pred_s == 0 1
pred_s == 1 1025
label_s == 0 441
label_s == 1 585
pred_s == 0 0
pred_s == 1 1026
label_s == 0 316
label_s == 1 710
pred_s == 0 0
pred_s == 1 1026
label_s == 0 444
label_s == 1 582
pred_s == 0 0
pred_s == 1 1026
label_s == 0 257
label_s == 1 769
pred_s == 0 1
pred_s == 1 1025
label_s == 0 416
label_s == 1 610
pred_s == 0 0
pred_s == 1 1026
label_s == 0 336
label_s == 1 690
pred_s == 0 1
pred_s == 1 1025
label_s == 0 570
label_s == 1 456
pred_s == 0 1
pred_s == 1 1025
label_s == 0 430
label_s == 1 596
Epoch: 025, Valid Acc: 0.6269, Valid Prec: 0.6269, Valid Rec: 0.6271, Valid F1: 0.7658, Valid Roc: 0.2004, Valid Mcc: -0.0066, Training Time: 10.1509/epoch
pred_s == 0 0
pred_s == 1 1026
label_s == 0 429
label_s == 1 597
pred_s == 0 1
pred_s == 1 1025
label_s == 0 186
label_s == 1 840
pred_s == 0 2
pred_s == 1 1024
label_s == 0 441
label_s == 1 585
pred_s == 0 1
pred_s == 1 1025
label_s == 0 316
label_s == 1 710
pred_s == 0 0
pred_s == 1 1026
label_s == 0 444
label_s == 1 582
pred_s == 0 0
pred_s == 1 1026
label_s == 0 257
label_s == 1 769
pred_s == 0 0
pred_s == 1 1026
label_s == 0 416
label_s == 1 610
pred_s == 0 1
pred_s == 1 1025
label_s == 0 336
label_s == 1 690
pred_s == 0 1
pred_s == 1 1025
label_s == 0 570
label_s == 1 456
pred_s == 0 1
pred_s == 1 1025
label_s == 0 430
label_s == 1 596
Epoch: 026, Valid Acc: 0.6269, Valid Prec: 0.6269, Valid Rec: 0.6271, Valid F1: 0.7658, Valid Roc: 0.2889, Valid Mcc: -0.0026, Training Time: 10.1654/epoch
pred_s == 0 0
pred_s == 1 1026
label_s == 0 429
label_s == 1 597
pred_s == 0 0
pred_s == 1 1026
label_s == 0 186
label_s == 1 840
pred_s == 0 0
pred_s == 1 1026
label_s == 0 441
label_s == 1 585
pred_s == 0 0
pred_s == 1 1026
label_s == 0 316
label_s == 1 710
pred_s == 0 0
pred_s == 1 1026
label_s == 0 444
label_s == 1 582
pred_s == 0 0
pred_s == 1 1026
label_s == 0 257
label_s == 1 769
pred_s == 0 0
pred_s == 1 1026
label_s == 0 416
label_s == 1 610
pred_s == 0 0
pred_s == 1 1026
label_s == 0 336
label_s == 1 690
pred_s == 0 0
pred_s == 1 1026
label_s == 0 570
label_s == 1 456
pred_s == 0 0
pred_s == 1 1026
label_s == 0 430
label_s == 1 596
Epoch: 027, Valid Acc: 0.6272, Valid Prec: 0.6272, Valid Rec: 0.6272, Valid F1: 0.7661, Valid Roc: 0.0000, Valid Mcc: 0.0000, Training Time: 10.1447/epoch
pred_s == 0 0
pred_s == 1 1026
label_s == 0 429
label_s == 1 597
pred_s == 0 0
pred_s == 1 1026
label_s == 0 186
label_s == 1 840
pred_s == 0 0
pred_s == 1 1026
label_s == 0 441
label_s == 1 585
pred_s == 0 0
pred_s == 1 1026
label_s == 0 316
label_s == 1 710
pred_s == 0 0
pred_s == 1 1026
label_s == 0 444
label_s == 1 582
pred_s == 0 0
pred_s == 1 1026
label_s == 0 257
label_s == 1 769
pred_s == 0 0
pred_s == 1 1026
label_s == 0 416
label_s == 1 610
pred_s == 0 0
pred_s == 1 1026
label_s == 0 336
label_s == 1 690
pred_s == 0 0
pred_s == 1 1026
label_s == 0 570
label_s == 1 456
pred_s == 0 0
pred_s == 1 1026
label_s == 0 430
label_s == 1 596
Epoch: 028, Valid Acc: 0.6272, Valid Prec: 0.6272, Valid Rec: 0.6272, Valid F1: 0.7661, Valid Roc: 0.0000, Valid Mcc: 0.0000, Training Time: 10.1643/epoch
pred_s == 0 0
pred_s == 1 1026
label_s == 0 429
label_s == 1 597
pred_s == 0 0
pred_s == 1 1026
label_s == 0 186
label_s == 1 840
pred_s == 0 0
pred_s == 1 1026
label_s == 0 441
label_s == 1 585
pred_s == 0 0
pred_s == 1 1026
label_s == 0 316
label_s == 1 710
pred_s == 0 0
pred_s == 1 1026
label_s == 0 444
label_s == 1 582
pred_s == 0 0
pred_s == 1 1026
label_s == 0 257
label_s == 1 769
pred_s == 0 0
pred_s == 1 1026
label_s == 0 416
label_s == 1 610
pred_s == 0 0
pred_s == 1 1026
label_s == 0 336
label_s == 1 690
pred_s == 0 0
pred_s == 1 1026
label_s == 0 570
label_s == 1 456
pred_s == 0 0
pred_s == 1 1026
label_s == 0 430
label_s == 1 596
Epoch: 029, Valid Acc: 0.6272, Valid Prec: 0.6272, Valid Rec: 0.6272, Valid F1: 0.7661, Valid Roc: 0.0000, Valid Mcc: 0.0000, Training Time: 10.1786/epoch
pred_s == 0 0
pred_s == 1 1026
label_s == 0 429
label_s == 1 597
pred_s == 0 0
pred_s == 1 1026
label_s == 0 186
label_s == 1 840
pred_s == 0 0
pred_s == 1 1026
label_s == 0 441
label_s == 1 585
pred_s == 0 0
pred_s == 1 1026
label_s == 0 316
label_s == 1 710
pred_s == 0 0
pred_s == 1 1026
label_s == 0 444
label_s == 1 582
pred_s == 0 0
pred_s == 1 1026
label_s == 0 257
label_s == 1 769
pred_s == 0 0
pred_s == 1 1026
label_s == 0 416
label_s == 1 610
pred_s == 0 0
pred_s == 1 1026
label_s == 0 336
label_s == 1 690
pred_s == 0 0
pred_s == 1 1026
label_s == 0 570
label_s == 1 456
pred_s == 0 0
pred_s == 1 1026
label_s == 0 430
label_s == 1 596
Epoch: 030, Valid Acc: 0.6272, Valid Prec: 0.6272, Valid Rec: 0.6272, Valid F1: 0.7661, Valid Roc: 0.0000, Valid Mcc: 0.0000, Training Time: 10.1773/epoch
pred_s == 0 0
pred_s == 1 1026
label_s == 0 429
label_s == 1 597
pred_s == 0 0
pred_s == 1 1026
label_s == 0 186
label_s == 1 840
pred_s == 0 0
pred_s == 1 1026
label_s == 0 441
label_s == 1 585
pred_s == 0 1
pred_s == 1 1025
label_s == 0 316
label_s == 1 710
pred_s == 0 0
pred_s == 1 1026
label_s == 0 444
label_s == 1 582
pred_s == 0 4
pred_s == 1 1022
label_s == 0 257
label_s == 1 769
pred_s == 0 4
pred_s == 1 1022
label_s == 0 416
label_s == 1 610
pred_s == 0 0
pred_s == 1 1026
label_s == 0 336
label_s == 1 690
pred_s == 0 2
pred_s == 1 1024
label_s == 0 570
label_s == 1 456
pred_s == 0 0
pred_s == 1 1026
label_s == 0 430
label_s == 1 596
Epoch: 031, Valid Acc: 0.6265, Valid Prec: 0.6265, Valid Rec: 0.6270, Valid F1: 0.7656, Valid Roc: 0.1614, Valid Mcc: -0.0082, Training Time: 10.1547/epoch
pred_s == 0 309
pred_s == 1 717
label_s == 0 429
label_s == 1 597
pred_s == 0 264
pred_s == 1 762
label_s == 0 186
label_s == 1 840
pred_s == 0 247
pred_s == 1 779
label_s == 0 441
label_s == 1 585
pred_s == 0 246
pred_s == 1 780
label_s == 0 316
label_s == 1 710
pred_s == 0 247
pred_s == 1 779
label_s == 0 444
label_s == 1 582
pred_s == 0 243
pred_s == 1 783
label_s == 0 257
label_s == 1 769
pred_s == 0 255
pred_s == 1 771
label_s == 0 416
label_s == 1 610
pred_s == 0 234
pred_s == 1 792
label_s == 0 336
label_s == 1 690
pred_s == 0 256
pred_s == 1 770
label_s == 0 570
label_s == 1 456
pred_s == 0 255
pred_s == 1 771
label_s == 0 430
label_s == 1 596
Epoch: 032, Valid Acc: 0.5545, Valid Prec: 0.5545, Valid Rec: 0.6205, Valid F1: 0.6729, Valid Roc: 0.4871, Valid Mcc: -0.0264, Training Time: 10.2226/epoch
pred_s == 0 0
pred_s == 1 1026
label_s == 0 429
label_s == 1 597
pred_s == 0 0
pred_s == 1 1026
label_s == 0 186
label_s == 1 840
pred_s == 0 0
pred_s == 1 1026
label_s == 0 441
label_s == 1 585
pred_s == 0 0
pred_s == 1 1026
label_s == 0 316
label_s == 1 710
pred_s == 0 0
pred_s == 1 1026
label_s == 0 444
label_s == 1 582
pred_s == 0 0
pred_s == 1 1026
label_s == 0 257
label_s == 1 769
pred_s == 0 0
pred_s == 1 1026
label_s == 0 416
label_s == 1 610
pred_s == 0 0
pred_s == 1 1026
label_s == 0 336
label_s == 1 690
pred_s == 0 0
pred_s == 1 1026
label_s == 0 570
label_s == 1 456
pred_s == 0 0
pred_s == 1 1026
label_s == 0 430
label_s == 1 596
Epoch: 033, Valid Acc: 0.6272, Valid Prec: 0.6272, Valid Rec: 0.6272, Valid F1: 0.7661, Valid Roc: 0.0000, Valid Mcc: 0.0000, Training Time: 10.2218/epoch
pred_s == 0 0
pred_s == 1 1026
label_s == 0 429
label_s == 1 597
pred_s == 0 0
pred_s == 1 1026
label_s == 0 186
label_s == 1 840
pred_s == 0 0
pred_s == 1 1026
label_s == 0 441
label_s == 1 585
pred_s == 0 0
pred_s == 1 1026
label_s == 0 316
label_s == 1 710
pred_s == 0 0
pred_s == 1 1026
label_s == 0 444
label_s == 1 582
pred_s == 0 0
pred_s == 1 1026
label_s == 0 257
label_s == 1 769
pred_s == 0 0
pred_s == 1 1026
label_s == 0 416
label_s == 1 610
pred_s == 0 0
pred_s == 1 1026
label_s == 0 336
label_s == 1 690
pred_s == 0 0
pred_s == 1 1026
label_s == 0 570
label_s == 1 456
pred_s == 0 0
pred_s == 1 1026
label_s == 0 430
label_s == 1 596
Epoch: 034, Valid Acc: 0.6272, Valid Prec: 0.6272, Valid Rec: 0.6272, Valid F1: 0.7661, Valid Roc: 0.0000, Valid Mcc: 0.0000, Training Time: 10.1582/epoch
pred_s == 0 1
pred_s == 1 1025
label_s == 0 429
label_s == 1 597
pred_s == 0 2
pred_s == 1 1024
label_s == 0 186
label_s == 1 840
pred_s == 0 0
pred_s == 1 1026
label_s == 0 441
label_s == 1 585
pred_s == 0 0
pred_s == 1 1026
label_s == 0 316
label_s == 1 710
pred_s == 0 0
pred_s == 1 1026
label_s == 0 444
label_s == 1 582
pred_s == 0 4
pred_s == 1 1022
label_s == 0 257
label_s == 1 769
pred_s == 0 13
pred_s == 1 1013
label_s == 0 416
label_s == 1 610
pred_s == 0 0
pred_s == 1 1026
label_s == 0 336
label_s == 1 690
pred_s == 0 0
pred_s == 1 1026
label_s == 0 570
label_s == 1 456
pred_s == 0 1
pred_s == 1 1025
label_s == 0 430
label_s == 1 596
Epoch: 035, Valid Acc: 0.6263, Valid Prec: 0.6263, Valid Rec: 0.6270, Valid F1: 0.7653, Valid Roc: 0.2441, Valid Mcc: -0.0033, Training Time: 10.2225/epoch
pred_s == 0 276
pred_s == 1 750
label_s == 0 429
label_s == 1 597
pred_s == 0 190
pred_s == 1 836
label_s == 0 186
label_s == 1 840
pred_s == 0 189
pred_s == 1 837
label_s == 0 441
label_s == 1 585
pred_s == 0 133
pred_s == 1 893
label_s == 0 316
label_s == 1 710
pred_s == 0 192
pred_s == 1 834
label_s == 0 444
label_s == 1 582
pred_s == 0 85
pred_s == 1 941
label_s == 0 257
label_s == 1 769
pred_s == 0 256
pred_s == 1 770
label_s == 0 416
label_s == 1 610
pred_s == 0 142
pred_s == 1 884
label_s == 0 336
label_s == 1 690
pred_s == 0 90
pred_s == 1 936
label_s == 0 570
label_s == 1 456
pred_s == 0 202
pred_s == 1 824
label_s == 0 430
label_s == 1 596
Epoch: 036, Valid Acc: 0.5749, Valid Prec: 0.5749, Valid Rec: 0.6206, Valid F1: 0.7020, Valid Roc: 0.4851, Valid Mcc: -0.0272, Training Time: 10.1662/epoch
pred_s == 0 254
pred_s == 1 772
label_s == 0 429
label_s == 1 597
pred_s == 0 163
pred_s == 1 863
label_s == 0 186
label_s == 1 840
pred_s == 0 154
pred_s == 1 872
label_s == 0 441
label_s == 1 585
pred_s == 0 137
pred_s == 1 889
label_s == 0 316
label_s == 1 710
pred_s == 0 163
pred_s == 1 863
label_s == 0 444
label_s == 1 582
pred_s == 0 83
pred_s == 1 943
label_s == 0 257
label_s == 1 769
pred_s == 0 66
pred_s == 1 960
label_s == 0 416
label_s == 1 610
pred_s == 0 169
pred_s == 1 857
label_s == 0 336
label_s == 1 690
pred_s == 0 137
pred_s == 1 889
label_s == 0 570
label_s == 1 456
pred_s == 0 167
pred_s == 1 859
label_s == 0 430
label_s == 1 596
Epoch: 037, Valid Acc: 0.5860, Valid Prec: 0.5860, Valid Rec: 0.6240, Valid F1: 0.7154, Valid Roc: 0.4842, Valid Mcc: -0.0211, Training Time: 10.1626/epoch
pred_s == 0 54
pred_s == 1 972
label_s == 0 429
label_s == 1 597
pred_s == 0 36
pred_s == 1 990
label_s == 0 186
label_s == 1 840
pred_s == 0 52
pred_s == 1 974
label_s == 0 441
label_s == 1 585
pred_s == 0 38
pred_s == 1 988
label_s == 0 316
label_s == 1 710
pred_s == 0 38
pred_s == 1 988
label_s == 0 444
label_s == 1 582
pred_s == 0 94
pred_s == 1 932
label_s == 0 257
label_s == 1 769
pred_s == 0 113
pred_s == 1 913
label_s == 0 416
label_s == 1 610
pred_s == 0 34
pred_s == 1 992
label_s == 0 336
label_s == 1 690
pred_s == 0 45
pred_s == 1 981
label_s == 0 570
label_s == 1 456
pred_s == 0 89
pred_s == 1 937
label_s == 0 430
label_s == 1 596
Epoch: 038, Valid Acc: 0.6105, Valid Prec: 0.6105, Valid Rec: 0.6259, Valid F1: 0.7470, Valid Roc: 0.4934, Valid Mcc: -0.0088, Training Time: 10.2101/epoch
pred_s == 0 363
pred_s == 1 663
label_s == 0 429
label_s == 1 597
pred_s == 0 294
pred_s == 1 732
label_s == 0 186
label_s == 1 840
pred_s == 0 274
pred_s == 1 752
label_s == 0 441
label_s == 1 585
pred_s == 0 280
pred_s == 1 746
label_s == 0 316
label_s == 1 710
pred_s == 0 289
pred_s == 1 737
label_s == 0 444
label_s == 1 582
pred_s == 0 256
pred_s == 1 770
label_s == 0 257
label_s == 1 769
pred_s == 0 267
pred_s == 1 759
label_s == 0 416
label_s == 1 610
pred_s == 0 272
pred_s == 1 754
label_s == 0 336
label_s == 1 690
pred_s == 0 272
pred_s == 1 754
label_s == 0 570
label_s == 1 456
pred_s == 0 298
pred_s == 1 728
label_s == 0 430
label_s == 1 596
Epoch: 039, Valid Acc: 0.5452, Valid Prec: 0.5452, Valid Rec: 0.6189, Valid F1: 0.6587, Valid Roc: 0.4859, Valid Mcc: -0.0296, Training Time: 10.1748/epoch
pred_s == 0 260
pred_s == 1 766
label_s == 0 429
label_s == 1 597
pred_s == 0 181
pred_s == 1 845
label_s == 0 186
label_s == 1 840
pred_s == 0 179
pred_s == 1 847
label_s == 0 441
label_s == 1 585
pred_s == 0 172
pred_s == 1 854
label_s == 0 316
label_s == 1 710
pred_s == 0 187
pred_s == 1 839
label_s == 0 444
label_s == 1 582
pred_s == 0 154
pred_s == 1 872
label_s == 0 257
label_s == 1 769
pred_s == 0 154
pred_s == 1 872
label_s == 0 416
label_s == 1 610
pred_s == 0 175
pred_s == 1 851
label_s == 0 336
label_s == 1 690
pred_s == 0 160
pred_s == 1 866
label_s == 0 570
label_s == 1 456
pred_s == 0 181
pred_s == 1 845
label_s == 0 430
label_s == 1 596
Epoch: 040, Valid Acc: 0.5719, Valid Prec: 0.5719, Valid Rec: 0.6203, Valid F1: 0.7007, Valid Roc: 0.4809, Valid Mcc: -0.0335, Training Time: 10.1726/epoch
pred_s == 0 0
pred_s == 1 1026
label_s == 0 429
label_s == 1 597
pred_s == 0 2
pred_s == 1 1024
label_s == 0 186
label_s == 1 840
pred_s == 0 4
pred_s == 1 1022
label_s == 0 441
label_s == 1 585
pred_s == 0 1
pred_s == 1 1025
label_s == 0 316
label_s == 1 710
pred_s == 0 5
pred_s == 1 1021
label_s == 0 444
label_s == 1 582
pred_s == 0 1
pred_s == 1 1025
label_s == 0 257
label_s == 1 769
pred_s == 0 1
pred_s == 1 1025
label_s == 0 416
label_s == 1 610
pred_s == 0 3
pred_s == 1 1023
label_s == 0 336
label_s == 1 690
pred_s == 0 3
pred_s == 1 1023
label_s == 0 570
label_s == 1 456
pred_s == 0 5
pred_s == 1 1021
label_s == 0 430
label_s == 1 596
Epoch: 041, Valid Acc: 0.6263, Valid Prec: 0.6263, Valid Rec: 0.6270, Valid F1: 0.7652, Valid Roc: 0.4202, Valid Mcc: -0.0074, Training Time: 10.1843/epoch
pred_s == 0 0
pred_s == 1 1026
label_s == 0 429
label_s == 1 597
pred_s == 0 0
pred_s == 1 1026
label_s == 0 186
label_s == 1 840
pred_s == 0 0
pred_s == 1 1026
label_s == 0 441
label_s == 1 585
pred_s == 0 0
pred_s == 1 1026
label_s == 0 316
label_s == 1 710
pred_s == 0 0
pred_s == 1 1026
label_s == 0 444
label_s == 1 582
pred_s == 0 0
pred_s == 1 1026
label_s == 0 257
label_s == 1 769
pred_s == 0 0
pred_s == 1 1026
label_s == 0 416
label_s == 1 610
pred_s == 0 0
pred_s == 1 1026
label_s == 0 336
label_s == 1 690
pred_s == 0 0
pred_s == 1 1026
label_s == 0 570
label_s == 1 456
pred_s == 0 0
pred_s == 1 1026
label_s == 0 430
label_s == 1 596
Epoch: 042, Valid Acc: 0.6272, Valid Prec: 0.6272, Valid Rec: 0.6272, Valid F1: 0.7661, Valid Roc: 0.0000, Valid Mcc: 0.0000, Training Time: 10.1556/epoch
pred_s == 0 0
pred_s == 1 1026
label_s == 0 429
label_s == 1 597
pred_s == 0 0
pred_s == 1 1026
label_s == 0 186
label_s == 1 840
pred_s == 0 0
pred_s == 1 1026
label_s == 0 441
label_s == 1 585
pred_s == 0 0
pred_s == 1 1026
label_s == 0 316
label_s == 1 710
pred_s == 0 0
pred_s == 1 1026
label_s == 0 444
label_s == 1 582
pred_s == 0 0
pred_s == 1 1026
label_s == 0 257
label_s == 1 769
pred_s == 0 0
pred_s == 1 1026
label_s == 0 416
label_s == 1 610
pred_s == 0 0
pred_s == 1 1026
label_s == 0 336
label_s == 1 690
pred_s == 0 0
pred_s == 1 1026
label_s == 0 570
label_s == 1 456
pred_s == 0 0
pred_s == 1 1026
label_s == 0 430
label_s == 1 596
Epoch: 043, Valid Acc: 0.6272, Valid Prec: 0.6272, Valid Rec: 0.6272, Valid F1: 0.7661, Valid Roc: 0.0000, Valid Mcc: 0.0000, Training Time: 10.1371/epoch
pred_s == 0 392
pred_s == 1 634
label_s == 0 429
label_s == 1 597
pred_s == 0 340
pred_s == 1 686
label_s == 0 186
label_s == 1 840
pred_s == 0 328
pred_s == 1 698
label_s == 0 441
label_s == 1 585
pred_s == 0 331
pred_s == 1 695
label_s == 0 316
label_s == 1 710
pred_s == 0 334
pred_s == 1 692
label_s == 0 444
label_s == 1 582
pred_s == 0 333
pred_s == 1 693
label_s == 0 257
label_s == 1 769
pred_s == 0 358
pred_s == 1 668
label_s == 0 416
label_s == 1 610
pred_s == 0 308
pred_s == 1 718
label_s == 0 336
label_s == 1 690
pred_s == 0 328
pred_s == 1 698
label_s == 0 570
label_s == 1 456
pred_s == 0 346
pred_s == 1 680
label_s == 0 430
label_s == 1 596
Epoch: 044, Valid Acc: 0.5293, Valid Prec: 0.5293, Valid Rec: 0.6163, Valid F1: 0.6335, Valid Roc: 0.4844, Valid Mcc: -0.0344, Training Time: 10.1584/epoch
pred_s == 0 0
pred_s == 1 1026
label_s == 0 429
label_s == 1 597
pred_s == 0 0
pred_s == 1 1026
label_s == 0 186
label_s == 1 840
pred_s == 0 0
pred_s == 1 1026
label_s == 0 441
label_s == 1 585
pred_s == 0 0
pred_s == 1 1026
label_s == 0 316
label_s == 1 710
pred_s == 0 0
pred_s == 1 1026
label_s == 0 444
label_s == 1 582
pred_s == 0 0
pred_s == 1 1026
label_s == 0 257
label_s == 1 769
pred_s == 0 2
pred_s == 1 1024
label_s == 0 416
label_s == 1 610
pred_s == 0 1
pred_s == 1 1025
label_s == 0 336
label_s == 1 690
pred_s == 0 0
pred_s == 1 1026
label_s == 0 570
label_s == 1 456
pred_s == 0 0
pred_s == 1 1026
label_s == 0 430
label_s == 1 596
Epoch: 045, Valid Acc: 0.6271, Valid Prec: 0.6271, Valid Rec: 0.6272, Valid F1: 0.7660, Valid Roc: 0.1133, Valid Mcc: 0.0008, Training Time: 10.1227/epoch
pred_s == 0 0
pred_s == 1 1026
label_s == 0 429
label_s == 1 597
pred_s == 0 0
pred_s == 1 1026
label_s == 0 186
label_s == 1 840
pred_s == 0 0
pred_s == 1 1026
label_s == 0 441
label_s == 1 585
pred_s == 0 0
pred_s == 1 1026
label_s == 0 316
label_s == 1 710
pred_s == 0 0
pred_s == 1 1026
label_s == 0 444
label_s == 1 582
pred_s == 0 0
pred_s == 1 1026
label_s == 0 257
label_s == 1 769
pred_s == 0 0
pred_s == 1 1026
label_s == 0 416
label_s == 1 610
pred_s == 0 0
pred_s == 1 1026
label_s == 0 336
label_s == 1 690
pred_s == 0 0
pred_s == 1 1026
label_s == 0 570
label_s == 1 456
pred_s == 0 0
pred_s == 1 1026
label_s == 0 430
label_s == 1 596
Epoch: 046, Valid Acc: 0.6272, Valid Prec: 0.6272, Valid Rec: 0.6272, Valid F1: 0.7661, Valid Roc: 0.0000, Valid Mcc: 0.0000, Training Time: 10.1441/epoch
pred_s == 0 125
pred_s == 1 901
label_s == 0 429
label_s == 1 597
pred_s == 0 66
pred_s == 1 960
label_s == 0 186
label_s == 1 840
pred_s == 0 66
pred_s == 1 960
label_s == 0 441
label_s == 1 585
pred_s == 0 58
pred_s == 1 968
label_s == 0 316
label_s == 1 710
pred_s == 0 72
pred_s == 1 954
label_s == 0 444
label_s == 1 582
pred_s == 0 42
pred_s == 1 984
label_s == 0 257
label_s == 1 769
pred_s == 0 37
pred_s == 1 989
label_s == 0 416
label_s == 1 610
pred_s == 0 61
pred_s == 1 965
label_s == 0 336
label_s == 1 690
pred_s == 0 58
pred_s == 1 968
label_s == 0 570
label_s == 1 456
pred_s == 0 64
pred_s == 1 962
label_s == 0 430
label_s == 1 596
Epoch: 047, Valid Acc: 0.6094, Valid Prec: 0.6094, Valid Rec: 0.6258, Valid F1: 0.7452, Valid Roc: 0.4927, Valid Mcc: -0.0098, Training Time: 10.1516/epoch
pred_s == 0 309
pred_s == 1 717
label_s == 0 429
label_s == 1 597
pred_s == 0 217
pred_s == 1 809
label_s == 0 186
label_s == 1 840
pred_s == 0 206
pred_s == 1 820
label_s == 0 441
label_s == 1 585
pred_s == 0 181
pred_s == 1 845
label_s == 0 316
label_s == 1 710
pred_s == 0 189
pred_s == 1 837
label_s == 0 444
label_s == 1 582
pred_s == 0 212
pred_s == 1 814
label_s == 0 257
label_s == 1 769
pred_s == 0 351
pred_s == 1 675
label_s == 0 416
label_s == 1 610
pred_s == 0 197
pred_s == 1 829
label_s == 0 336
label_s == 1 690
pred_s == 0 165
pred_s == 1 861
label_s == 0 570
label_s == 1 456
pred_s == 0 217
pred_s == 1 809
label_s == 0 430
label_s == 1 596
Epoch: 048, Valid Acc: 0.5648, Valid Prec: 0.5648, Valid Rec: 0.6222, Valid F1: 0.6858, Valid Roc: 0.4925, Valid Mcc: -0.0171, Training Time: 10.1456/epoch
pred_s == 0 239
pred_s == 1 787
label_s == 0 429
label_s == 1 597
pred_s == 0 157
pred_s == 1 869
label_s == 0 186
label_s == 1 840
pred_s == 0 123
pred_s == 1 903
label_s == 0 441
label_s == 1 585
pred_s == 0 112
pred_s == 1 914
label_s == 0 316
label_s == 1 710
pred_s == 0 142
pred_s == 1 884
label_s == 0 444
label_s == 1 582
pred_s == 0 88
pred_s == 1 938
label_s == 0 257
label_s == 1 769
pred_s == 0 71
pred_s == 1 955
label_s == 0 416
label_s == 1 610
pred_s == 0 135
pred_s == 1 891
label_s == 0 336
label_s == 1 690
pred_s == 0 101
pred_s == 1 925
label_s == 0 570
label_s == 1 456
pred_s == 0 143
pred_s == 1 883
label_s == 0 430
label_s == 1 596
Epoch: 049, Valid Acc: 0.5881, Valid Prec: 0.5881, Valid Rec: 0.6233, Valid F1: 0.7204, Valid Roc: 0.4868, Valid Mcc: -0.0204, Training Time: 10.1675/epoch
pred_s == 0 18
pred_s == 1 1008
label_s == 0 429
label_s == 1 597
pred_s == 0 9
pred_s == 1 1017
label_s == 0 186
label_s == 1 840
pred_s == 0 17
pred_s == 1 1009
label_s == 0 441
label_s == 1 585
pred_s == 0 24
pred_s == 1 1002
label_s == 0 316
label_s == 1 710
pred_s == 0 21
pred_s == 1 1005
label_s == 0 444
label_s == 1 582
pred_s == 0 64
pred_s == 1 962
label_s == 0 257
label_s == 1 769
pred_s == 0 79
pred_s == 1 947
label_s == 0 416
label_s == 1 610
pred_s == 0 11
pred_s == 1 1015
label_s == 0 336
label_s == 1 690
pred_s == 0 40
pred_s == 1 986
label_s == 0 570
label_s == 1 456
pred_s == 0 46
pred_s == 1 980
label_s == 0 430
label_s == 1 596
Epoch: 050, Valid Acc: 0.6156, Valid Prec: 0.6156, Valid Rec: 0.6250, Valid F1: 0.7540, Valid Roc: 0.4617, Valid Mcc: -0.0257, Training Time: 10.1508/epoch
pred_s == 0 322
pred_s == 1 704
label_s == 0 429
label_s == 1 597
pred_s == 0 193
pred_s == 1 833
label_s == 0 186
label_s == 1 840
pred_s == 0 176
pred_s == 1 850
label_s == 0 441
label_s == 1 585
pred_s == 0 132
pred_s == 1 894
label_s == 0 316
label_s == 1 710
pred_s == 0 178
pred_s == 1 848
label_s == 0 444
label_s == 1 582
pred_s == 0 269
pred_s == 1 757
label_s == 0 257
label_s == 1 769
pred_s == 0 357
pred_s == 1 669
label_s == 0 416
label_s == 1 610
pred_s == 0 219
pred_s == 1 807
label_s == 0 336
label_s == 1 690
pred_s == 0 49
pred_s == 1 977
label_s == 0 570
label_s == 1 456
pred_s == 0 215
pred_s == 1 811
label_s == 0 430
label_s == 1 596
Epoch: 051, Valid Acc: 0.5594, Valid Prec: 0.5594, Valid Rec: 0.6196, Valid F1: 0.6852, Valid Roc: 0.4855, Valid Mcc: -0.0288, Training Time: 10.1473/epoch
pred_s == 0 2
pred_s == 1 1024
label_s == 0 429
label_s == 1 597
pred_s == 0 0
pred_s == 1 1026
label_s == 0 186
label_s == 1 840
pred_s == 0 0
pred_s == 1 1026
label_s == 0 441
label_s == 1 585
pred_s == 0 0
pred_s == 1 1026
label_s == 0 316
label_s == 1 710
pred_s == 0 0
pred_s == 1 1026
label_s == 0 444
label_s == 1 582
pred_s == 0 0
pred_s == 1 1026
label_s == 0 257
label_s == 1 769
pred_s == 0 0
pred_s == 1 1026
label_s == 0 416
label_s == 1 610
pred_s == 0 0
pred_s == 1 1026
label_s == 0 336
label_s == 1 690
pred_s == 0 1
pred_s == 1 1025
label_s == 0 570
label_s == 1 456
pred_s == 0 1
pred_s == 1 1025
label_s == 0 430
label_s == 1 596
Epoch: 052, Valid Acc: 0.6272, Valid Prec: 0.6272, Valid Rec: 0.6272, Valid F1: 0.7660, Valid Roc: 0.1554, Valid Mcc: 0.0009, Training Time: 10.1640/epoch
pred_s == 0 359
pred_s == 1 667
label_s == 0 429
label_s == 1 597
pred_s == 0 280
pred_s == 1 746
label_s == 0 186
label_s == 1 840
pred_s == 0 270
pred_s == 1 756
label_s == 0 441
label_s == 1 585
pred_s == 0 270
pred_s == 1 756
label_s == 0 316
label_s == 1 710
pred_s == 0 280
pred_s == 1 746
label_s == 0 444
label_s == 1 582
pred_s == 0 244
pred_s == 1 782
label_s == 0 257
label_s == 1 769
pred_s == 0 219
pred_s == 1 807
label_s == 0 416
label_s == 1 610
pred_s == 0 278
pred_s == 1 748
label_s == 0 336
label_s == 1 690
pred_s == 0 257
pred_s == 1 769
label_s == 0 570
label_s == 1 456
pred_s == 0 283
pred_s == 1 743
label_s == 0 430
label_s == 1 596
Epoch: 053, Valid Acc: 0.5477, Valid Prec: 0.5477, Valid Rec: 0.6190, Valid F1: 0.6634, Valid Roc: 0.4843, Valid Mcc: -0.0310, Training Time: 10.1872/epoch
pred_s == 0 0
pred_s == 1 1026
label_s == 0 429
label_s == 1 597
pred_s == 0 0
pred_s == 1 1026
label_s == 0 186
label_s == 1 840
pred_s == 0 0
pred_s == 1 1026
label_s == 0 441
label_s == 1 585
pred_s == 0 0
pred_s == 1 1026
label_s == 0 316
label_s == 1 710
pred_s == 0 0
pred_s == 1 1026
label_s == 0 444
label_s == 1 582
pred_s == 0 0
pred_s == 1 1026
label_s == 0 257
label_s == 1 769
pred_s == 0 0
pred_s == 1 1026
label_s == 0 416
label_s == 1 610
pred_s == 0 0
pred_s == 1 1026
label_s == 0 336
label_s == 1 690
pred_s == 0 0
pred_s == 1 1026
label_s == 0 570
label_s == 1 456
pred_s == 0 0
pred_s == 1 1026
label_s == 0 430
label_s == 1 596
Epoch: 054, Valid Acc: 0.6272, Valid Prec: 0.6272, Valid Rec: 0.6272, Valid F1: 0.7661, Valid Roc: 0.0000, Valid Mcc: 0.0000, Training Time: 10.1837/epoch
pred_s == 0 361
pred_s == 1 665
label_s == 0 429
label_s == 1 597
pred_s == 0 288
pred_s == 1 738
label_s == 0 186
label_s == 1 840
pred_s == 0 260
pred_s == 1 766
label_s == 0 441
label_s == 1 585
pred_s == 0 271
pred_s == 1 755
label_s == 0 316
label_s == 1 710
pred_s == 0 272
pred_s == 1 754
label_s == 0 444
label_s == 1 582
pred_s == 0 247
pred_s == 1 779
label_s == 0 257
label_s == 1 769
pred_s == 0 249
pred_s == 1 777
label_s == 0 416
label_s == 1 610
pred_s == 0 269
pred_s == 1 757
label_s == 0 336
label_s == 1 690
pred_s == 0 263
pred_s == 1 763
label_s == 0 570
label_s == 1 456
pred_s == 0 294
pred_s == 1 732
label_s == 0 430
label_s == 1 596
Epoch: 055, Valid Acc: 0.5473, Valid Prec: 0.5473, Valid Rec: 0.6191, Valid F1: 0.6624, Valid Roc: 0.4855, Valid Mcc: -0.0297, Training Time: 10.1526/epoch
pred_s == 0 0
pred_s == 1 1026
label_s == 0 429
label_s == 1 597
pred_s == 0 0
pred_s == 1 1026
label_s == 0 186
label_s == 1 840
pred_s == 0 0
pred_s == 1 1026
label_s == 0 441
label_s == 1 585
pred_s == 0 0
pred_s == 1 1026
label_s == 0 316
label_s == 1 710
pred_s == 0 0
pred_s == 1 1026
label_s == 0 444
label_s == 1 582
pred_s == 0 0
pred_s == 1 1026
label_s == 0 257
label_s == 1 769
pred_s == 0 0
pred_s == 1 1026
label_s == 0 416
label_s == 1 610
pred_s == 0 0
pred_s == 1 1026
label_s == 0 336
label_s == 1 690
pred_s == 0 0
pred_s == 1 1026
label_s == 0 570
label_s == 1 456
pred_s == 0 0
pred_s == 1 1026
label_s == 0 430
label_s == 1 596
Epoch: 056, Valid Acc: 0.6272, Valid Prec: 0.6272, Valid Rec: 0.6272, Valid F1: 0.7661, Valid Roc: 0.0000, Valid Mcc: 0.0000, Training Time: 10.1510/epoch
pred_s == 0 328
pred_s == 1 698
label_s == 0 429
label_s == 1 597
pred_s == 0 253
pred_s == 1 773
label_s == 0 186
label_s == 1 840
pred_s == 0 240
pred_s == 1 786
label_s == 0 441
label_s == 1 585
pred_s == 0 237
pred_s == 1 789
label_s == 0 316
label_s == 1 710
pred_s == 0 244
pred_s == 1 782
label_s == 0 444
label_s == 1 582
pred_s == 0 227
pred_s == 1 799
label_s == 0 257
label_s == 1 769
pred_s == 0 232
pred_s == 1 794
label_s == 0 416
label_s == 1 610
pred_s == 0 236
pred_s == 1 790
label_s == 0 336
label_s == 1 690
pred_s == 0 237
pred_s == 1 789
label_s == 0 570
label_s == 1 456
pred_s == 0 254
pred_s == 1 772
label_s == 0 430
label_s == 1 596
Epoch: 057, Valid Acc: 0.5576, Valid Prec: 0.5576, Valid Rec: 0.6215, Valid F1: 0.6764, Valid Roc: 0.4884, Valid Mcc: -0.0234, Training Time: 10.1506/epoch
pred_s == 0 252
pred_s == 1 774
label_s == 0 429
label_s == 1 597
pred_s == 0 137
pred_s == 1 889
label_s == 0 186
label_s == 1 840
pred_s == 0 129
pred_s == 1 897
label_s == 0 441
label_s == 1 585
pred_s == 0 117
pred_s == 1 909
label_s == 0 316
label_s == 1 710
pred_s == 0 125
pred_s == 1 901
label_s == 0 444
label_s == 1 582
pred_s == 0 69
pred_s == 1 957
label_s == 0 257
label_s == 1 769
pred_s == 0 57
pred_s == 1 969
label_s == 0 416
label_s == 1 610
pred_s == 0 145
pred_s == 1 881
label_s == 0 336
label_s == 1 690
pred_s == 0 107
pred_s == 1 919
label_s == 0 570
label_s == 1 456
pred_s == 0 142
pred_s == 1 884
label_s == 0 430
label_s == 1 596
Epoch: 058, Valid Acc: 0.5870, Valid Prec: 0.5870, Valid Rec: 0.6217, Valid F1: 0.7197, Valid Roc: 0.4753, Valid Mcc: -0.0324, Training Time: 10.1314/epoch
pred_s == 0 0
pred_s == 1 1026
label_s == 0 429
label_s == 1 597
pred_s == 0 0
pred_s == 1 1026
label_s == 0 186
label_s == 1 840
pred_s == 0 0
pred_s == 1 1026
label_s == 0 441
label_s == 1 585
pred_s == 0 0
pred_s == 1 1026
label_s == 0 316
label_s == 1 710
pred_s == 0 0
pred_s == 1 1026
label_s == 0 444
label_s == 1 582
pred_s == 0 0
pred_s == 1 1026
label_s == 0 257
label_s == 1 769
pred_s == 0 2
pred_s == 1 1024
label_s == 0 416
label_s == 1 610
pred_s == 0 0
pred_s == 1 1026
label_s == 0 336
label_s == 1 690
pred_s == 0 0
pred_s == 1 1026
label_s == 0 570
label_s == 1 456
pred_s == 0 0
pred_s == 1 1026
label_s == 0 430
label_s == 1 596
Epoch: 059, Valid Acc: 0.6270, Valid Prec: 0.6270, Valid Rec: 0.6271, Valid F1: 0.7660, Valid Roc: 0.0297, Valid Mcc: -0.0036, Training Time: 10.1379/epoch
pred_s == 0 1
pred_s == 1 1025
label_s == 0 429
label_s == 1 597
pred_s == 0 0
pred_s == 1 1026
label_s == 0 186
label_s == 1 840
pred_s == 0 0
pred_s == 1 1026
label_s == 0 441
label_s == 1 585
pred_s == 0 0
pred_s == 1 1026
label_s == 0 316
label_s == 1 710
pred_s == 0 0
pred_s == 1 1026
label_s == 0 444
label_s == 1 582
pred_s == 0 0
pred_s == 1 1026
label_s == 0 257
label_s == 1 769
pred_s == 0 1
pred_s == 1 1025
label_s == 0 416
label_s == 1 610
pred_s == 0 0
pred_s == 1 1026
label_s == 0 336
label_s == 1 690
pred_s == 0 1
pred_s == 1 1025
label_s == 0 570
label_s == 1 456
pred_s == 0 0
pred_s == 1 1026
label_s == 0 430
label_s == 1 596
Epoch: 060, Valid Acc: 0.6269, Valid Prec: 0.6269, Valid Rec: 0.6271, Valid F1: 0.7659, Valid Roc: 0.0810, Valid Mcc: -0.0087, Training Time: 10.1813/epoch
pred_s == 0 0
pred_s == 1 1026
label_s == 0 429
label_s == 1 597
pred_s == 0 0
pred_s == 1 1026
label_s == 0 186
label_s == 1 840
pred_s == 0 0
pred_s == 1 1026
label_s == 0 441
label_s == 1 585
pred_s == 0 0
pred_s == 1 1026
label_s == 0 316
label_s == 1 710
pred_s == 0 0
pred_s == 1 1026
label_s == 0 444
label_s == 1 582
pred_s == 0 0
pred_s == 1 1026
label_s == 0 257
label_s == 1 769
pred_s == 0 0
pred_s == 1 1026
label_s == 0 416
label_s == 1 610
pred_s == 0 0
pred_s == 1 1026
label_s == 0 336
label_s == 1 690
pred_s == 0 0
pred_s == 1 1026
label_s == 0 570
label_s == 1 456
pred_s == 0 0
pred_s == 1 1026
label_s == 0 430
label_s == 1 596
Epoch: 061, Valid Acc: 0.6272, Valid Prec: 0.6272, Valid Rec: 0.6272, Valid F1: 0.7661, Valid Roc: 0.0000, Valid Mcc: 0.0000, Training Time: 10.1802/epoch
pred_s == 0 0
pred_s == 1 1026
label_s == 0 429
label_s == 1 597
pred_s == 0 0
pred_s == 1 1026
label_s == 0 186
label_s == 1 840
pred_s == 0 0
pred_s == 1 1026
label_s == 0 441
label_s == 1 585
pred_s == 0 0
pred_s == 1 1026
label_s == 0 316
label_s == 1 710
pred_s == 0 0
pred_s == 1 1026
label_s == 0 444
label_s == 1 582
pred_s == 0 0
pred_s == 1 1026
label_s == 0 257
label_s == 1 769
pred_s == 0 0
pred_s == 1 1026
label_s == 0 416
label_s == 1 610
pred_s == 0 0
pred_s == 1 1026
label_s == 0 336
label_s == 1 690
pred_s == 0 0
pred_s == 1 1026
label_s == 0 570
label_s == 1 456
pred_s == 0 0
pred_s == 1 1026
label_s == 0 430
label_s == 1 596
Epoch: 062, Valid Acc: 0.6272, Valid Prec: 0.6272, Valid Rec: 0.6272, Valid F1: 0.7661, Valid Roc: 0.0000, Valid Mcc: 0.0000, Training Time: 10.1106/epoch
pred_s == 0 280
pred_s == 1 746
label_s == 0 429
label_s == 1 597
pred_s == 0 208
pred_s == 1 818
label_s == 0 186
label_s == 1 840
pred_s == 0 182
pred_s == 1 844
label_s == 0 441
label_s == 1 585
pred_s == 0 180
pred_s == 1 846
label_s == 0 316
label_s == 1 710
pred_s == 0 188
pred_s == 1 838
label_s == 0 444
label_s == 1 582
pred_s == 0 190
pred_s == 1 836
label_s == 0 257
label_s == 1 769
pred_s == 0 217
pred_s == 1 809
label_s == 0 416
label_s == 1 610
pred_s == 0 179
pred_s == 1 847
label_s == 0 336
label_s == 1 690
pred_s == 0 197
pred_s == 1 829
label_s == 0 570
label_s == 1 456
pred_s == 0 191
pred_s == 1 835
label_s == 0 430
label_s == 1 596
Epoch: 063, Valid Acc: 0.5728, Valid Prec: 0.5728, Valid Rec: 0.6238, Valid F1: 0.6971, Valid Roc: 0.4926, Valid Mcc: -0.0152, Training Time: 10.1630/epoch
pred_s == 0 0
pred_s == 1 1026
label_s == 0 429
label_s == 1 597
pred_s == 0 0
pred_s == 1 1026
label_s == 0 186
label_s == 1 840
pred_s == 0 0
pred_s == 1 1026
label_s == 0 441
label_s == 1 585
pred_s == 0 0
pred_s == 1 1026
label_s == 0 316
label_s == 1 710
pred_s == 0 0
pred_s == 1 1026
label_s == 0 444
label_s == 1 582
pred_s == 0 0
pred_s == 1 1026
label_s == 0 257
label_s == 1 769
pred_s == 0 0
pred_s == 1 1026
label_s == 0 416
label_s == 1 610
pred_s == 0 0
pred_s == 1 1026
label_s == 0 336
label_s == 1 690
pred_s == 0 0
pred_s == 1 1026
label_s == 0 570
label_s == 1 456
pred_s == 0 0
pred_s == 1 1026
label_s == 0 430
label_s == 1 596
Epoch: 064, Valid Acc: 0.6272, Valid Prec: 0.6272, Valid Rec: 0.6272, Valid F1: 0.7661, Valid Roc: 0.0000, Valid Mcc: 0.0000, Training Time: 10.1583/epoch
pred_s == 0 216
pred_s == 1 810
label_s == 0 429
label_s == 1 597
pred_s == 0 156
pred_s == 1 870
label_s == 0 186
label_s == 1 840
pred_s == 0 148
pred_s == 1 878
label_s == 0 441
label_s == 1 585
pred_s == 0 157
pred_s == 1 869
label_s == 0 316
label_s == 1 710
pred_s == 0 184
pred_s == 1 842
label_s == 0 444
label_s == 1 582
pred_s == 0 158
pred_s == 1 868
label_s == 0 257
label_s == 1 769
pred_s == 0 171
pred_s == 1 855
label_s == 0 416
label_s == 1 610
pred_s == 0 143
pred_s == 1 883
label_s == 0 336
label_s == 1 690
pred_s == 0 163
pred_s == 1 863
label_s == 0 570
label_s == 1 456
pred_s == 0 149
pred_s == 1 877
label_s == 0 430
label_s == 1 596
Epoch: 065, Valid Acc: 0.5791, Valid Prec: 0.5791, Valid Rec: 0.6222, Valid F1: 0.7085, Valid Roc: 0.4844, Valid Mcc: -0.0257, Training Time: 10.1441/epoch
pred_s == 0 167
pred_s == 1 859
label_s == 0 429
label_s == 1 597
pred_s == 0 184
pred_s == 1 842
label_s == 0 186
label_s == 1 840
pred_s == 0 186
pred_s == 1 840
label_s == 0 441
label_s == 1 585
pred_s == 0 190
pred_s == 1 836
label_s == 0 316
label_s == 1 710
pred_s == 0 183
pred_s == 1 843
label_s == 0 444
label_s == 1 582
pred_s == 0 192
pred_s == 1 834
label_s == 0 257
label_s == 1 769
pred_s == 0 175
pred_s == 1 851
label_s == 0 416
label_s == 1 610
pred_s == 0 179
pred_s == 1 847
label_s == 0 336
label_s == 1 690
pred_s == 0 187
pred_s == 1 839
label_s == 0 570
label_s == 1 456
pred_s == 0 188
pred_s == 1 838
label_s == 0 430
label_s == 1 596
Epoch: 066, Valid Acc: 0.5772, Valid Prec: 0.5772, Valid Rec: 0.6246, Valid F1: 0.7041, Valid Roc: 0.4924, Valid Mcc: -0.0133, Training Time: 10.1301/epoch
pred_s == 0 0
pred_s == 1 1026
label_s == 0 429
label_s == 1 597
pred_s == 0 0
pred_s == 1 1026
label_s == 0 186
label_s == 1 840
pred_s == 0 0
pred_s == 1 1026
label_s == 0 441
label_s == 1 585
pred_s == 0 0
pred_s == 1 1026
label_s == 0 316
label_s == 1 710
pred_s == 0 0
pred_s == 1 1026
label_s == 0 444
label_s == 1 582
pred_s == 0 0
pred_s == 1 1026
label_s == 0 257
label_s == 1 769
pred_s == 0 0
pred_s == 1 1026
label_s == 0 416
label_s == 1 610
pred_s == 0 0
pred_s == 1 1026
label_s == 0 336
label_s == 1 690
pred_s == 0 0
pred_s == 1 1026
label_s == 0 570
label_s == 1 456
pred_s == 0 0
pred_s == 1 1026
label_s == 0 430
label_s == 1 596
Epoch: 067, Valid Acc: 0.6272, Valid Prec: 0.6272, Valid Rec: 0.6272, Valid F1: 0.7661, Valid Roc: 0.0000, Valid Mcc: 0.0000, Training Time: 10.1404/epoch
pred_s == 0 119
pred_s == 1 907
label_s == 0 429
label_s == 1 597
pred_s == 0 48
pred_s == 1 978
label_s == 0 186
label_s == 1 840
pred_s == 0 42
pred_s == 1 984
label_s == 0 441
label_s == 1 585
pred_s == 0 52
pred_s == 1 974
label_s == 0 316
label_s == 1 710
pred_s == 0 47
pred_s == 1 979
label_s == 0 444
label_s == 1 582
pred_s == 0 43
pred_s == 1 983
label_s == 0 257
label_s == 1 769
pred_s == 0 47
pred_s == 1 979
label_s == 0 416
label_s == 1 610
pred_s == 0 34
pred_s == 1 992
label_s == 0 336
label_s == 1 690
pred_s == 0 37
pred_s == 1 989
label_s == 0 570
label_s == 1 456
pred_s == 0 55
pred_s == 1 971
label_s == 0 430
label_s == 1 596
Epoch: 068, Valid Acc: 0.6106, Valid Prec: 0.6106, Valid Rec: 0.6251, Valid F1: 0.7481, Valid Roc: 0.4773, Valid Mcc: -0.0214, Training Time: 10.1658/epoch
pred_s == 0 194
pred_s == 1 832
label_s == 0 429
label_s == 1 597
pred_s == 0 91
pred_s == 1 935
label_s == 0 186
label_s == 1 840
pred_s == 0 78
pred_s == 1 948
label_s == 0 441
label_s == 1 585
pred_s == 0 85
pred_s == 1 941
label_s == 0 316
label_s == 1 710
pred_s == 0 88
pred_s == 1 938
label_s == 0 444
label_s == 1 582
pred_s == 0 112
pred_s == 1 914
label_s == 0 257
label_s == 1 769
pred_s == 0 113
pred_s == 1 913
label_s == 0 416
label_s == 1 610
pred_s == 0 103
pred_s == 1 923
label_s == 0 336
label_s == 1 690
pred_s == 0 110
pred_s == 1 916
label_s == 0 570
label_s == 1 456
pred_s == 0 118
pred_s == 1 908
label_s == 0 430
label_s == 1 596
Epoch: 069, Valid Acc: 0.5981, Valid Prec: 0.5981, Valid Rec: 0.6254, Valid F1: 0.7308, Valid Roc: 0.4905, Valid Mcc: -0.0129, Training Time: 10.1277/epoch
pred_s == 0 0
pred_s == 1 1026
label_s == 0 429
label_s == 1 597
pred_s == 0 0
pred_s == 1 1026
label_s == 0 186
label_s == 1 840
pred_s == 0 0
pred_s == 1 1026
label_s == 0 441
label_s == 1 585
pred_s == 0 0
pred_s == 1 1026
label_s == 0 316
label_s == 1 710
pred_s == 0 0
pred_s == 1 1026
label_s == 0 444
label_s == 1 582
pred_s == 0 0
pred_s == 1 1026
label_s == 0 257
label_s == 1 769
pred_s == 0 0
pred_s == 1 1026
label_s == 0 416
label_s == 1 610
pred_s == 0 0
pred_s == 1 1026
label_s == 0 336
label_s == 1 690
pred_s == 0 0
pred_s == 1 1026
label_s == 0 570
label_s == 1 456
pred_s == 0 0
pred_s == 1 1026
label_s == 0 430
label_s == 1 596
Epoch: 070, Valid Acc: 0.6272, Valid Prec: 0.6272, Valid Rec: 0.6272, Valid F1: 0.7661, Valid Roc: 0.0000, Valid Mcc: 0.0000, Training Time: 10.1535/epoch
pred_s == 0 0
pred_s == 1 1026
label_s == 0 429
label_s == 1 597
pred_s == 0 0
pred_s == 1 1026
label_s == 0 186
label_s == 1 840
pred_s == 0 0
pred_s == 1 1026
label_s == 0 441
label_s == 1 585
pred_s == 0 0
pred_s == 1 1026
label_s == 0 316
label_s == 1 710
pred_s == 0 0
pred_s == 1 1026
label_s == 0 444
label_s == 1 582
pred_s == 0 0
pred_s == 1 1026
label_s == 0 257
label_s == 1 769
pred_s == 0 0
pred_s == 1 1026
label_s == 0 416
label_s == 1 610
pred_s == 0 0
pred_s == 1 1026
label_s == 0 336
label_s == 1 690
pred_s == 0 0
pred_s == 1 1026
label_s == 0 570
label_s == 1 456
pred_s == 0 0
pred_s == 1 1026
label_s == 0 430
label_s == 1 596
Epoch: 071, Valid Acc: 0.6272, Valid Prec: 0.6272, Valid Rec: 0.6272, Valid F1: 0.7661, Valid Roc: 0.0000, Valid Mcc: 0.0000, Training Time: 10.1625/epoch
pred_s == 0 3
pred_s == 1 1023
label_s == 0 429
label_s == 1 597
pred_s == 0 0
pred_s == 1 1026
label_s == 0 186
label_s == 1 840
pred_s == 0 0
pred_s == 1 1026
label_s == 0 441
label_s == 1 585
pred_s == 0 0
pred_s == 1 1026
label_s == 0 316
label_s == 1 710
pred_s == 0 0
pred_s == 1 1026
label_s == 0 444
label_s == 1 582
pred_s == 0 0
pred_s == 1 1026
label_s == 0 257
label_s == 1 769
pred_s == 0 0
pred_s == 1 1026
label_s == 0 416
label_s == 1 610
pred_s == 0 0
pred_s == 1 1026
label_s == 0 336
label_s == 1 690
pred_s == 0 0
pred_s == 1 1026
label_s == 0 570
label_s == 1 456
pred_s == 0 0
pred_s == 1 1026
label_s == 0 430
label_s == 1 596
Epoch: 072, Valid Acc: 0.6269, Valid Prec: 0.6269, Valid Rec: 0.6271, Valid F1: 0.7659, Valid Roc: 0.0290, Valid Mcc: -0.0046, Training Time: 10.1486/epoch
pred_s == 0 0
pred_s == 1 1026
label_s == 0 429
label_s == 1 597
pred_s == 0 0
pred_s == 1 1026
label_s == 0 186
label_s == 1 840
pred_s == 0 0
pred_s == 1 1026
label_s == 0 441
label_s == 1 585
pred_s == 0 0
pred_s == 1 1026
label_s == 0 316
label_s == 1 710
pred_s == 0 0
pred_s == 1 1026
label_s == 0 444
label_s == 1 582
pred_s == 0 0
pred_s == 1 1026
label_s == 0 257
label_s == 1 769
pred_s == 0 0
pred_s == 1 1026
label_s == 0 416
label_s == 1 610
pred_s == 0 0
pred_s == 1 1026
label_s == 0 336
label_s == 1 690
pred_s == 0 0
pred_s == 1 1026
label_s == 0 570
label_s == 1 456
pred_s == 0 0
pred_s == 1 1026
label_s == 0 430
label_s == 1 596
Epoch: 073, Valid Acc: 0.6272, Valid Prec: 0.6272, Valid Rec: 0.6272, Valid F1: 0.7661, Valid Roc: 0.0000, Valid Mcc: 0.0000, Training Time: 10.2018/epoch
pred_s == 0 0
pred_s == 1 1026
label_s == 0 429
label_s == 1 597
pred_s == 0 0
pred_s == 1 1026
label_s == 0 186
label_s == 1 840
pred_s == 0 0
pred_s == 1 1026
label_s == 0 441
label_s == 1 585
pred_s == 0 0
pred_s == 1 1026
label_s == 0 316
label_s == 1 710
pred_s == 0 0
pred_s == 1 1026
label_s == 0 444
label_s == 1 582
pred_s == 0 0
pred_s == 1 1026
label_s == 0 257
label_s == 1 769
pred_s == 0 0
pred_s == 1 1026
label_s == 0 416
label_s == 1 610
pred_s == 0 0
pred_s == 1 1026
label_s == 0 336
label_s == 1 690
pred_s == 0 0
pred_s == 1 1026
label_s == 0 570
label_s == 1 456
pred_s == 0 0
pred_s == 1 1026
label_s == 0 430
label_s == 1 596
Epoch: 074, Valid Acc: 0.6272, Valid Prec: 0.6272, Valid Rec: 0.6272, Valid F1: 0.7661, Valid Roc: 0.0000, Valid Mcc: 0.0000, Training Time: 10.2086/epoch
pred_s == 0 336
pred_s == 1 690
label_s == 0 429
label_s == 1 597
pred_s == 0 361
pred_s == 1 665
label_s == 0 186
label_s == 1 840
pred_s == 0 377
pred_s == 1 649
label_s == 0 441
label_s == 1 585
pred_s == 0 372
pred_s == 1 654
label_s == 0 316
label_s == 1 710
pred_s == 0 364
pred_s == 1 662
label_s == 0 444
label_s == 1 582
pred_s == 0 359
pred_s == 1 667
label_s == 0 257
label_s == 1 769
pred_s == 0 350
pred_s == 1 676
label_s == 0 416
label_s == 1 610
pred_s == 0 367
pred_s == 1 659
label_s == 0 336
label_s == 1 690
pred_s == 0 343
pred_s == 1 683
label_s == 0 570
label_s == 1 456
pred_s == 0 339
pred_s == 1 687
label_s == 0 430
label_s == 1 596
Epoch: 075, Valid Acc: 0.5547, Valid Prec: 0.5547, Valid Rec: 0.6404, Valid F1: 0.6465, Valid Roc: 0.5186, Valid Mcc: 0.0407, Training Time: 10.2042/epoch
pred_s == 0 550
pred_s == 1 476
label_s == 0 429
label_s == 1 597
pred_s == 0 594
pred_s == 1 432
label_s == 0 186
label_s == 1 840
pred_s == 0 593
pred_s == 1 433
label_s == 0 441
label_s == 1 585
pred_s == 0 592
pred_s == 1 434
label_s == 0 316
label_s == 1 710
pred_s == 0 615
pred_s == 1 411
label_s == 0 444
label_s == 1 582
pred_s == 0 673
pred_s == 1 353
label_s == 0 257
label_s == 1 769
pred_s == 0 722
pred_s == 1 304
label_s == 0 416
label_s == 1 610
pred_s == 0 529
pred_s == 1 497
label_s == 0 336
label_s == 1 690
pred_s == 0 569
pred_s == 1 457
label_s == 0 570
label_s == 1 456
pred_s == 0 562
pred_s == 1 464
label_s == 0 430
label_s == 1 596
Epoch: 076, Valid Acc: 0.4899, Valid Prec: 0.4899, Valid Rec: 0.6437, Valid F1: 0.5048, Valid Roc: 0.5139, Valid Mcc: 0.0303, Training Time: 10.1663/epoch
pred_s == 0 0
pred_s == 1 1026
label_s == 0 429
label_s == 1 597
pred_s == 0 0
pred_s == 1 1026
label_s == 0 186
label_s == 1 840
pred_s == 0 0
pred_s == 1 1026
label_s == 0 441
label_s == 1 585
pred_s == 0 0
pred_s == 1 1026
label_s == 0 316
label_s == 1 710
pred_s == 0 0
pred_s == 1 1026
label_s == 0 444
label_s == 1 582
pred_s == 0 0
pred_s == 1 1026
label_s == 0 257
label_s == 1 769
pred_s == 0 2
pred_s == 1 1024
label_s == 0 416
label_s == 1 610
pred_s == 0 0
pred_s == 1 1026
label_s == 0 336
label_s == 1 690
pred_s == 0 0
pred_s == 1 1026
label_s == 0 570
label_s == 1 456
pred_s == 0 0
pred_s == 1 1026
label_s == 0 430
label_s == 1 596
Epoch: 077, Valid Acc: 0.6272, Valid Prec: 0.6272, Valid Rec: 0.6272, Valid F1: 0.7661, Valid Roc: 0.0547, Valid Mcc: 0.0009, Training Time: 10.1739/epoch
pred_s == 0 6
pred_s == 1 1020
label_s == 0 429
label_s == 1 597
pred_s == 0 3
pred_s == 1 1023
label_s == 0 186
label_s == 1 840
pred_s == 0 2
pred_s == 1 1024
label_s == 0 441
label_s == 1 585
pred_s == 0 2
pred_s == 1 1024
label_s == 0 316
label_s == 1 710
pred_s == 0 2
pred_s == 1 1024
label_s == 0 444
label_s == 1 582
pred_s == 0 3
pred_s == 1 1023
label_s == 0 257
label_s == 1 769
pred_s == 0 2
pred_s == 1 1024
label_s == 0 416
label_s == 1 610
pred_s == 0 1
pred_s == 1 1025
label_s == 0 336
label_s == 1 690
pred_s == 0 2
pred_s == 1 1024
label_s == 0 570
label_s == 1 456
pred_s == 0 3
pred_s == 1 1023
label_s == 0 430
label_s == 1 596
Epoch: 078, Valid Acc: 0.6264, Valid Prec: 0.6264, Valid Rec: 0.6271, Valid F1: 0.7653, Valid Roc: 0.4636, Valid Mcc: -0.0058, Training Time: 10.1455/epoch
pred_s == 0 2
pred_s == 1 1024
label_s == 0 429
label_s == 1 597
pred_s == 0 1
pred_s == 1 1025
label_s == 0 186
label_s == 1 840
pred_s == 0 0
pred_s == 1 1026
label_s == 0 441
label_s == 1 585
pred_s == 0 2
pred_s == 1 1024
label_s == 0 316
label_s == 1 710
pred_s == 0 0
pred_s == 1 1026
label_s == 0 444
label_s == 1 582
pred_s == 0 3
pred_s == 1 1023
label_s == 0 257
label_s == 1 769
pred_s == 0 3
pred_s == 1 1023
label_s == 0 416
label_s == 1 610
pred_s == 0 3
pred_s == 1 1023
label_s == 0 336
label_s == 1 690
pred_s == 0 1
pred_s == 1 1025
label_s == 0 570
label_s == 1 456
pred_s == 0 2
pred_s == 1 1024
label_s == 0 430
label_s == 1 596
Epoch: 079, Valid Acc: 0.6265, Valid Prec: 0.6265, Valid Rec: 0.6271, Valid F1: 0.7655, Valid Roc: 0.3817, Valid Mcc: -0.0048, Training Time: 10.1769/epoch
pred_s == 0 5
pred_s == 1 1021
label_s == 0 429
label_s == 1 597
pred_s == 0 5
pred_s == 1 1021
label_s == 0 186
label_s == 1 840
pred_s == 0 2
pred_s == 1 1024
label_s == 0 441
label_s == 1 585
pred_s == 0 4
pred_s == 1 1022
label_s == 0 316
label_s == 1 710
pred_s == 0 10
pred_s == 1 1016
label_s == 0 444
label_s == 1 582
pred_s == 0 7
pred_s == 1 1019
label_s == 0 257
label_s == 1 769
pred_s == 0 9
pred_s == 1 1017
label_s == 0 416
label_s == 1 610
pred_s == 0 3
pred_s == 1 1023
label_s == 0 336
label_s == 1 690
pred_s == 0 7
pred_s == 1 1019
label_s == 0 570
label_s == 1 456
pred_s == 0 6
pred_s == 1 1020
label_s == 0 430
label_s == 1 596
Epoch: 080, Valid Acc: 0.6262, Valid Prec: 0.6262, Valid Rec: 0.6274, Valid F1: 0.7647, Valid Roc: 0.5307, Valid Mcc: 0.0064, Training Time: 10.1669/epoch
pred_s == 0 240
pred_s == 1 786
label_s == 0 429
label_s == 1 597
pred_s == 0 83
pred_s == 1 943
label_s == 0 186
label_s == 1 840
pred_s == 0 109
pred_s == 1 917
label_s == 0 441
label_s == 1 585
pred_s == 0 117
pred_s == 1 909
label_s == 0 316
label_s == 1 710
pred_s == 0 113
pred_s == 1 913
label_s == 0 444
label_s == 1 582
pred_s == 0 52
pred_s == 1 974
label_s == 0 257
label_s == 1 769
pred_s == 0 53
pred_s == 1 973
label_s == 0 416
label_s == 1 610
pred_s == 0 206
pred_s == 1 820
label_s == 0 336
label_s == 1 690
pred_s == 0 71
pred_s == 1 955
label_s == 0 570
label_s == 1 456
pred_s == 0 119
pred_s == 1 907
label_s == 0 430
label_s == 1 596
Epoch: 081, Valid Acc: 0.5930, Valid Prec: 0.5930, Valid Rec: 0.6237, Valid F1: 0.7256, Valid Roc: 0.4798, Valid Mcc: -0.0256, Training Time: 10.1938/epoch
pred_s == 0 81
pred_s == 1 945
label_s == 0 429
label_s == 1 597
pred_s == 0 18
pred_s == 1 1008
label_s == 0 186
label_s == 1 840
pred_s == 0 19
pred_s == 1 1007
label_s == 0 441
label_s == 1 585
pred_s == 0 40
pred_s == 1 986
label_s == 0 316
label_s == 1 710
pred_s == 0 26
pred_s == 1 1000
label_s == 0 444
label_s == 1 582
pred_s == 0 13
pred_s == 1 1013
label_s == 0 257
label_s == 1 769
pred_s == 0 17
pred_s == 1 1009
label_s == 0 416
label_s == 1 610
pred_s == 0 71
pred_s == 1 955
label_s == 0 336
label_s == 1 690
pred_s == 0 14
pred_s == 1 1012
label_s == 0 570
label_s == 1 456
pred_s == 0 36
pred_s == 1 990
label_s == 0 430
label_s == 1 596
Epoch: 082, Valid Acc: 0.6189, Valid Prec: 0.6189, Valid Rec: 0.6272, Valid F1: 0.7562, Valid Roc: 0.4906, Valid Mcc: -0.0047, Training Time: 10.1523/epoch
pred_s == 0 3
pred_s == 1 1023
label_s == 0 429
label_s == 1 597
pred_s == 0 3
pred_s == 1 1023
label_s == 0 186
label_s == 1 840
pred_s == 0 5
pred_s == 1 1021
label_s == 0 441
label_s == 1 585
pred_s == 0 2
pred_s == 1 1024
label_s == 0 316
label_s == 1 710
pred_s == 0 6
pred_s == 1 1020
label_s == 0 444
label_s == 1 582
pred_s == 0 7
pred_s == 1 1019
label_s == 0 257
label_s == 1 769
pred_s == 0 5
pred_s == 1 1021
label_s == 0 416
label_s == 1 610
pred_s == 0 5
pred_s == 1 1021
label_s == 0 336
label_s == 1 690
pred_s == 0 5
pred_s == 1 1021
label_s == 0 570
label_s == 1 456
pred_s == 0 6
pred_s == 1 1020
label_s == 0 430
label_s == 1 596
Epoch: 083, Valid Acc: 0.6255, Valid Prec: 0.6255, Valid Rec: 0.6269, Valid F1: 0.7644, Valid Roc: 0.4511, Valid Mcc: -0.0109, Training Time: 10.1920/epoch
pred_s == 0 0
pred_s == 1 1026
label_s == 0 429
label_s == 1 597
pred_s == 0 0
pred_s == 1 1026
label_s == 0 186
label_s == 1 840
pred_s == 0 0
pred_s == 1 1026
label_s == 0 441
label_s == 1 585
pred_s == 0 0
pred_s == 1 1026
label_s == 0 316
label_s == 1 710
pred_s == 0 0
pred_s == 1 1026
label_s == 0 444
label_s == 1 582
pred_s == 0 0
pred_s == 1 1026
label_s == 0 257
label_s == 1 769
pred_s == 0 0
pred_s == 1 1026
label_s == 0 416
label_s == 1 610
pred_s == 0 0
pred_s == 1 1026
label_s == 0 336
label_s == 1 690
pred_s == 0 0
pred_s == 1 1026
label_s == 0 570
label_s == 1 456
pred_s == 0 0
pred_s == 1 1026
label_s == 0 430
label_s == 1 596
Epoch: 084, Valid Acc: 0.6272, Valid Prec: 0.6272, Valid Rec: 0.6272, Valid F1: 0.7661, Valid Roc: 0.0000, Valid Mcc: 0.0000, Training Time: 10.1525/epoch
pred_s == 0 37
pred_s == 1 989
label_s == 0 429
label_s == 1 597
pred_s == 0 10
pred_s == 1 1016
label_s == 0 186
label_s == 1 840
pred_s == 0 9
pred_s == 1 1017
label_s == 0 441
label_s == 1 585
pred_s == 0 8
pred_s == 1 1018
label_s == 0 316
label_s == 1 710
pred_s == 0 12
pred_s == 1 1014
label_s == 0 444
label_s == 1 582
pred_s == 0 6
pred_s == 1 1020
label_s == 0 257
label_s == 1 769
pred_s == 0 19
pred_s == 1 1007
label_s == 0 416
label_s == 1 610
pred_s == 0 32
pred_s == 1 994
label_s == 0 336
label_s == 1 690
pred_s == 0 18
pred_s == 1 1008
label_s == 0 570
label_s == 1 456
pred_s == 0 19
pred_s == 1 1007
label_s == 0 430
label_s == 1 596
Epoch: 085, Valid Acc: 0.6250, Valid Prec: 0.6250, Valid Rec: 0.6279, Valid F1: 0.7622, Valid Roc: 0.5205, Valid Mcc: 0.0115, Training Time: 10.1875/epoch
pred_s == 0 307
pred_s == 1 719
label_s == 0 429
label_s == 1 597
pred_s == 0 158
pred_s == 1 868
label_s == 0 186
label_s == 1 840
pred_s == 0 165
pred_s == 1 861
label_s == 0 441
label_s == 1 585
pred_s == 0 157
pred_s == 1 869
label_s == 0 316
label_s == 1 710
pred_s == 0 176
pred_s == 1 850
label_s == 0 444
label_s == 1 582
pred_s == 0 162
pred_s == 1 864
label_s == 0 257
label_s == 1 769
pred_s == 0 190
pred_s == 1 836
label_s == 0 416
label_s == 1 610
pred_s == 0 206
pred_s == 1 820
label_s == 0 336
label_s == 1 690
pred_s == 0 181
pred_s == 1 845
label_s == 0 570
label_s == 1 456
pred_s == 0 193
pred_s == 1 833
label_s == 0 430
label_s == 1 596
Epoch: 086, Valid Acc: 0.5782, Valid Prec: 0.5782, Valid Rec: 0.6245, Valid F1: 0.7023, Valid Roc: 0.4919, Valid Mcc: -0.0145, Training Time: 10.2036/epoch
pred_s == 0 36
pred_s == 1 990
label_s == 0 429
label_s == 1 597
pred_s == 0 42
pred_s == 1 984
label_s == 0 186
label_s == 1 840
pred_s == 0 26
pred_s == 1 1000
label_s == 0 441
label_s == 1 585
pred_s == 0 23
pred_s == 1 1003
label_s == 0 316
label_s == 1 710
pred_s == 0 23
pred_s == 1 1003
label_s == 0 444
label_s == 1 582
pred_s == 0 54
pred_s == 1 972
label_s == 0 257
label_s == 1 769
pred_s == 0 33
pred_s == 1 993
label_s == 0 416
label_s == 1 610
pred_s == 0 18
pred_s == 1 1008
label_s == 0 336
label_s == 1 690
pred_s == 0 31
pred_s == 1 995
label_s == 0 570
label_s == 1 456
pred_s == 0 36
pred_s == 1 990
label_s == 0 430
label_s == 1 596
Epoch: 087, Valid Acc: 0.6143, Valid Prec: 0.6143, Valid Rec: 0.6251, Valid F1: 0.7539, Valid Roc: 0.4717, Valid Mcc: -0.0239, Training Time: 10.1600/epoch
pred_s == 0 13
pred_s == 1 1013
label_s == 0 429
label_s == 1 597
pred_s == 0 4
pred_s == 1 1022
label_s == 0 186
label_s == 1 840
pred_s == 0 9
pred_s == 1 1017
label_s == 0 441
label_s == 1 585
pred_s == 0 16
pred_s == 1 1010
label_s == 0 316
label_s == 1 710
pred_s == 0 10
pred_s == 1 1016
label_s == 0 444
label_s == 1 582
pred_s == 0 14
pred_s == 1 1012
label_s == 0 257
label_s == 1 769
pred_s == 0 17
pred_s == 1 1009
label_s == 0 416
label_s == 1 610
pred_s == 0 11
pred_s == 1 1015
label_s == 0 336
label_s == 1 690
pred_s == 0 15
pred_s == 1 1011
label_s == 0 570
label_s == 1 456
pred_s == 0 15
pred_s == 1 1011
label_s == 0 430
label_s == 1 596
Epoch: 088, Valid Acc: 0.6239, Valid Prec: 0.6239, Valid Rec: 0.6269, Valid F1: 0.7623, Valid Roc: 0.4806, Valid Mcc: -0.0078, Training Time: 10.1753/epoch
pred_s == 0 242
pred_s == 1 784
label_s == 0 429
label_s == 1 597
pred_s == 0 167
pred_s == 1 859
label_s == 0 186
label_s == 1 840
pred_s == 0 161
pred_s == 1 865
label_s == 0 441
label_s == 1 585
pred_s == 0 139
pred_s == 1 887
label_s == 0 316
label_s == 1 710
pred_s == 0 168
pred_s == 1 858
label_s == 0 444
label_s == 1 582
pred_s == 0 160
pred_s == 1 866
label_s == 0 257
label_s == 1 769
pred_s == 0 167
pred_s == 1 859
label_s == 0 416
label_s == 1 610
pred_s == 0 191
pred_s == 1 835
label_s == 0 336
label_s == 1 690
pred_s == 0 156
pred_s == 1 870
label_s == 0 570
label_s == 1 456
pred_s == 0 193
pred_s == 1 833
label_s == 0 430
label_s == 1 596
Epoch: 089, Valid Acc: 0.5785, Valid Prec: 0.5785, Valid Rec: 0.6234, Valid F1: 0.7062, Valid Roc: 0.4886, Valid Mcc: -0.0204, Training Time: 10.1664/epoch
pred_s == 0 0
pred_s == 1 1026
label_s == 0 429
label_s == 1 597
pred_s == 0 0
pred_s == 1 1026
label_s == 0 186
label_s == 1 840
pred_s == 0 0
pred_s == 1 1026
label_s == 0 441
label_s == 1 585
pred_s == 0 0
pred_s == 1 1026
label_s == 0 316
label_s == 1 710
pred_s == 0 0
pred_s == 1 1026
label_s == 0 444
label_s == 1 582
pred_s == 0 0
pred_s == 1 1026
label_s == 0 257
label_s == 1 769
pred_s == 0 0
pred_s == 1 1026
label_s == 0 416
label_s == 1 610
pred_s == 0 0
pred_s == 1 1026
label_s == 0 336
label_s == 1 690
pred_s == 0 0
pred_s == 1 1026
label_s == 0 570
label_s == 1 456
pred_s == 0 0
pred_s == 1 1026
label_s == 0 430
label_s == 1 596
Epoch: 090, Valid Acc: 0.6272, Valid Prec: 0.6272, Valid Rec: 0.6272, Valid F1: 0.7661, Valid Roc: 0.0000, Valid Mcc: 0.0000, Training Time: 10.1460/epoch
pred_s == 0 8
pred_s == 1 1018
label_s == 0 429
label_s == 1 597
pred_s == 0 9
pred_s == 1 1017
label_s == 0 186
label_s == 1 840
pred_s == 0 9
pred_s == 1 1017
label_s == 0 441
label_s == 1 585
pred_s == 0 10
pred_s == 1 1016
label_s == 0 316
label_s == 1 710
pred_s == 0 6
pred_s == 1 1020
label_s == 0 444
label_s == 1 582
pred_s == 0 10
pred_s == 1 1016
label_s == 0 257
label_s == 1 769
pred_s == 0 7
pred_s == 1 1019
label_s == 0 416
label_s == 1 610
pred_s == 0 5
pred_s == 1 1021
label_s == 0 336
label_s == 1 690
pred_s == 0 6
pred_s == 1 1020
label_s == 0 570
label_s == 1 456
pred_s == 0 6
pred_s == 1 1020
label_s == 0 430
label_s == 1 596
Epoch: 091, Valid Acc: 0.6247, Valid Prec: 0.6247, Valid Rec: 0.6270, Valid F1: 0.7636, Valid Roc: 0.4894, Valid Mcc: -0.0054, Training Time: 10.1630/epoch
pred_s == 0 161
pred_s == 1 865
label_s == 0 429
label_s == 1 597
pred_s == 0 48
pred_s == 1 978
label_s == 0 186
label_s == 1 840
pred_s == 0 59
pred_s == 1 967
label_s == 0 441
label_s == 1 585
pred_s == 0 41
pred_s == 1 985
label_s == 0 316
label_s == 1 710
pred_s == 0 62
pred_s == 1 964
label_s == 0 444
label_s == 1 582
pred_s == 0 30
pred_s == 1 996
label_s == 0 257
label_s == 1 769
pred_s == 0 61
pred_s == 1 965
label_s == 0 416
label_s == 1 610
pred_s == 0 118
pred_s == 1 908
label_s == 0 336
label_s == 1 690
pred_s == 0 39
pred_s == 1 987
label_s == 0 570
label_s == 1 456
pred_s == 0 76
pred_s == 1 950
label_s == 0 430
label_s == 1 596
Epoch: 092, Valid Acc: 0.6066, Valid Prec: 0.6066, Valid Rec: 0.6246, Valid F1: 0.7423, Valid Roc: 0.4878, Valid Mcc: -0.0159, Training Time: 10.1977/epoch
pred_s == 0 327
pred_s == 1 699
label_s == 0 429
label_s == 1 597
pred_s == 0 159
pred_s == 1 867
label_s == 0 186
label_s == 1 840
pred_s == 0 182
pred_s == 1 844
label_s == 0 441
label_s == 1 585
pred_s == 0 156
pred_s == 1 870
label_s == 0 316
label_s == 1 710
pred_s == 0 197
pred_s == 1 829
label_s == 0 444
label_s == 1 582
pred_s == 0 163
pred_s == 1 863
label_s == 0 257
label_s == 1 769
pred_s == 0 217
pred_s == 1 809
label_s == 0 416
label_s == 1 610
pred_s == 0 251
pred_s == 1 775
label_s == 0 336
label_s == 1 690
pred_s == 0 192
pred_s == 1 834
label_s == 0 570
label_s == 1 456
pred_s == 0 231
pred_s == 1 795
label_s == 0 430
label_s == 1 596
Epoch: 093, Valid Acc: 0.5733, Valid Prec: 0.5733, Valid Rec: 0.6235, Valid F1: 0.6948, Valid Roc: 0.4895, Valid Mcc: -0.0187, Training Time: 10.1640/epoch
pred_s == 0 0
pred_s == 1 1026
label_s == 0 429
label_s == 1 597
pred_s == 0 0
pred_s == 1 1026
label_s == 0 186
label_s == 1 840
pred_s == 0 0
pred_s == 1 1026
label_s == 0 441
label_s == 1 585
pred_s == 0 0
pred_s == 1 1026
label_s == 0 316
label_s == 1 710
pred_s == 0 0
pred_s == 1 1026
label_s == 0 444
label_s == 1 582
pred_s == 0 0
pred_s == 1 1026
label_s == 0 257
label_s == 1 769
pred_s == 0 0
pred_s == 1 1026
label_s == 0 416
label_s == 1 610
pred_s == 0 0
pred_s == 1 1026
label_s == 0 336
label_s == 1 690
pred_s == 0 0
pred_s == 1 1026
label_s == 0 570
label_s == 1 456
pred_s == 0 0
pred_s == 1 1026
label_s == 0 430
label_s == 1 596
Epoch: 094, Valid Acc: 0.6272, Valid Prec: 0.6272, Valid Rec: 0.6272, Valid F1: 0.7661, Valid Roc: 0.0000, Valid Mcc: 0.0000, Training Time: 10.1562/epoch
pred_s == 0 2
pred_s == 1 1024
label_s == 0 429
label_s == 1 597
pred_s == 0 0
pred_s == 1 1026
label_s == 0 186
label_s == 1 840
pred_s == 0 1
pred_s == 1 1025
label_s == 0 441
label_s == 1 585
pred_s == 0 0
pred_s == 1 1026
label_s == 0 316
label_s == 1 710
pred_s == 0 2
pred_s == 1 1024
label_s == 0 444
label_s == 1 582
pred_s == 0 0
pred_s == 1 1026
label_s == 0 257
label_s == 1 769
pred_s == 0 0
pred_s == 1 1026
label_s == 0 416
label_s == 1 610
pred_s == 0 0
pred_s == 1 1026
label_s == 0 336
label_s == 1 690
pred_s == 0 3
pred_s == 1 1023
label_s == 0 570
label_s == 1 456
pred_s == 0 0
pred_s == 1 1026
label_s == 0 430
label_s == 1 596
Epoch: 095, Valid Acc: 0.6270, Valid Prec: 0.6270, Valid Rec: 0.6271, Valid F1: 0.7658, Valid Roc: 0.1748, Valid Mcc: -0.0038, Training Time: 10.1980/epoch
pred_s == 0 6
pred_s == 1 1020
label_s == 0 429
label_s == 1 597
pred_s == 0 5
pred_s == 1 1021
label_s == 0 186
label_s == 1 840
pred_s == 0 5
pred_s == 1 1021
label_s == 0 441
label_s == 1 585
pred_s == 0 4
pred_s == 1 1022
label_s == 0 316
label_s == 1 710
pred_s == 0 3
pred_s == 1 1023
label_s == 0 444
label_s == 1 582
pred_s == 0 2
pred_s == 1 1024
label_s == 0 257
label_s == 1 769
pred_s == 0 9
pred_s == 1 1017
label_s == 0 416
label_s == 1 610
pred_s == 0 14
pred_s == 1 1012
label_s == 0 336
label_s == 1 690
pred_s == 0 3
pred_s == 1 1023
label_s == 0 570
label_s == 1 456
pred_s == 0 3
pred_s == 1 1023
label_s == 0 430
label_s == 1 596
Epoch: 096, Valid Acc: 0.6250, Valid Prec: 0.6250, Valid Rec: 0.6268, Valid F1: 0.7641, Valid Roc: 0.4861, Valid Mcc: -0.0080, Training Time: 10.1641/epoch
pred_s == 0 255
pred_s == 1 771
label_s == 0 429
label_s == 1 597
pred_s == 0 204
pred_s == 1 822
label_s == 0 186
label_s == 1 840
pred_s == 0 203
pred_s == 1 823
label_s == 0 441
label_s == 1 585
pred_s == 0 180
pred_s == 1 846
label_s == 0 316
label_s == 1 710
pred_s == 0 203
pred_s == 1 823
label_s == 0 444
label_s == 1 582
pred_s == 0 179
pred_s == 1 847
label_s == 0 257
label_s == 1 769
pred_s == 0 196
pred_s == 1 830
label_s == 0 416
label_s == 1 610
pred_s == 0 220
pred_s == 1 806
label_s == 0 336
label_s == 1 690
pred_s == 0 170
pred_s == 1 856
label_s == 0 570
label_s == 1 456
pred_s == 0 196
pred_s == 1 830
label_s == 0 430
label_s == 1 596
Epoch: 097, Valid Acc: 0.5679, Valid Prec: 0.5679, Valid Rec: 0.6213, Valid F1: 0.6940, Valid Roc: 0.4857, Valid Mcc: -0.0258, Training Time: 10.1848/epoch
pred_s == 0 0
pred_s == 1 1026
label_s == 0 429
label_s == 1 597
pred_s == 0 0
pred_s == 1 1026
label_s == 0 186
label_s == 1 840
pred_s == 0 0
pred_s == 1 1026
label_s == 0 441
label_s == 1 585
pred_s == 0 0
pred_s == 1 1026
label_s == 0 316
label_s == 1 710
pred_s == 0 0
pred_s == 1 1026
label_s == 0 444
label_s == 1 582
pred_s == 0 0
pred_s == 1 1026
label_s == 0 257
label_s == 1 769
pred_s == 0 0
pred_s == 1 1026
label_s == 0 416
label_s == 1 610
pred_s == 0 0
pred_s == 1 1026
label_s == 0 336
label_s == 1 690
pred_s == 0 0
pred_s == 1 1026
label_s == 0 570
label_s == 1 456
pred_s == 0 0
pred_s == 1 1026
label_s == 0 430
label_s == 1 596
Epoch: 098, Valid Acc: 0.6272, Valid Prec: 0.6272, Valid Rec: 0.6272, Valid F1: 0.7661, Valid Roc: 0.0000, Valid Mcc: 0.0000, Training Time: 10.1915/epoch
pred_s == 0 20
pred_s == 1 1006
label_s == 0 429
label_s == 1 597
pred_s == 0 10
pred_s == 1 1016
label_s == 0 186
label_s == 1 840
pred_s == 0 16
pred_s == 1 1010
label_s == 0 441
label_s == 1 585
pred_s == 0 13
pred_s == 1 1013
label_s == 0 316
label_s == 1 710
pred_s == 0 7
pred_s == 1 1019
label_s == 0 444
label_s == 1 582
pred_s == 0 17
pred_s == 1 1009
label_s == 0 257
label_s == 1 769
pred_s == 0 10
pred_s == 1 1016
label_s == 0 416
label_s == 1 610
pred_s == 0 6
pred_s == 1 1020
label_s == 0 336
label_s == 1 690
pred_s == 0 10
pred_s == 1 1016
label_s == 0 570
label_s == 1 456
pred_s == 0 13
pred_s == 1 1013
label_s == 0 430
label_s == 1 596
Epoch: 099, Valid Acc: 0.6239, Valid Prec: 0.6239, Valid Rec: 0.6271, Valid F1: 0.7625, Valid Roc: 0.5111, Valid Mcc: 0.0002, Training Time: 10.1687/epoch
Training finished
The best mcc on best model is 0.0428
pred_s == 0 347
pred_s == 1 679
label_s == 0 342
label_s == 1 684
pred_s == 0 346
pred_s == 1 680
label_s == 0 488
label_s == 1 538
pred_s == 0 306
pred_s == 1 720
label_s == 0 403
label_s == 1 623
pred_s == 0 311
pred_s == 1 715
label_s == 0 551
label_s == 1 475
pred_s == 0 317
pred_s == 1 709
label_s == 0 607
label_s == 1 419
pred_s == 0 335
pred_s == 1 691
label_s == 0 295
label_s == 1 731
pred_s == 0 317
pred_s == 1 709
label_s == 0 635
label_s == 1 391
pred_s == 0 256
pred_s == 1 770
label_s == 0 756
label_s == 1 270
pred_s == 0 266
pred_s == 1 760
label_s == 0 481
label_s == 1 545
pred_s == 0 285
pred_s == 1 741
label_s == 0 445
label_s == 1 581
pred_s == 0 294
pred_s == 1 732
label_s == 0 223
label_s == 1 803
pred_s == 0 262
pred_s == 1 764
label_s == 0 513
label_s == 1 513
pred_s == 0 263
pred_s == 1 763
label_s == 0 455
label_s == 1 571
pred_s == 0 257
pred_s == 1 769
label_s == 0 737
label_s == 1 289
pred_s == 0 259
pred_s == 1 767
label_s == 0 709
label_s == 1 317
pred_s == 0 259
pred_s == 1 767
label_s == 0 364
label_s == 1 662
pred_s == 0 272
pred_s == 1 754
label_s == 0 605
label_s == 1 421
pred_s == 0 262
pred_s == 1 764
label_s == 0 408
label_s == 1 618
pred_s == 0 250
pred_s == 1 776
label_s == 0 490
label_s == 1 536
pred_s == 0 260
pred_s == 1 766
label_s == 0 639
label_s == 1 387
pred_s == 0 269
pred_s == 1 757
label_s == 0 889
label_s == 1 137
pred_s == 0 276
pred_s == 1 750
label_s == 0 547
label_s == 1 479
pred_s == 0 273
pred_s == 1 753
label_s == 0 759
label_s == 1 267
pred_s == 0 271
pred_s == 1 755
label_s == 0 209
label_s == 1 817
pred_s == 0 266
pred_s == 1 760
label_s == 0 756
label_s == 1 270
pred_s == 0 248
pred_s == 1 778
label_s == 0 161
label_s == 1 865
Results on best model -- test Acc: 0.4876, test Prec: 0.4876, test Rec: 0.4896, test F1: 0.5565, test Roc: 0.4900, test Mcc: -0.0173
Training finished
____________________________________________________________________________________________________
___________________________________________________________________________________
Tempo total (segundos): 1231
