start loading edge pairs
nparam_classifier: 4082 nparam_cl: 199713
nparam: 265895
Start training...
pred_s == 0 227
pred_s == 1 799
label_s == 0 429
label_s == 1 597
pred_s == 0 202
pred_s == 1 824
label_s == 0 186
label_s == 1 840
pred_s == 0 198
pred_s == 1 828
label_s == 0 441
label_s == 1 585
pred_s == 0 186
pred_s == 1 840
label_s == 0 316
label_s == 1 710
pred_s == 0 204
pred_s == 1 822
label_s == 0 444
label_s == 1 582
pred_s == 0 187
pred_s == 1 839
label_s == 0 257
label_s == 1 769
pred_s == 0 203
pred_s == 1 823
label_s == 0 416
label_s == 1 610
pred_s == 0 201
pred_s == 1 825
label_s == 0 336
label_s == 1 690
pred_s == 0 170
pred_s == 1 856
label_s == 0 570
label_s == 1 456
pred_s == 0 194
pred_s == 1 832
label_s == 0 430
label_s == 1 596
Epoch: 000, Valid Acc: 0.5722, Valid Prec: 0.5722, Valid Rec: 0.6236, Valid F1: 0.6977, Valid Roc: 0.4919, Valid Mcc: -0.0151, Training Time: 15.6040/epoch
pred_s == 0 3
pred_s == 1 1023
label_s == 0 429
label_s == 1 597
pred_s == 0 0
pred_s == 1 1026
label_s == 0 186
label_s == 1 840
pred_s == 0 0
pred_s == 1 1026
label_s == 0 441
label_s == 1 585
pred_s == 0 0
pred_s == 1 1026
label_s == 0 316
label_s == 1 710
pred_s == 0 0
pred_s == 1 1026
label_s == 0 444
label_s == 1 582
pred_s == 0 0
pred_s == 1 1026
label_s == 0 257
label_s == 1 769
pred_s == 0 4
pred_s == 1 1022
label_s == 0 416
label_s == 1 610
pred_s == 0 1
pred_s == 1 1025
label_s == 0 336
label_s == 1 690
pred_s == 0 0
pred_s == 1 1026
label_s == 0 570
label_s == 1 456
pred_s == 0 1
pred_s == 1 1025
label_s == 0 430
label_s == 1 596
Epoch: 001, Valid Acc: 0.6267, Valid Prec: 0.6267, Valid Rec: 0.6270, Valid F1: 0.7657, Valid Roc: 0.1881, Valid Mcc: -0.0046, Training Time: 11.5005/epoch
pred_s == 0 0
pred_s == 1 1026
label_s == 0 429
label_s == 1 597
pred_s == 0 0
pred_s == 1 1026
label_s == 0 186
label_s == 1 840
pred_s == 0 0
pred_s == 1 1026
label_s == 0 441
label_s == 1 585
pred_s == 0 0
pred_s == 1 1026
label_s == 0 316
label_s == 1 710
pred_s == 0 0
pred_s == 1 1026
label_s == 0 444
label_s == 1 582
pred_s == 0 0
pred_s == 1 1026
label_s == 0 257
label_s == 1 769
pred_s == 0 0
pred_s == 1 1026
label_s == 0 416
label_s == 1 610
pred_s == 0 0
pred_s == 1 1026
label_s == 0 336
label_s == 1 690
pred_s == 0 0
pred_s == 1 1026
label_s == 0 570
label_s == 1 456
pred_s == 0 0
pred_s == 1 1026
label_s == 0 430
label_s == 1 596
Epoch: 002, Valid Acc: 0.6272, Valid Prec: 0.6272, Valid Rec: 0.6272, Valid F1: 0.7661, Valid Roc: 0.0000, Valid Mcc: 0.0000, Training Time: 11.4986/epoch
pred_s == 0 13
pred_s == 1 1013
label_s == 0 429
label_s == 1 597
pred_s == 0 4
pred_s == 1 1022
label_s == 0 186
label_s == 1 840
pred_s == 0 2
pred_s == 1 1024
label_s == 0 441
label_s == 1 585
pred_s == 0 6
pred_s == 1 1020
label_s == 0 316
label_s == 1 710
pred_s == 0 11
pred_s == 1 1015
label_s == 0 444
label_s == 1 582
pred_s == 0 30
pred_s == 1 996
label_s == 0 257
label_s == 1 769
pred_s == 0 111
pred_s == 1 915
label_s == 0 416
label_s == 1 610
pred_s == 0 44
pred_s == 1 982
label_s == 0 336
label_s == 1 690
pred_s == 0 45
pred_s == 1 981
label_s == 0 570
label_s == 1 456
pred_s == 0 52
pred_s == 1 974
label_s == 0 430
label_s == 1 596
Epoch: 003, Valid Acc: 0.6190, Valid Prec: 0.6190, Valid Rec: 0.6261, Valid F1: 0.7559, Valid Roc: 0.4631, Valid Mcc: -0.0136, Training Time: 11.5294/epoch
pred_s == 0 0
pred_s == 1 1026
label_s == 0 429
label_s == 1 597
pred_s == 0 0
pred_s == 1 1026
label_s == 0 186
label_s == 1 840
pred_s == 0 0
pred_s == 1 1026
label_s == 0 441
label_s == 1 585
pred_s == 0 0
pred_s == 1 1026
label_s == 0 316
label_s == 1 710
pred_s == 0 0
pred_s == 1 1026
label_s == 0 444
label_s == 1 582
pred_s == 0 0
pred_s == 1 1026
label_s == 0 257
label_s == 1 769
pred_s == 0 0
pred_s == 1 1026
label_s == 0 416
label_s == 1 610
pred_s == 0 0
pred_s == 1 1026
label_s == 0 336
label_s == 1 690
pred_s == 0 0
pred_s == 1 1026
label_s == 0 570
label_s == 1 456
pred_s == 0 0
pred_s == 1 1026
label_s == 0 430
label_s == 1 596
Epoch: 004, Valid Acc: 0.6272, Valid Prec: 0.6272, Valid Rec: 0.6272, Valid F1: 0.7661, Valid Roc: 0.0000, Valid Mcc: 0.0000, Training Time: 11.6278/epoch
pred_s == 0 0
pred_s == 1 1026
label_s == 0 429
label_s == 1 597
pred_s == 0 0
pred_s == 1 1026
label_s == 0 186
label_s == 1 840
pred_s == 0 0
pred_s == 1 1026
label_s == 0 441
label_s == 1 585
pred_s == 0 0
pred_s == 1 1026
label_s == 0 316
label_s == 1 710
pred_s == 0 0
pred_s == 1 1026
label_s == 0 444
label_s == 1 582
pred_s == 0 0
pred_s == 1 1026
label_s == 0 257
label_s == 1 769
pred_s == 0 0
pred_s == 1 1026
label_s == 0 416
label_s == 1 610
pred_s == 0 0
pred_s == 1 1026
label_s == 0 336
label_s == 1 690
pred_s == 0 0
pred_s == 1 1026
label_s == 0 570
label_s == 1 456
pred_s == 0 0
pred_s == 1 1026
label_s == 0 430
label_s == 1 596
Epoch: 005, Valid Acc: 0.6272, Valid Prec: 0.6272, Valid Rec: 0.6272, Valid F1: 0.7661, Valid Roc: 0.0000, Valid Mcc: 0.0000, Training Time: 11.5644/epoch
pred_s == 0 0
pred_s == 1 1026
label_s == 0 429
label_s == 1 597
pred_s == 0 0
pred_s == 1 1026
label_s == 0 186
label_s == 1 840
pred_s == 0 0
pred_s == 1 1026
label_s == 0 441
label_s == 1 585
pred_s == 0 0
pred_s == 1 1026
label_s == 0 316
label_s == 1 710
pred_s == 0 0
pred_s == 1 1026
label_s == 0 444
label_s == 1 582
pred_s == 0 0
pred_s == 1 1026
label_s == 0 257
label_s == 1 769
pred_s == 0 0
pred_s == 1 1026
label_s == 0 416
label_s == 1 610
pred_s == 0 0
pred_s == 1 1026
label_s == 0 336
label_s == 1 690
pred_s == 0 0
pred_s == 1 1026
label_s == 0 570
label_s == 1 456
pred_s == 0 0
pred_s == 1 1026
label_s == 0 430
label_s == 1 596
Epoch: 006, Valid Acc: 0.6272, Valid Prec: 0.6272, Valid Rec: 0.6272, Valid F1: 0.7661, Valid Roc: 0.0000, Valid Mcc: 0.0000, Training Time: 11.5507/epoch
pred_s == 0 1
pred_s == 1 1025
label_s == 0 429
label_s == 1 597
pred_s == 0 2
pred_s == 1 1024
label_s == 0 186
label_s == 1 840
pred_s == 0 1
pred_s == 1 1025
label_s == 0 441
label_s == 1 585
pred_s == 0 5
pred_s == 1 1021
label_s == 0 316
label_s == 1 710
pred_s == 0 0
pred_s == 1 1026
label_s == 0 444
label_s == 1 582
pred_s == 0 1
pred_s == 1 1025
label_s == 0 257
label_s == 1 769
pred_s == 0 0
pred_s == 1 1026
label_s == 0 416
label_s == 1 610
pred_s == 0 1
pred_s == 1 1025
label_s == 0 336
label_s == 1 690
pred_s == 0 2
pred_s == 1 1024
label_s == 0 570
label_s == 1 456
pred_s == 0 2
pred_s == 1 1024
label_s == 0 430
label_s == 1 596
Epoch: 007, Valid Acc: 0.6267, Valid Prec: 0.6267, Valid Rec: 0.6272, Valid F1: 0.7656, Valid Roc: 0.3505, Valid Mcc: -0.0041, Training Time: 11.6106/epoch
pred_s == 0 87
pred_s == 1 939
label_s == 0 429
label_s == 1 597
pred_s == 0 97
pred_s == 1 929
label_s == 0 186
label_s == 1 840
pred_s == 0 86
pred_s == 1 940
label_s == 0 441
label_s == 1 585
pred_s == 0 88
pred_s == 1 938
label_s == 0 316
label_s == 1 710
pred_s == 0 93
pred_s == 1 933
label_s == 0 444
label_s == 1 582
pred_s == 0 106
pred_s == 1 920
label_s == 0 257
label_s == 1 769
pred_s == 0 99
pred_s == 1 927
label_s == 0 416
label_s == 1 610
pred_s == 0 83
pred_s == 1 943
label_s == 0 336
label_s == 1 690
pred_s == 0 103
pred_s == 1 923
label_s == 0 570
label_s == 1 456
pred_s == 0 97
pred_s == 1 929
label_s == 0 430
label_s == 1 596
Epoch: 008, Valid Acc: 0.6025, Valid Prec: 0.6025, Valid Rec: 0.6265, Valid F1: 0.7368, Valid Roc: 0.4950, Valid Mcc: -0.0064, Training Time: 11.6239/epoch
pred_s == 0 486
pred_s == 1 540
label_s == 0 429
label_s == 1 597
pred_s == 0 464
pred_s == 1 562
label_s == 0 186
label_s == 1 840
pred_s == 0 491
pred_s == 1 535
label_s == 0 441
label_s == 1 585
pred_s == 0 565
pred_s == 1 461
label_s == 0 316
label_s == 1 710
pred_s == 0 543
pred_s == 1 483
label_s == 0 444
label_s == 1 582
pred_s == 0 837
pred_s == 1 189
label_s == 0 257
label_s == 1 769
pred_s == 0 1026
pred_s == 1 0
label_s == 0 416
label_s == 1 610
pred_s == 0 901
pred_s == 1 125
label_s == 0 336
label_s == 1 690
pred_s == 0 800
pred_s == 1 226
label_s == 0 570
label_s == 1 456
pred_s == 0 728
pred_s == 1 298
label_s == 0 430
label_s == 1 596
Epoch: 009, Valid Acc: 0.4745, Valid Prec: 0.4745, Valid Rec: 0.5723, Valid F1: 0.4068, Valid Roc: 0.4588, Valid Mcc: 0.0247, Training Time: 11.6357/epoch
pred_s == 0 520
pred_s == 1 506
label_s == 0 429
label_s == 1 597
pred_s == 0 583
pred_s == 1 443
label_s == 0 186
label_s == 1 840
pred_s == 0 578
pred_s == 1 448
label_s == 0 441
label_s == 1 585
pred_s == 0 565
pred_s == 1 461
label_s == 0 316
label_s == 1 710
pred_s == 0 564
pred_s == 1 462
label_s == 0 444
label_s == 1 582
pred_s == 0 605
pred_s == 1 421
label_s == 0 257
label_s == 1 769
pred_s == 0 691
pred_s == 1 335
label_s == 0 416
label_s == 1 610
pred_s == 0 589
pred_s == 1 437
label_s == 0 336
label_s == 1 690
pred_s == 0 590
pred_s == 1 436
label_s == 0 570
label_s == 1 456
pred_s == 0 574
pred_s == 1 452
label_s == 0 430
label_s == 1 596
Epoch: 010, Valid Acc: 0.4973, Valid Prec: 0.4973, Valid Rec: 0.6451, Valid F1: 0.5178, Valid Roc: 0.5161, Valid Mcc: 0.0352, Training Time: 11.5415/epoch
pred_s == 0 546
pred_s == 1 480
label_s == 0 429
label_s == 1 597
pred_s == 0 674
pred_s == 1 352
label_s == 0 186
label_s == 1 840
pred_s == 0 717
pred_s == 1 309
label_s == 0 441
label_s == 1 585
pred_s == 0 815
pred_s == 1 211
label_s == 0 316
label_s == 1 710
pred_s == 0 715
pred_s == 1 311
label_s == 0 444
label_s == 1 582
pred_s == 0 760
pred_s == 1 266
label_s == 0 257
label_s == 1 769
pred_s == 0 1026
pred_s == 1 0
label_s == 0 416
label_s == 1 610
pred_s == 0 582
pred_s == 1 444
label_s == 0 336
label_s == 1 690
pred_s == 0 846
pred_s == 1 180
label_s == 0 570
label_s == 1 456
pred_s == 0 716
pred_s == 1 310
label_s == 0 430
label_s == 1 596
Epoch: 011, Valid Acc: 0.4587, Valid Prec: 0.4587, Valid Rec: 0.5807, Valid F1: 0.3746, Valid Roc: 0.4603, Valid Mcc: 0.0233, Training Time: 11.5786/epoch
pred_s == 0 0
pred_s == 1 1026
label_s == 0 429
label_s == 1 597
pred_s == 0 0
pred_s == 1 1026
label_s == 0 186
label_s == 1 840
pred_s == 0 0
pred_s == 1 1026
label_s == 0 441
label_s == 1 585
pred_s == 0 0
pred_s == 1 1026
label_s == 0 316
label_s == 1 710
pred_s == 0 0
pred_s == 1 1026
label_s == 0 444
label_s == 1 582
pred_s == 0 0
pred_s == 1 1026
label_s == 0 257
label_s == 1 769
pred_s == 0 0
pred_s == 1 1026
label_s == 0 416
label_s == 1 610
pred_s == 0 0
pred_s == 1 1026
label_s == 0 336
label_s == 1 690
pred_s == 0 0
pred_s == 1 1026
label_s == 0 570
label_s == 1 456
pred_s == 0 0
pred_s == 1 1026
label_s == 0 430
label_s == 1 596
Epoch: 012, Valid Acc: 0.6272, Valid Prec: 0.6272, Valid Rec: 0.6272, Valid F1: 0.7661, Valid Roc: 0.0000, Valid Mcc: 0.0000, Training Time: 11.5722/epoch
pred_s == 0 0
pred_s == 1 1026
label_s == 0 429
label_s == 1 597
pred_s == 0 0
pred_s == 1 1026
label_s == 0 186
label_s == 1 840
pred_s == 0 0
pred_s == 1 1026
label_s == 0 441
label_s == 1 585
pred_s == 0 0
pred_s == 1 1026
label_s == 0 316
label_s == 1 710
pred_s == 0 0
pred_s == 1 1026
label_s == 0 444
label_s == 1 582
pred_s == 0 0
pred_s == 1 1026
label_s == 0 257
label_s == 1 769
pred_s == 0 0
pred_s == 1 1026
label_s == 0 416
label_s == 1 610
pred_s == 0 0
pred_s == 1 1026
label_s == 0 336
label_s == 1 690
pred_s == 0 0
pred_s == 1 1026
label_s == 0 570
label_s == 1 456
pred_s == 0 0
pred_s == 1 1026
label_s == 0 430
label_s == 1 596
Epoch: 013, Valid Acc: 0.6272, Valid Prec: 0.6272, Valid Rec: 0.6272, Valid F1: 0.7661, Valid Roc: 0.0000, Valid Mcc: 0.0000, Training Time: 11.6010/epoch
pred_s == 0 0
pred_s == 1 1026
label_s == 0 429
label_s == 1 597
pred_s == 0 0
pred_s == 1 1026
label_s == 0 186
label_s == 1 840
pred_s == 0 0
pred_s == 1 1026
label_s == 0 441
label_s == 1 585
pred_s == 0 0
pred_s == 1 1026
label_s == 0 316
label_s == 1 710
pred_s == 0 0
pred_s == 1 1026
label_s == 0 444
label_s == 1 582
pred_s == 0 0
pred_s == 1 1026
label_s == 0 257
label_s == 1 769
pred_s == 0 0
pred_s == 1 1026
label_s == 0 416
label_s == 1 610
pred_s == 0 0
pred_s == 1 1026
label_s == 0 336
label_s == 1 690
pred_s == 0 0
pred_s == 1 1026
label_s == 0 570
label_s == 1 456
pred_s == 0 0
pred_s == 1 1026
label_s == 0 430
label_s == 1 596
Epoch: 014, Valid Acc: 0.6272, Valid Prec: 0.6272, Valid Rec: 0.6272, Valid F1: 0.7661, Valid Roc: 0.0000, Valid Mcc: 0.0000, Training Time: 11.5471/epoch
pred_s == 0 0
pred_s == 1 1026
label_s == 0 429
label_s == 1 597
pred_s == 0 0
pred_s == 1 1026
label_s == 0 186
label_s == 1 840
pred_s == 0 0
pred_s == 1 1026
label_s == 0 441
label_s == 1 585
pred_s == 0 0
pred_s == 1 1026
label_s == 0 316
label_s == 1 710
pred_s == 0 0
pred_s == 1 1026
label_s == 0 444
label_s == 1 582
pred_s == 0 0
pred_s == 1 1026
label_s == 0 257
label_s == 1 769
pred_s == 0 0
pred_s == 1 1026
label_s == 0 416
label_s == 1 610
pred_s == 0 0
pred_s == 1 1026
label_s == 0 336
label_s == 1 690
pred_s == 0 0
pred_s == 1 1026
label_s == 0 570
label_s == 1 456
pred_s == 0 0
pred_s == 1 1026
label_s == 0 430
label_s == 1 596
Epoch: 015, Valid Acc: 0.6272, Valid Prec: 0.6272, Valid Rec: 0.6272, Valid F1: 0.7661, Valid Roc: 0.0000, Valid Mcc: 0.0000, Training Time: 11.5435/epoch
pred_s == 0 0
pred_s == 1 1026
label_s == 0 429
label_s == 1 597
pred_s == 0 0
pred_s == 1 1026
label_s == 0 186
label_s == 1 840
pred_s == 0 0
pred_s == 1 1026
label_s == 0 441
label_s == 1 585
pred_s == 0 0
pred_s == 1 1026
label_s == 0 316
label_s == 1 710
pred_s == 0 0
pred_s == 1 1026
label_s == 0 444
label_s == 1 582
pred_s == 0 0
pred_s == 1 1026
label_s == 0 257
label_s == 1 769
pred_s == 0 0
pred_s == 1 1026
label_s == 0 416
label_s == 1 610
pred_s == 0 0
pred_s == 1 1026
label_s == 0 336
label_s == 1 690
pred_s == 0 0
pred_s == 1 1026
label_s == 0 570
label_s == 1 456
pred_s == 0 0
pred_s == 1 1026
label_s == 0 430
label_s == 1 596
Epoch: 016, Valid Acc: 0.6272, Valid Prec: 0.6272, Valid Rec: 0.6272, Valid F1: 0.7661, Valid Roc: 0.0000, Valid Mcc: 0.0000, Training Time: 11.6077/epoch
pred_s == 0 1
pred_s == 1 1025
label_s == 0 429
label_s == 1 597
pred_s == 0 0
pred_s == 1 1026
label_s == 0 186
label_s == 1 840
pred_s == 0 0
pred_s == 1 1026
label_s == 0 441
label_s == 1 585
pred_s == 0 0
pred_s == 1 1026
label_s == 0 316
label_s == 1 710
pred_s == 0 0
pred_s == 1 1026
label_s == 0 444
label_s == 1 582
pred_s == 0 0
pred_s == 1 1026
label_s == 0 257
label_s == 1 769
pred_s == 0 0
pred_s == 1 1026
label_s == 0 416
label_s == 1 610
pred_s == 0 1
pred_s == 1 1025
label_s == 0 336
label_s == 1 690
pred_s == 0 0
pred_s == 1 1026
label_s == 0 570
label_s == 1 456
pred_s == 0 0
pred_s == 1 1026
label_s == 0 430
label_s == 1 596
Epoch: 017, Valid Acc: 0.6272, Valid Prec: 0.6272, Valid Rec: 0.6272, Valid F1: 0.7661, Valid Roc: 0.1127, Valid Mcc: 0.0015, Training Time: 11.5751/epoch
pred_s == 0 0
pred_s == 1 1026
label_s == 0 429
label_s == 1 597
pred_s == 0 0
pred_s == 1 1026
label_s == 0 186
label_s == 1 840
pred_s == 0 0
pred_s == 1 1026
label_s == 0 441
label_s == 1 585
pred_s == 0 0
pred_s == 1 1026
label_s == 0 316
label_s == 1 710
pred_s == 0 1
pred_s == 1 1025
label_s == 0 444
label_s == 1 582
pred_s == 0 0
pred_s == 1 1026
label_s == 0 257
label_s == 1 769
pred_s == 0 0
pred_s == 1 1026
label_s == 0 416
label_s == 1 610
pred_s == 0 2
pred_s == 1 1024
label_s == 0 336
label_s == 1 690
pred_s == 0 0
pred_s == 1 1026
label_s == 0 570
label_s == 1 456
pred_s == 0 0
pred_s == 1 1026
label_s == 0 430
label_s == 1 596
Epoch: 018, Valid Acc: 0.6271, Valid Prec: 0.6271, Valid Rec: 0.6272, Valid F1: 0.7660, Valid Roc: 0.0870, Valid Mcc: -0.0011, Training Time: 11.6259/epoch
pred_s == 0 0
pred_s == 1 1026
label_s == 0 429
label_s == 1 597
pred_s == 0 0
pred_s == 1 1026
label_s == 0 186
label_s == 1 840
pred_s == 0 0
pred_s == 1 1026
label_s == 0 441
label_s == 1 585
pred_s == 0 0
pred_s == 1 1026
label_s == 0 316
label_s == 1 710
pred_s == 0 0
pred_s == 1 1026
label_s == 0 444
label_s == 1 582
pred_s == 0 0
pred_s == 1 1026
label_s == 0 257
label_s == 1 769
pred_s == 0 0
pred_s == 1 1026
label_s == 0 416
label_s == 1 610
pred_s == 0 2
pred_s == 1 1024
label_s == 0 336
label_s == 1 690
pred_s == 0 0
pred_s == 1 1026
label_s == 0 570
label_s == 1 456
pred_s == 0 0
pred_s == 1 1026
label_s == 0 430
label_s == 1 596
Epoch: 019, Valid Acc: 0.6270, Valid Prec: 0.6270, Valid Rec: 0.6271, Valid F1: 0.7660, Valid Roc: 0.0336, Valid Mcc: -0.0031, Training Time: 11.6236/epoch
pred_s == 0 0
pred_s == 1 1026
label_s == 0 429
label_s == 1 597
pred_s == 0 0
pred_s == 1 1026
label_s == 0 186
label_s == 1 840
pred_s == 0 0
pred_s == 1 1026
label_s == 0 441
label_s == 1 585
pred_s == 0 0
pred_s == 1 1026
label_s == 0 316
label_s == 1 710
pred_s == 0 0
pred_s == 1 1026
label_s == 0 444
label_s == 1 582
pred_s == 0 0
pred_s == 1 1026
label_s == 0 257
label_s == 1 769
pred_s == 0 1
pred_s == 1 1025
label_s == 0 416
label_s == 1 610
pred_s == 0 3
pred_s == 1 1023
label_s == 0 336
label_s == 1 690
pred_s == 0 0
pred_s == 1 1026
label_s == 0 570
label_s == 1 456
pred_s == 0 0
pred_s == 1 1026
label_s == 0 430
label_s == 1 596
Epoch: 020, Valid Acc: 0.6272, Valid Prec: 0.6272, Valid Rec: 0.6273, Valid F1: 0.7661, Valid Roc: 0.0967, Valid Mcc: 0.0013, Training Time: 11.6027/epoch
pred_s == 0 160
pred_s == 1 866
label_s == 0 429
label_s == 1 597
pred_s == 0 46
pred_s == 1 980
label_s == 0 186
label_s == 1 840
pred_s == 0 32
pred_s == 1 994
label_s == 0 441
label_s == 1 585
pred_s == 0 25
pred_s == 1 1001
label_s == 0 316
label_s == 1 710
pred_s == 0 32
pred_s == 1 994
label_s == 0 444
label_s == 1 582
pred_s == 0 34
pred_s == 1 992
label_s == 0 257
label_s == 1 769
pred_s == 0 42
pred_s == 1 984
label_s == 0 416
label_s == 1 610
pred_s == 0 164
pred_s == 1 862
label_s == 0 336
label_s == 1 690
pred_s == 0 33
pred_s == 1 993
label_s == 0 570
label_s == 1 456
pred_s == 0 63
pred_s == 1 963
label_s == 0 430
label_s == 1 596
Epoch: 021, Valid Acc: 0.6084, Valid Prec: 0.6084, Valid Rec: 0.6256, Valid F1: 0.7448, Valid Roc: 0.4802, Valid Mcc: -0.0170, Training Time: 11.6001/epoch
pred_s == 0 3
pred_s == 1 1023
label_s == 0 429
label_s == 1 597
pred_s == 0 1
pred_s == 1 1025
label_s == 0 186
label_s == 1 840
pred_s == 0 0
pred_s == 1 1026
label_s == 0 441
label_s == 1 585
pred_s == 0 0
pred_s == 1 1026
label_s == 0 316
label_s == 1 710
pred_s == 0 0
pred_s == 1 1026
label_s == 0 444
label_s == 1 582
pred_s == 0 0
pred_s == 1 1026
label_s == 0 257
label_s == 1 769
pred_s == 0 0
pred_s == 1 1026
label_s == 0 416
label_s == 1 610
pred_s == 0 9
pred_s == 1 1017
label_s == 0 336
label_s == 1 690
pred_s == 0 0
pred_s == 1 1026
label_s == 0 570
label_s == 1 456
pred_s == 0 1
pred_s == 1 1025
label_s == 0 430
label_s == 1 596
Epoch: 022, Valid Acc: 0.6270, Valid Prec: 0.6270, Valid Rec: 0.6273, Valid F1: 0.7658, Valid Roc: 0.1883, Valid Mcc: 0.0010, Training Time: 11.6413/epoch
pred_s == 0 306
pred_s == 1 720
label_s == 0 429
label_s == 1 597
pred_s == 0 168
pred_s == 1 858
label_s == 0 186
label_s == 1 840
pred_s == 0 143
pred_s == 1 883
label_s == 0 441
label_s == 1 585
pred_s == 0 154
pred_s == 1 872
label_s == 0 316
label_s == 1 710
pred_s == 0 166
pred_s == 1 860
label_s == 0 444
label_s == 1 582
pred_s == 0 127
pred_s == 1 899
label_s == 0 257
label_s == 1 769
pred_s == 0 44
pred_s == 1 982
label_s == 0 416
label_s == 1 610
pred_s == 0 246
pred_s == 1 780
label_s == 0 336
label_s == 1 690
pred_s == 0 162
pred_s == 1 864
label_s == 0 570
label_s == 1 456
pred_s == 0 192
pred_s == 1 834
label_s == 0 430
label_s == 1 596
Epoch: 023, Valid Acc: 0.5800, Valid Prec: 0.5800, Valid Rec: 0.6240, Valid F1: 0.7072, Valid Roc: 0.4847, Valid Mcc: -0.0205, Training Time: 11.5889/epoch
pred_s == 0 0
pred_s == 1 1026
label_s == 0 429
label_s == 1 597
pred_s == 0 0
pred_s == 1 1026
label_s == 0 186
label_s == 1 840
pred_s == 0 0
pred_s == 1 1026
label_s == 0 441
label_s == 1 585
pred_s == 0 0
pred_s == 1 1026
label_s == 0 316
label_s == 1 710
pred_s == 0 0
pred_s == 1 1026
label_s == 0 444
label_s == 1 582
pred_s == 0 0
pred_s == 1 1026
label_s == 0 257
label_s == 1 769
pred_s == 0 0
pred_s == 1 1026
label_s == 0 416
label_s == 1 610
pred_s == 0 0
pred_s == 1 1026
label_s == 0 336
label_s == 1 690
pred_s == 0 0
pred_s == 1 1026
label_s == 0 570
label_s == 1 456
pred_s == 0 0
pred_s == 1 1026
label_s == 0 430
label_s == 1 596
Epoch: 024, Valid Acc: 0.6272, Valid Prec: 0.6272, Valid Rec: 0.6272, Valid F1: 0.7661, Valid Roc: 0.0000, Valid Mcc: 0.0000, Training Time: 11.5739/epoch
pred_s == 0 0
pred_s == 1 1026
label_s == 0 429
label_s == 1 597
pred_s == 0 0
pred_s == 1 1026
label_s == 0 186
label_s == 1 840
pred_s == 0 0
pred_s == 1 1026
label_s == 0 441
label_s == 1 585
pred_s == 0 0
pred_s == 1 1026
label_s == 0 316
label_s == 1 710
pred_s == 0 0
pred_s == 1 1026
label_s == 0 444
label_s == 1 582
pred_s == 0 0
pred_s == 1 1026
label_s == 0 257
label_s == 1 769
pred_s == 0 0
pred_s == 1 1026
label_s == 0 416
label_s == 1 610
pred_s == 0 0
pred_s == 1 1026
label_s == 0 336
label_s == 1 690
pred_s == 0 0
pred_s == 1 1026
label_s == 0 570
label_s == 1 456
pred_s == 0 0
pred_s == 1 1026
label_s == 0 430
label_s == 1 596
Epoch: 025, Valid Acc: 0.6272, Valid Prec: 0.6272, Valid Rec: 0.6272, Valid F1: 0.7661, Valid Roc: 0.0000, Valid Mcc: 0.0000, Training Time: 11.5998/epoch
pred_s == 0 0
pred_s == 1 1026
label_s == 0 429
label_s == 1 597
pred_s == 0 0
pred_s == 1 1026
label_s == 0 186
label_s == 1 840
pred_s == 0 0
pred_s == 1 1026
label_s == 0 441
label_s == 1 585
pred_s == 0 0
pred_s == 1 1026
label_s == 0 316
label_s == 1 710
pred_s == 0 0
pred_s == 1 1026
label_s == 0 444
label_s == 1 582
pred_s == 0 0
pred_s == 1 1026
label_s == 0 257
label_s == 1 769
pred_s == 0 0
pred_s == 1 1026
label_s == 0 416
label_s == 1 610
pred_s == 0 0
pred_s == 1 1026
label_s == 0 336
label_s == 1 690
pred_s == 0 0
pred_s == 1 1026
label_s == 0 570
label_s == 1 456
pred_s == 0 0
pred_s == 1 1026
label_s == 0 430
label_s == 1 596
Epoch: 026, Valid Acc: 0.6272, Valid Prec: 0.6272, Valid Rec: 0.6272, Valid F1: 0.7661, Valid Roc: 0.0000, Valid Mcc: 0.0000, Training Time: 11.5934/epoch
pred_s == 0 347
pred_s == 1 679
label_s == 0 429
label_s == 1 597
pred_s == 0 158
pred_s == 1 868
label_s == 0 186
label_s == 1 840
pred_s == 0 140
pred_s == 1 886
label_s == 0 441
label_s == 1 585
pred_s == 0 167
pred_s == 1 859
label_s == 0 316
label_s == 1 710
pred_s == 0 167
pred_s == 1 859
label_s == 0 444
label_s == 1 582
pred_s == 0 143
pred_s == 1 883
label_s == 0 257
label_s == 1 769
pred_s == 0 127
pred_s == 1 899
label_s == 0 416
label_s == 1 610
pred_s == 0 266
pred_s == 1 760
label_s == 0 336
label_s == 1 690
pred_s == 0 171
pred_s == 1 855
label_s == 0 570
label_s == 1 456
pred_s == 0 202
pred_s == 1 824
label_s == 0 430
label_s == 1 596
Epoch: 027, Valid Acc: 0.5763, Valid Prec: 0.5763, Valid Rec: 0.6237, Valid F1: 0.7007, Valid Roc: 0.4896, Valid Mcc: -0.0180, Training Time: 11.5416/epoch
pred_s == 0 370
pred_s == 1 656
label_s == 0 429
label_s == 1 597
pred_s == 0 150
pred_s == 1 876
label_s == 0 186
label_s == 1 840
pred_s == 0 14
pred_s == 1 1012
label_s == 0 441
label_s == 1 585
pred_s == 0 2
pred_s == 1 1024
label_s == 0 316
label_s == 1 710
pred_s == 0 188
pred_s == 1 838
label_s == 0 444
label_s == 1 582
pred_s == 0 0
pred_s == 1 1026
label_s == 0 257
label_s == 1 769
pred_s == 0 0
pred_s == 1 1026
label_s == 0 416
label_s == 1 610
pred_s == 0 275
pred_s == 1 751
label_s == 0 336
label_s == 1 690
pred_s == 0 114
pred_s == 1 912
label_s == 0 570
label_s == 1 456
pred_s == 0 210
pred_s == 1 816
label_s == 0 430
label_s == 1 596
Epoch: 028, Valid Acc: 0.5971, Valid Prec: 0.5971, Valid Rec: 0.6263, Valid F1: 0.7217, Valid Roc: 0.3893, Valid Mcc: -0.0034, Training Time: 11.5937/epoch
pred_s == 0 0
pred_s == 1 1026
label_s == 0 429
label_s == 1 597
pred_s == 0 0
pred_s == 1 1026
label_s == 0 186
label_s == 1 840
pred_s == 0 0
pred_s == 1 1026
label_s == 0 441
label_s == 1 585
pred_s == 0 0
pred_s == 1 1026
label_s == 0 316
label_s == 1 710
pred_s == 0 0
pred_s == 1 1026
label_s == 0 444
label_s == 1 582
pred_s == 0 0
pred_s == 1 1026
label_s == 0 257
label_s == 1 769
pred_s == 0 0
pred_s == 1 1026
label_s == 0 416
label_s == 1 610
pred_s == 0 0
pred_s == 1 1026
label_s == 0 336
label_s == 1 690
pred_s == 0 0
pred_s == 1 1026
label_s == 0 570
label_s == 1 456
pred_s == 0 0
pred_s == 1 1026
label_s == 0 430
label_s == 1 596
Epoch: 029, Valid Acc: 0.6272, Valid Prec: 0.6272, Valid Rec: 0.6272, Valid F1: 0.7661, Valid Roc: 0.0000, Valid Mcc: 0.0000, Training Time: 11.5631/epoch
pred_s == 0 0
pred_s == 1 1026
label_s == 0 429
label_s == 1 597
pred_s == 0 0
pred_s == 1 1026
label_s == 0 186
label_s == 1 840
pred_s == 0 0
pred_s == 1 1026
label_s == 0 441
label_s == 1 585
pred_s == 0 0
pred_s == 1 1026
label_s == 0 316
label_s == 1 710
pred_s == 0 0
pred_s == 1 1026
label_s == 0 444
label_s == 1 582
pred_s == 0 0
pred_s == 1 1026
label_s == 0 257
label_s == 1 769
pred_s == 0 0
pred_s == 1 1026
label_s == 0 416
label_s == 1 610
pred_s == 0 0
pred_s == 1 1026
label_s == 0 336
label_s == 1 690
pred_s == 0 0
pred_s == 1 1026
label_s == 0 570
label_s == 1 456
pred_s == 0 0
pred_s == 1 1026
label_s == 0 430
label_s == 1 596
Epoch: 030, Valid Acc: 0.6272, Valid Prec: 0.6272, Valid Rec: 0.6272, Valid F1: 0.7661, Valid Roc: 0.0000, Valid Mcc: 0.0000, Training Time: 11.5888/epoch
pred_s == 0 0
pred_s == 1 1026
label_s == 0 429
label_s == 1 597
pred_s == 0 0
pred_s == 1 1026
label_s == 0 186
label_s == 1 840
pred_s == 0 2
pred_s == 1 1024
label_s == 0 441
label_s == 1 585
pred_s == 0 0
pred_s == 1 1026
label_s == 0 316
label_s == 1 710
pred_s == 0 0
pred_s == 1 1026
label_s == 0 444
label_s == 1 582
pred_s == 0 1
pred_s == 1 1025
label_s == 0 257
label_s == 1 769
pred_s == 0 2
pred_s == 1 1024
label_s == 0 416
label_s == 1 610
pred_s == 0 0
pred_s == 1 1026
label_s == 0 336
label_s == 1 690
pred_s == 0 0
pred_s == 1 1026
label_s == 0 570
label_s == 1 456
pred_s == 0 0
pred_s == 1 1026
label_s == 0 430
label_s == 1 596
Epoch: 031, Valid Acc: 0.6271, Valid Prec: 0.6271, Valid Rec: 0.6272, Valid F1: 0.7660, Valid Roc: 0.1457, Valid Mcc: -0.0003, Training Time: 11.5555/epoch
pred_s == 0 0
pred_s == 1 1026
label_s == 0 429
label_s == 1 597
pred_s == 0 0
pred_s == 1 1026
label_s == 0 186
label_s == 1 840
pred_s == 0 0
pred_s == 1 1026
label_s == 0 441
label_s == 1 585
pred_s == 0 0
pred_s == 1 1026
label_s == 0 316
label_s == 1 710
pred_s == 0 0
pred_s == 1 1026
label_s == 0 444
label_s == 1 582
pred_s == 0 1
pred_s == 1 1025
label_s == 0 257
label_s == 1 769
pred_s == 0 0
pred_s == 1 1026
label_s == 0 416
label_s == 1 610
pred_s == 0 0
pred_s == 1 1026
label_s == 0 336
label_s == 1 690
pred_s == 0 0
pred_s == 1 1026
label_s == 0 570
label_s == 1 456
pred_s == 0 1
pred_s == 1 1025
label_s == 0 430
label_s == 1 596
Epoch: 032, Valid Acc: 0.6272, Valid Prec: 0.6272, Valid Rec: 0.6272, Valid F1: 0.7661, Valid Roc: 0.1165, Valid Mcc: 0.0019, Training Time: 11.5866/epoch
pred_s == 0 0
pred_s == 1 1026
label_s == 0 429
label_s == 1 597
pred_s == 0 1
pred_s == 1 1025
label_s == 0 186
label_s == 1 840
pred_s == 0 0
pred_s == 1 1026
label_s == 0 441
label_s == 1 585
pred_s == 0 0
pred_s == 1 1026
label_s == 0 316
label_s == 1 710
pred_s == 0 0
pred_s == 1 1026
label_s == 0 444
label_s == 1 582
pred_s == 0 1
pred_s == 1 1025
label_s == 0 257
label_s == 1 769
pred_s == 0 1
pred_s == 1 1025
label_s == 0 416
label_s == 1 610
pred_s == 0 0
pred_s == 1 1026
label_s == 0 336
label_s == 1 690
pred_s == 0 0
pred_s == 1 1026
label_s == 0 570
label_s == 1 456
pred_s == 0 0
pred_s == 1 1026
label_s == 0 430
label_s == 1 596
Epoch: 033, Valid Acc: 0.6271, Valid Prec: 0.6271, Valid Rec: 0.6272, Valid F1: 0.7660, Valid Roc: 0.1581, Valid Mcc: 0.0005, Training Time: 11.5781/epoch
pred_s == 0 0
pred_s == 1 1026
label_s == 0 429
label_s == 1 597
pred_s == 0 0
pred_s == 1 1026
label_s == 0 186
label_s == 1 840
pred_s == 0 0
pred_s == 1 1026
label_s == 0 441
label_s == 1 585
pred_s == 0 0
pred_s == 1 1026
label_s == 0 316
label_s == 1 710
pred_s == 0 0
pred_s == 1 1026
label_s == 0 444
label_s == 1 582
pred_s == 0 0
pred_s == 1 1026
label_s == 0 257
label_s == 1 769
pred_s == 0 0
pred_s == 1 1026
label_s == 0 416
label_s == 1 610
pred_s == 0 3
pred_s == 1 1023
label_s == 0 336
label_s == 1 690
pred_s == 0 0
pred_s == 1 1026
label_s == 0 570
label_s == 1 456
pred_s == 0 0
pred_s == 1 1026
label_s == 0 430
label_s == 1 596
Epoch: 034, Valid Acc: 0.6269, Valid Prec: 0.6269, Valid Rec: 0.6271, Valid F1: 0.7659, Valid Roc: 0.0336, Valid Mcc: -0.0038, Training Time: 11.5747/epoch
pred_s == 0 51
pred_s == 1 975
label_s == 0 429
label_s == 1 597
pred_s == 0 3
pred_s == 1 1023
label_s == 0 186
label_s == 1 840
pred_s == 0 2
pred_s == 1 1024
label_s == 0 441
label_s == 1 585
pred_s == 0 5
pred_s == 1 1021
label_s == 0 316
label_s == 1 710
pred_s == 0 1
pred_s == 1 1025
label_s == 0 444
label_s == 1 582
pred_s == 0 1
pred_s == 1 1025
label_s == 0 257
label_s == 1 769
pred_s == 0 1
pred_s == 1 1025
label_s == 0 416
label_s == 1 610
pred_s == 0 50
pred_s == 1 976
label_s == 0 336
label_s == 1 690
pred_s == 0 2
pred_s == 1 1024
label_s == 0 570
label_s == 1 456
pred_s == 0 8
pred_s == 1 1018
label_s == 0 430
label_s == 1 596
Epoch: 035, Valid Acc: 0.6231, Valid Prec: 0.6231, Valid Rec: 0.6267, Valid F1: 0.7618, Valid Roc: 0.5195, Valid Mcc: -0.0039, Training Time: 11.5937/epoch
pred_s == 0 339
pred_s == 1 687
label_s == 0 429
label_s == 1 597
pred_s == 0 151
pred_s == 1 875
label_s == 0 186
label_s == 1 840
pred_s == 0 140
pred_s == 1 886
label_s == 0 441
label_s == 1 585
pred_s == 0 130
pred_s == 1 896
label_s == 0 316
label_s == 1 710
pred_s == 0 147
pred_s == 1 879
label_s == 0 444
label_s == 1 582
pred_s == 0 60
pred_s == 1 966
label_s == 0 257
label_s == 1 769
pred_s == 0 18
pred_s == 1 1008
label_s == 0 416
label_s == 1 610
pred_s == 0 291
pred_s == 1 735
label_s == 0 336
label_s == 1 690
pred_s == 0 154
pred_s == 1 872
label_s == 0 570
label_s == 1 456
pred_s == 0 199
pred_s == 1 827
label_s == 0 430
label_s == 1 596
Epoch: 036, Valid Acc: 0.5854, Valid Prec: 0.5854, Valid Rec: 0.6247, Valid F1: 0.7107, Valid Roc: 0.4912, Valid Mcc: -0.0143, Training Time: 11.6037/epoch
pred_s == 0 149
pred_s == 1 877
label_s == 0 429
label_s == 1 597
pred_s == 0 64
pred_s == 1 962
label_s == 0 186
label_s == 1 840
pred_s == 0 24
pred_s == 1 1002
label_s == 0 441
label_s == 1 585
pred_s == 0 47
pred_s == 1 979
label_s == 0 316
label_s == 1 710
pred_s == 0 43
pred_s == 1 983
label_s == 0 444
label_s == 1 582
pred_s == 0 5
pred_s == 1 1021
label_s == 0 257
label_s == 1 769
pred_s == 0 2
pred_s == 1 1024
label_s == 0 416
label_s == 1 610
pred_s == 0 173
pred_s == 1 853
label_s == 0 336
label_s == 1 690
pred_s == 0 51
pred_s == 1 975
label_s == 0 570
label_s == 1 456
pred_s == 0 66
pred_s == 1 960
label_s == 0 430
label_s == 1 596
Epoch: 037, Valid Acc: 0.6120, Valid Prec: 0.6120, Valid Rec: 0.6274, Valid F1: 0.7472, Valid Roc: 0.4778, Valid Mcc: -0.0035, Training Time: 11.5844/epoch
pred_s == 0 404
pred_s == 1 622
label_s == 0 429
label_s == 1 597
pred_s == 0 283
pred_s == 1 743
label_s == 0 186
label_s == 1 840
pred_s == 0 260
pred_s == 1 766
label_s == 0 441
label_s == 1 585
pred_s == 0 258
pred_s == 1 768
label_s == 0 316
label_s == 1 710
pred_s == 0 295
pred_s == 1 731
label_s == 0 444
label_s == 1 582
pred_s == 0 179
pred_s == 1 847
label_s == 0 257
label_s == 1 769
pred_s == 0 88
pred_s == 1 938
label_s == 0 416
label_s == 1 610
pred_s == 0 351
pred_s == 1 675
label_s == 0 336
label_s == 1 690
pred_s == 0 277
pred_s == 1 749
label_s == 0 570
label_s == 1 456
pred_s == 0 310
pred_s == 1 716
label_s == 0 430
label_s == 1 596
Epoch: 038, Valid Acc: 0.5536, Valid Prec: 0.5536, Valid Rec: 0.6215, Valid F1: 0.6668, Valid Roc: 0.4848, Valid Mcc: -0.0258, Training Time: 11.6034/epoch
pred_s == 0 0
pred_s == 1 1026
label_s == 0 429
label_s == 1 597
pred_s == 0 0
pred_s == 1 1026
label_s == 0 186
label_s == 1 840
pred_s == 0 0
pred_s == 1 1026
label_s == 0 441
label_s == 1 585
pred_s == 0 0
pred_s == 1 1026
label_s == 0 316
label_s == 1 710
pred_s == 0 0
pred_s == 1 1026
label_s == 0 444
label_s == 1 582
pred_s == 0 0
pred_s == 1 1026
label_s == 0 257
label_s == 1 769
pred_s == 0 0
pred_s == 1 1026
label_s == 0 416
label_s == 1 610
pred_s == 0 0
pred_s == 1 1026
label_s == 0 336
label_s == 1 690
pred_s == 0 0
pred_s == 1 1026
label_s == 0 570
label_s == 1 456
pred_s == 0 0
pred_s == 1 1026
label_s == 0 430
label_s == 1 596
Epoch: 039, Valid Acc: 0.6272, Valid Prec: 0.6272, Valid Rec: 0.6272, Valid F1: 0.7661, Valid Roc: 0.0000, Valid Mcc: 0.0000, Training Time: 11.5431/epoch
pred_s == 0 210
pred_s == 1 816
label_s == 0 429
label_s == 1 597
pred_s == 0 53
pred_s == 1 973
label_s == 0 186
label_s == 1 840
pred_s == 0 23
pred_s == 1 1003
label_s == 0 441
label_s == 1 585
pred_s == 0 33
pred_s == 1 993
label_s == 0 316
label_s == 1 710
pred_s == 0 51
pred_s == 1 975
label_s == 0 444
label_s == 1 582
pred_s == 0 3
pred_s == 1 1023
label_s == 0 257
label_s == 1 769
pred_s == 0 0
pred_s == 1 1026
label_s == 0 416
label_s == 1 610
pred_s == 0 183
pred_s == 1 843
label_s == 0 336
label_s == 1 690
pred_s == 0 35
pred_s == 1 991
label_s == 0 570
label_s == 1 456
pred_s == 0 56
pred_s == 1 970
label_s == 0 430
label_s == 1 596
Epoch: 040, Valid Acc: 0.6078, Valid Prec: 0.6078, Valid Rec: 0.6252, Valid F1: 0.7434, Valid Roc: 0.4446, Valid Mcc: -0.0160, Training Time: 11.5671/epoch
pred_s == 0 379
pred_s == 1 647
label_s == 0 429
label_s == 1 597
pred_s == 0 216
pred_s == 1 810
label_s == 0 186
label_s == 1 840
pred_s == 0 172
pred_s == 1 854
label_s == 0 441
label_s == 1 585
pred_s == 0 189
pred_s == 1 837
label_s == 0 316
label_s == 1 710
pred_s == 0 193
pred_s == 1 833
label_s == 0 444
label_s == 1 582
pred_s == 0 82
pred_s == 1 944
label_s == 0 257
label_s == 1 769
pred_s == 0 16
pred_s == 1 1010
label_s == 0 416
label_s == 1 610
pred_s == 0 314
pred_s == 1 712
label_s == 0 336
label_s == 1 690
pred_s == 0 203
pred_s == 1 823
label_s == 0 570
label_s == 1 456
pred_s == 0 251
pred_s == 1 775
label_s == 0 430
label_s == 1 596
Epoch: 041, Valid Acc: 0.5704, Valid Prec: 0.5704, Valid Rec: 0.6211, Valid F1: 0.6924, Valid Roc: 0.4885, Valid Mcc: -0.0243, Training Time: 11.6516/epoch
pred_s == 0 398
pred_s == 1 628
label_s == 0 429
label_s == 1 597
pred_s == 0 274
pred_s == 1 752
label_s == 0 186
label_s == 1 840
pred_s == 0 224
pred_s == 1 802
label_s == 0 441
label_s == 1 585
pred_s == 0 224
pred_s == 1 802
label_s == 0 316
label_s == 1 710
pred_s == 0 256
pred_s == 1 770
label_s == 0 444
label_s == 1 582
pred_s == 0 144
pred_s == 1 882
label_s == 0 257
label_s == 1 769
pred_s == 0 69
pred_s == 1 957
label_s == 0 416
label_s == 1 610
pred_s == 0 332
pred_s == 1 694
label_s == 0 336
label_s == 1 690
pred_s == 0 250
pred_s == 1 776
label_s == 0 570
label_s == 1 456
pred_s == 0 287
pred_s == 1 739
label_s == 0 430
label_s == 1 596
Epoch: 042, Valid Acc: 0.5601, Valid Prec: 0.5601, Valid Rec: 0.6219, Valid F1: 0.6767, Valid Roc: 0.4861, Valid Mcc: -0.0227, Training Time: 11.5604/epoch
pred_s == 0 406
pred_s == 1 620
label_s == 0 429
label_s == 1 597
pred_s == 0 287
pred_s == 1 739
label_s == 0 186
label_s == 1 840
pred_s == 0 265
pred_s == 1 761
label_s == 0 441
label_s == 1 585
pred_s == 0 259
pred_s == 1 767
label_s == 0 316
label_s == 1 710
pred_s == 0 292
pred_s == 1 734
label_s == 0 444
label_s == 1 582
pred_s == 0 187
pred_s == 1 839
label_s == 0 257
label_s == 1 769
pred_s == 0 94
pred_s == 1 932
label_s == 0 416
label_s == 1 610
pred_s == 0 339
pred_s == 1 687
label_s == 0 336
label_s == 1 690
pred_s == 0 274
pred_s == 1 752
label_s == 0 570
label_s == 1 456
pred_s == 0 312
pred_s == 1 714
label_s == 0 430
label_s == 1 596
Epoch: 043, Valid Acc: 0.5524, Valid Prec: 0.5524, Valid Rec: 0.6206, Valid F1: 0.6656, Valid Roc: 0.4870, Valid Mcc: -0.0252, Training Time: 11.5508/epoch
pred_s == 0 399
pred_s == 1 627
label_s == 0 429
label_s == 1 597
pred_s == 0 285
pred_s == 1 741
label_s == 0 186
label_s == 1 840
pred_s == 0 260
pred_s == 1 766
label_s == 0 441
label_s == 1 585
pred_s == 0 266
pred_s == 1 760
label_s == 0 316
label_s == 1 710
pred_s == 0 298
pred_s == 1 728
label_s == 0 444
label_s == 1 582
pred_s == 0 218
pred_s == 1 808
label_s == 0 257
label_s == 1 769
pred_s == 0 151
pred_s == 1 875
label_s == 0 416
label_s == 1 610
pred_s == 0 325
pred_s == 1 701
label_s == 0 336
label_s == 1 690
pred_s == 0 275
pred_s == 1 751
label_s == 0 570
label_s == 1 456
pred_s == 0 311
pred_s == 1 715
label_s == 0 430
label_s == 1 596
Epoch: 044, Valid Acc: 0.5502, Valid Prec: 0.5502, Valid Rec: 0.6208, Valid F1: 0.6634, Valid Roc: 0.4864, Valid Mcc: -0.0262, Training Time: 11.5691/epoch
pred_s == 0 405
pred_s == 1 621
label_s == 0 429
label_s == 1 597
pred_s == 0 215
pred_s == 1 811
label_s == 0 186
label_s == 1 840
pred_s == 0 167
pred_s == 1 859
label_s == 0 441
label_s == 1 585
pred_s == 0 146
pred_s == 1 880
label_s == 0 316
label_s == 1 710
pred_s == 0 195
pred_s == 1 831
label_s == 0 444
label_s == 1 582
pred_s == 0 39
pred_s == 1 987
label_s == 0 257
label_s == 1 769
pred_s == 0 0
pred_s == 1 1026
label_s == 0 416
label_s == 1 610
pred_s == 0 331
pred_s == 1 695
label_s == 0 336
label_s == 1 690
pred_s == 0 187
pred_s == 1 839
label_s == 0 570
label_s == 1 456
pred_s == 0 235
pred_s == 1 791
label_s == 0 430
label_s == 1 596
Epoch: 045, Valid Acc: 0.5792, Valid Prec: 0.5792, Valid Rec: 0.6247, Valid F1: 0.6991, Valid Roc: 0.4476, Valid Mcc: -0.0079, Training Time: 11.5706/epoch
pred_s == 0 395
pred_s == 1 631
label_s == 0 429
label_s == 1 597
pred_s == 0 266
pred_s == 1 760
label_s == 0 186
label_s == 1 840
pred_s == 0 197
pred_s == 1 829
label_s == 0 441
label_s == 1 585
pred_s == 0 241
pred_s == 1 785
label_s == 0 316
label_s == 1 710
pred_s == 0 256
pred_s == 1 770
label_s == 0 444
label_s == 1 582
pred_s == 0 98
pred_s == 1 928
label_s == 0 257
label_s == 1 769
pred_s == 0 37
pred_s == 1 989
label_s == 0 416
label_s == 1 610
pred_s == 0 320
pred_s == 1 706
label_s == 0 336
label_s == 1 690
pred_s == 0 252
pred_s == 1 774
label_s == 0 570
label_s == 1 456
pred_s == 0 275
pred_s == 1 751
label_s == 0 430
label_s == 1 596
Epoch: 046, Valid Acc: 0.5649, Valid Prec: 0.5649, Valid Rec: 0.6226, Valid F1: 0.6820, Valid Roc: 0.4877, Valid Mcc: -0.0199, Training Time: 11.6175/epoch
pred_s == 0 359
pred_s == 1 667
label_s == 0 429
label_s == 1 597
pred_s == 0 227
pred_s == 1 799
label_s == 0 186
label_s == 1 840
pred_s == 0 178
pred_s == 1 848
label_s == 0 441
label_s == 1 585
pred_s == 0 178
pred_s == 1 848
label_s == 0 316
label_s == 1 710
pred_s == 0 227
pred_s == 1 799
label_s == 0 444
label_s == 1 582
pred_s == 0 68
pred_s == 1 958
label_s == 0 257
label_s == 1 769
pred_s == 0 39
pred_s == 1 987
label_s == 0 416
label_s == 1 610
pred_s == 0 266
pred_s == 1 760
label_s == 0 336
label_s == 1 690
pred_s == 0 214
pred_s == 1 812
label_s == 0 570
label_s == 1 456
pred_s == 0 240
pred_s == 1 786
label_s == 0 430
label_s == 1 596
Epoch: 047, Valid Acc: 0.5750, Valid Prec: 0.5750, Valid Rec: 0.6235, Valid F1: 0.6965, Valid Roc: 0.4849, Valid Mcc: -0.0211, Training Time: 11.5743/epoch
pred_s == 0 19
pred_s == 1 1007
label_s == 0 429
label_s == 1 597
pred_s == 0 2
pred_s == 1 1024
label_s == 0 186
label_s == 1 840
pred_s == 0 1
pred_s == 1 1025
label_s == 0 441
label_s == 1 585
pred_s == 0 3
pred_s == 1 1023
label_s == 0 316
label_s == 1 710
pred_s == 0 0
pred_s == 1 1026
label_s == 0 444
label_s == 1 582
pred_s == 0 0
pred_s == 1 1026
label_s == 0 257
label_s == 1 769
pred_s == 0 0
pred_s == 1 1026
label_s == 0 416
label_s == 1 610
pred_s == 0 20
pred_s == 1 1006
label_s == 0 336
label_s == 1 690
pred_s == 0 1
pred_s == 1 1025
label_s == 0 570
label_s == 1 456
pred_s == 0 4
pred_s == 1 1022
label_s == 0 430
label_s == 1 596
Epoch: 048, Valid Acc: 0.6264, Valid Prec: 0.6264, Valid Rec: 0.6274, Valid F1: 0.7650, Valid Roc: 0.4009, Valid Mcc: 0.0079, Training Time: 11.5689/epoch
pred_s == 0 6
pred_s == 1 1020
label_s == 0 429
label_s == 1 597
pred_s == 0 0
pred_s == 1 1026
label_s == 0 186
label_s == 1 840
pred_s == 0 0
pred_s == 1 1026
label_s == 0 441
label_s == 1 585
pred_s == 0 0
pred_s == 1 1026
label_s == 0 316
label_s == 1 710
pred_s == 0 0
pred_s == 1 1026
label_s == 0 444
label_s == 1 582
pred_s == 0 0
pred_s == 1 1026
label_s == 0 257
label_s == 1 769
pred_s == 0 0
pred_s == 1 1026
label_s == 0 416
label_s == 1 610
pred_s == 0 1
pred_s == 1 1025
label_s == 0 336
label_s == 1 690
pred_s == 0 0
pred_s == 1 1026
label_s == 0 570
label_s == 1 456
pred_s == 0 0
pred_s == 1 1026
label_s == 0 430
label_s == 1 596
Epoch: 049, Valid Acc: 0.6271, Valid Prec: 0.6271, Valid Rec: 0.6272, Valid F1: 0.7659, Valid Roc: 0.0877, Valid Mcc: -0.0009, Training Time: 11.5816/epoch
pred_s == 0 398
pred_s == 1 628
label_s == 0 429
label_s == 1 597
pred_s == 0 286
pred_s == 1 740
label_s == 0 186
label_s == 1 840
pred_s == 0 257
pred_s == 1 769
label_s == 0 441
label_s == 1 585
pred_s == 0 243
pred_s == 1 783
label_s == 0 316
label_s == 1 710
pred_s == 0 277
pred_s == 1 749
label_s == 0 444
label_s == 1 582
pred_s == 0 225
pred_s == 1 801
label_s == 0 257
label_s == 1 769
pred_s == 0 134
pred_s == 1 892
label_s == 0 416
label_s == 1 610
pred_s == 0 331
pred_s == 1 695
label_s == 0 336
label_s == 1 690
pred_s == 0 258
pred_s == 1 768
label_s == 0 570
label_s == 1 456
pred_s == 0 297
pred_s == 1 729
label_s == 0 430
label_s == 1 596
Epoch: 050, Valid Acc: 0.5512, Valid Prec: 0.5512, Valid Rec: 0.6206, Valid F1: 0.6660, Valid Roc: 0.4880, Valid Mcc: -0.0252, Training Time: 11.5921/epoch
pred_s == 0 192
pred_s == 1 834
label_s == 0 429
label_s == 1 597
pred_s == 0 42
pred_s == 1 984
label_s == 0 186
label_s == 1 840
pred_s == 0 28
pred_s == 1 998
label_s == 0 441
label_s == 1 585
pred_s == 0 37
pred_s == 1 989
label_s == 0 316
label_s == 1 710
pred_s == 0 44
pred_s == 1 982
label_s == 0 444
label_s == 1 582
pred_s == 0 9
pred_s == 1 1017
label_s == 0 257
label_s == 1 769
pred_s == 0 0
pred_s == 1 1026
label_s == 0 416
label_s == 1 610
pred_s == 0 170
pred_s == 1 856
label_s == 0 336
label_s == 1 690
pred_s == 0 42
pred_s == 1 984
label_s == 0 570
label_s == 1 456
pred_s == 0 71
pred_s == 1 955
label_s == 0 430
label_s == 1 596
Epoch: 051, Valid Acc: 0.6121, Valid Prec: 0.6121, Valid Rec: 0.6270, Valid F1: 0.7464, Valid Roc: 0.4510, Valid Mcc: -0.0014, Training Time: 11.5754/epoch
pred_s == 0 31
pred_s == 1 995
label_s == 0 429
label_s == 1 597
pred_s == 0 11
pred_s == 1 1015
label_s == 0 186
label_s == 1 840
pred_s == 0 6
pred_s == 1 1020
label_s == 0 441
label_s == 1 585
pred_s == 0 1
pred_s == 1 1025
label_s == 0 316
label_s == 1 710
pred_s == 0 19
pred_s == 1 1007
label_s == 0 444
label_s == 1 582
pred_s == 0 6
pred_s == 1 1020
label_s == 0 257
label_s == 1 769
pred_s == 0 41
pred_s == 1 985
label_s == 0 416
label_s == 1 610
pred_s == 0 1
pred_s == 1 1025
label_s == 0 336
label_s == 1 690
pred_s == 0 3
pred_s == 1 1023
label_s == 0 570
label_s == 1 456
pred_s == 0 6
pred_s == 1 1020
label_s == 0 430
label_s == 1 596
Epoch: 052, Valid Acc: 0.6230, Valid Prec: 0.6230, Valid Rec: 0.6264, Valid F1: 0.7616, Valid Roc: 0.5626, Valid Mcc: -0.0018, Training Time: 11.5606/epoch
pred_s == 0 23
pred_s == 1 1003
label_s == 0 429
label_s == 1 597
pred_s == 0 1
pred_s == 1 1025
label_s == 0 186
label_s == 1 840
pred_s == 0 0
pred_s == 1 1026
label_s == 0 441
label_s == 1 585
pred_s == 0 1
pred_s == 1 1025
label_s == 0 316
label_s == 1 710
pred_s == 0 0
pred_s == 1 1026
label_s == 0 444
label_s == 1 582
pred_s == 0 0
pred_s == 1 1026
label_s == 0 257
label_s == 1 769
pred_s == 0 1
pred_s == 1 1025
label_s == 0 416
label_s == 1 610
pred_s == 0 27
pred_s == 1 999
label_s == 0 336
label_s == 1 690
pred_s == 0 2
pred_s == 1 1024
label_s == 0 570
label_s == 1 456
pred_s == 0 3
pred_s == 1 1023
label_s == 0 430
label_s == 1 596
Epoch: 053, Valid Acc: 0.6258, Valid Prec: 0.6258, Valid Rec: 0.6272, Valid F1: 0.7645, Valid Roc: 0.3237, Valid Mcc: -0.0025, Training Time: 11.0659/epoch
pred_s == 0 297
pred_s == 1 729
label_s == 0 429
label_s == 1 597
pred_s == 0 101
pred_s == 1 925
label_s == 0 186
label_s == 1 840
pred_s == 0 100
pred_s == 1 926
label_s == 0 441
label_s == 1 585
pred_s == 0 82
pred_s == 1 944
label_s == 0 316
label_s == 1 710
pred_s == 0 104
pred_s == 1 922
label_s == 0 444
label_s == 1 582
pred_s == 0 28
pred_s == 1 998
label_s == 0 257
label_s == 1 769
pred_s == 0 0
pred_s == 1 1026
label_s == 0 416
label_s == 1 610
pred_s == 0 263
pred_s == 1 763
label_s == 0 336
label_s == 1 690
pred_s == 0 83
pred_s == 1 943
label_s == 0 570
label_s == 1 456
pred_s == 0 163
pred_s == 1 863
label_s == 0 430
label_s == 1 596
Epoch: 054, Valid Acc: 0.5969, Valid Prec: 0.5969, Valid Rec: 0.6262, Valid F1: 0.7257, Valid Roc: 0.4441, Valid Mcc: -0.0065, Training Time: 11.3875/epoch
pred_s == 0 369
pred_s == 1 657
label_s == 0 429
label_s == 1 597
pred_s == 0 240
pred_s == 1 786
label_s == 0 186
label_s == 1 840
pred_s == 0 216
pred_s == 1 810
label_s == 0 441
label_s == 1 585
pred_s == 0 230
pred_s == 1 796
label_s == 0 316
label_s == 1 710
pred_s == 0 238
pred_s == 1 788
label_s == 0 444
label_s == 1 582
pred_s == 0 190
pred_s == 1 836
label_s == 0 257
label_s == 1 769
pred_s == 0 66
pred_s == 1 960
label_s == 0 416
label_s == 1 610
pred_s == 0 316
pred_s == 1 710
label_s == 0 336
label_s == 1 690
pred_s == 0 219
pred_s == 1 807
label_s == 0 570
label_s == 1 456
pred_s == 0 268
pred_s == 1 758
label_s == 0 430
label_s == 1 596
Epoch: 055, Valid Acc: 0.5619, Valid Prec: 0.5619, Valid Rec: 0.6224, Valid F1: 0.6812, Valid Roc: 0.4913, Valid Mcc: -0.0187, Training Time: 11.5955/epoch
pred_s == 0 222
pred_s == 1 804
label_s == 0 429
label_s == 1 597
pred_s == 0 18
pred_s == 1 1008
label_s == 0 186
label_s == 1 840
pred_s == 0 6
pred_s == 1 1020
label_s == 0 441
label_s == 1 585
pred_s == 0 9
pred_s == 1 1017
label_s == 0 316
label_s == 1 710
pred_s == 0 23
pred_s == 1 1003
label_s == 0 444
label_s == 1 582
pred_s == 0 0
pred_s == 1 1026
label_s == 0 257
label_s == 1 769
pred_s == 0 3
pred_s == 1 1023
label_s == 0 416
label_s == 1 610
pred_s == 0 186
pred_s == 1 840
label_s == 0 336
label_s == 1 690
pred_s == 0 8
pred_s == 1 1018
label_s == 0 570
label_s == 1 456
pred_s == 0 58
pred_s == 1 968
label_s == 0 430
label_s == 1 596
Epoch: 056, Valid Acc: 0.6146, Valid Prec: 0.6146, Valid Rec: 0.6272, Valid F1: 0.7492, Valid Roc: 0.4396, Valid Mcc: -0.0034, Training Time: 11.5813/epoch
pred_s == 0 363
pred_s == 1 663
label_s == 0 429
label_s == 1 597
pred_s == 0 264
pred_s == 1 762
label_s == 0 186
label_s == 1 840
pred_s == 0 233
pred_s == 1 793
label_s == 0 441
label_s == 1 585
pred_s == 0 231
pred_s == 1 795
label_s == 0 316
label_s == 1 710
pred_s == 0 269
pred_s == 1 757
label_s == 0 444
label_s == 1 582
pred_s == 0 215
pred_s == 1 811
label_s == 0 257
label_s == 1 769
pred_s == 0 185
pred_s == 1 841
label_s == 0 416
label_s == 1 610
pred_s == 0 300
pred_s == 1 726
label_s == 0 336
label_s == 1 690
pred_s == 0 236
pred_s == 1 790
label_s == 0 570
label_s == 1 456
pred_s == 0 277
pred_s == 1 749
label_s == 0 430
label_s == 1 596
Epoch: 057, Valid Acc: 0.5548, Valid Prec: 0.5548, Valid Rec: 0.6211, Valid F1: 0.6721, Valid Roc: 0.4873, Valid Mcc: -0.0246, Training Time: 11.5605/epoch
pred_s == 0 373
pred_s == 1 653
label_s == 0 429
label_s == 1 597
pred_s == 0 253
pred_s == 1 773
label_s == 0 186
label_s == 1 840
pred_s == 0 226
pred_s == 1 800
label_s == 0 441
label_s == 1 585
pred_s == 0 253
pred_s == 1 773
label_s == 0 316
label_s == 1 710
pred_s == 0 255
pred_s == 1 771
label_s == 0 444
label_s == 1 582
pred_s == 0 176
pred_s == 1 850
label_s == 0 257
label_s == 1 769
pred_s == 0 48
pred_s == 1 978
label_s == 0 416
label_s == 1 610
pred_s == 0 314
pred_s == 1 712
label_s == 0 336
label_s == 1 690
pred_s == 0 221
pred_s == 1 805
label_s == 0 570
label_s == 1 456
pred_s == 0 278
pred_s == 1 748
label_s == 0 430
label_s == 1 596
Epoch: 058, Valid Acc: 0.5593, Valid Prec: 0.5593, Valid Rec: 0.6214, Valid F1: 0.6782, Valid Roc: 0.4873, Valid Mcc: -0.0233, Training Time: 11.5832/epoch
pred_s == 0 373
pred_s == 1 653
label_s == 0 429
label_s == 1 597
pred_s == 0 246
pred_s == 1 780
label_s == 0 186
label_s == 1 840
pred_s == 0 201
pred_s == 1 825
label_s == 0 441
label_s == 1 585
pred_s == 0 221
pred_s == 1 805
label_s == 0 316
label_s == 1 710
pred_s == 0 251
pred_s == 1 775
label_s == 0 444
label_s == 1 582
pred_s == 0 118
pred_s == 1 908
label_s == 0 257
label_s == 1 769
pred_s == 0 51
pred_s == 1 975
label_s == 0 416
label_s == 1 610
pred_s == 0 311
pred_s == 1 715
label_s == 0 336
label_s == 1 690
pred_s == 0 230
pred_s == 1 796
label_s == 0 570
label_s == 1 456
pred_s == 0 262
pred_s == 1 764
label_s == 0 430
label_s == 1 596
Epoch: 059, Valid Acc: 0.5672, Valid Prec: 0.5672, Valid Rec: 0.6234, Valid F1: 0.6860, Valid Roc: 0.4889, Valid Mcc: -0.0186, Training Time: 11.6138/epoch
pred_s == 0 0
pred_s == 1 1026
label_s == 0 429
label_s == 1 597
pred_s == 0 0
pred_s == 1 1026
label_s == 0 186
label_s == 1 840
pred_s == 0 0
pred_s == 1 1026
label_s == 0 441
label_s == 1 585
pred_s == 0 0
pred_s == 1 1026
label_s == 0 316
label_s == 1 710
pred_s == 0 0
pred_s == 1 1026
label_s == 0 444
label_s == 1 582
pred_s == 0 0
pred_s == 1 1026
label_s == 0 257
label_s == 1 769
pred_s == 0 0
pred_s == 1 1026
label_s == 0 416
label_s == 1 610
pred_s == 0 0
pred_s == 1 1026
label_s == 0 336
label_s == 1 690
pred_s == 0 0
pred_s == 1 1026
label_s == 0 570
label_s == 1 456
pred_s == 0 0
pred_s == 1 1026
label_s == 0 430
label_s == 1 596
Epoch: 060, Valid Acc: 0.6272, Valid Prec: 0.6272, Valid Rec: 0.6272, Valid F1: 0.7661, Valid Roc: 0.0000, Valid Mcc: 0.0000, Training Time: 11.5290/epoch
pred_s == 0 15
pred_s == 1 1011
label_s == 0 429
label_s == 1 597
pred_s == 0 11
pred_s == 1 1015
label_s == 0 186
label_s == 1 840
pred_s == 0 12
pred_s == 1 1014
label_s == 0 441
label_s == 1 585
pred_s == 0 12
pred_s == 1 1014
label_s == 0 316
label_s == 1 710
pred_s == 0 16
pred_s == 1 1010
label_s == 0 444
label_s == 1 582
pred_s == 0 18
pred_s == 1 1008
label_s == 0 257
label_s == 1 769
pred_s == 0 30
pred_s == 1 996
label_s == 0 416
label_s == 1 610
pred_s == 0 6
pred_s == 1 1020
label_s == 0 336
label_s == 1 690
pred_s == 0 16
pred_s == 1 1010
label_s == 0 570
label_s == 1 456
pred_s == 0 10
pred_s == 1 1016
label_s == 0 430
label_s == 1 596
Epoch: 061, Valid Acc: 0.6225, Valid Prec: 0.6225, Valid Rec: 0.6265, Valid F1: 0.7611, Valid Roc: 0.4617, Valid Mcc: -0.0151, Training Time: 11.5603/epoch
pred_s == 0 226
pred_s == 1 800
label_s == 0 429
label_s == 1 597
pred_s == 0 9
pred_s == 1 1017
label_s == 0 186
label_s == 1 840
pred_s == 0 3
pred_s == 1 1023
label_s == 0 441
label_s == 1 585
pred_s == 0 2
pred_s == 1 1024
label_s == 0 316
label_s == 1 710
pred_s == 0 20
pred_s == 1 1006
label_s == 0 444
label_s == 1 582
pred_s == 0 0
pred_s == 1 1026
label_s == 0 257
label_s == 1 769
pred_s == 0 0
pred_s == 1 1026
label_s == 0 416
label_s == 1 610
pred_s == 0 178
pred_s == 1 848
label_s == 0 336
label_s == 1 690
pred_s == 0 1
pred_s == 1 1025
label_s == 0 570
label_s == 1 456
pred_s == 0 36
pred_s == 1 990
label_s == 0 430
label_s == 1 596
Epoch: 062, Valid Acc: 0.6148, Valid Prec: 0.6148, Valid Rec: 0.6264, Valid F1: 0.7500, Valid Roc: 0.4481, Valid Mcc: 0.0032, Training Time: 11.6449/epoch
pred_s == 0 358
pred_s == 1 668
label_s == 0 429
label_s == 1 597
pred_s == 0 192
pred_s == 1 834
label_s == 0 186
label_s == 1 840
pred_s == 0 161
pred_s == 1 865
label_s == 0 441
label_s == 1 585
pred_s == 0 176
pred_s == 1 850
label_s == 0 316
label_s == 1 710
pred_s == 0 227
pred_s == 1 799
label_s == 0 444
label_s == 1 582
pred_s == 0 18
pred_s == 1 1008
label_s == 0 257
label_s == 1 769
pred_s == 0 77
pred_s == 1 949
label_s == 0 416
label_s == 1 610
pred_s == 0 278
pred_s == 1 748
label_s == 0 336
label_s == 1 690
pred_s == 0 167
pred_s == 1 859
label_s == 0 570
label_s == 1 456
pred_s == 0 242
pred_s == 1 784
label_s == 0 430
label_s == 1 596
Epoch: 063, Valid Acc: 0.5779, Valid Prec: 0.5779, Valid Rec: 0.6232, Valid F1: 0.6995, Valid Roc: 0.4818, Valid Mcc: -0.0222, Training Time: 11.6262/epoch
pred_s == 0 383
pred_s == 1 643
label_s == 0 429
label_s == 1 597
pred_s == 0 152
pred_s == 1 874
label_s == 0 186
label_s == 1 840
pred_s == 0 130
pred_s == 1 896
label_s == 0 441
label_s == 1 585
pred_s == 0 156
pred_s == 1 870
label_s == 0 316
label_s == 1 710
pred_s == 0 201
pred_s == 1 825
label_s == 0 444
label_s == 1 582
pred_s == 0 9
pred_s == 1 1017
label_s == 0 257
label_s == 1 769
pred_s == 0 3
pred_s == 1 1023
label_s == 0 416
label_s == 1 610
pred_s == 0 318
pred_s == 1 708
label_s == 0 336
label_s == 1 690
pred_s == 0 100
pred_s == 1 926
label_s == 0 570
label_s == 1 456
pred_s == 0 235
pred_s == 1 791
label_s == 0 430
label_s == 1 596
Epoch: 064, Valid Acc: 0.5803, Valid Prec: 0.5803, Valid Rec: 0.6223, Valid F1: 0.7043, Valid Roc: 0.4852, Valid Mcc: -0.0205, Training Time: 11.6197/epoch
pred_s == 0 276
pred_s == 1 750
label_s == 0 429
label_s == 1 597
pred_s == 0 119
pred_s == 1 907
label_s == 0 186
label_s == 1 840
pred_s == 0 79
pred_s == 1 947
label_s == 0 441
label_s == 1 585
pred_s == 0 47
pred_s == 1 979
label_s == 0 316
label_s == 1 710
pred_s == 0 192
pred_s == 1 834
label_s == 0 444
label_s == 1 582
pred_s == 0 71
pred_s == 1 955
label_s == 0 257
label_s == 1 769
pred_s == 0 108
pred_s == 1 918
label_s == 0 416
label_s == 1 610
pred_s == 0 71
pred_s == 1 955
label_s == 0 336
label_s == 1 690
pred_s == 0 132
pred_s == 1 894
label_s == 0 570
label_s == 1 456
pred_s == 0 133
pred_s == 1 893
label_s == 0 430
label_s == 1 596
Epoch: 065, Valid Acc: 0.5956, Valid Prec: 0.5956, Valid Rec: 0.6235, Valid F1: 0.7247, Valid Roc: 0.4840, Valid Mcc: -0.0214, Training Time: 11.5903/epoch
pred_s == 0 0
pred_s == 1 1026
label_s == 0 429
label_s == 1 597
pred_s == 0 0
pred_s == 1 1026
label_s == 0 186
label_s == 1 840
pred_s == 0 0
pred_s == 1 1026
label_s == 0 441
label_s == 1 585
pred_s == 0 0
pred_s == 1 1026
label_s == 0 316
label_s == 1 710
pred_s == 0 0
pred_s == 1 1026
label_s == 0 444
label_s == 1 582
pred_s == 0 0
pred_s == 1 1026
label_s == 0 257
label_s == 1 769
pred_s == 0 0
pred_s == 1 1026
label_s == 0 416
label_s == 1 610
pred_s == 0 0
pred_s == 1 1026
label_s == 0 336
label_s == 1 690
pred_s == 0 0
pred_s == 1 1026
label_s == 0 570
label_s == 1 456
pred_s == 0 0
pred_s == 1 1026
label_s == 0 430
label_s == 1 596
Epoch: 066, Valid Acc: 0.6272, Valid Prec: 0.6272, Valid Rec: 0.6272, Valid F1: 0.7661, Valid Roc: 0.0000, Valid Mcc: 0.0000, Training Time: 11.5927/epoch
pred_s == 0 0
pred_s == 1 1026
label_s == 0 429
label_s == 1 597
pred_s == 0 0
pred_s == 1 1026
label_s == 0 186
label_s == 1 840
pred_s == 0 0
pred_s == 1 1026
label_s == 0 441
label_s == 1 585
pred_s == 0 0
pred_s == 1 1026
label_s == 0 316
label_s == 1 710
pred_s == 0 0
pred_s == 1 1026
label_s == 0 444
label_s == 1 582
pred_s == 0 0
pred_s == 1 1026
label_s == 0 257
label_s == 1 769
pred_s == 0 0
pred_s == 1 1026
label_s == 0 416
label_s == 1 610
pred_s == 0 0
pred_s == 1 1026
label_s == 0 336
label_s == 1 690
pred_s == 0 0
pred_s == 1 1026
label_s == 0 570
label_s == 1 456
pred_s == 0 0
pred_s == 1 1026
label_s == 0 430
label_s == 1 596
Epoch: 067, Valid Acc: 0.6272, Valid Prec: 0.6272, Valid Rec: 0.6272, Valid F1: 0.7661, Valid Roc: 0.0000, Valid Mcc: 0.0000, Training Time: 11.5741/epoch
pred_s == 0 0
pred_s == 1 1026
label_s == 0 429
label_s == 1 597
pred_s == 0 0
pred_s == 1 1026
label_s == 0 186
label_s == 1 840
pred_s == 0 0
pred_s == 1 1026
label_s == 0 441
label_s == 1 585
pred_s == 0 0
pred_s == 1 1026
label_s == 0 316
label_s == 1 710
pred_s == 0 0
pred_s == 1 1026
label_s == 0 444
label_s == 1 582
pred_s == 0 0
pred_s == 1 1026
label_s == 0 257
label_s == 1 769
pred_s == 0 0
pred_s == 1 1026
label_s == 0 416
label_s == 1 610
pred_s == 0 7
pred_s == 1 1019
label_s == 0 336
label_s == 1 690
pred_s == 0 0
pred_s == 1 1026
label_s == 0 570
label_s == 1 456
pred_s == 0 0
pred_s == 1 1026
label_s == 0 430
label_s == 1 596
Epoch: 068, Valid Acc: 0.6267, Valid Prec: 0.6267, Valid Rec: 0.6271, Valid F1: 0.7657, Valid Roc: 0.0407, Valid Mcc: -0.0033, Training Time: 11.5128/epoch
pred_s == 0 298
pred_s == 1 728
label_s == 0 429
label_s == 1 597
pred_s == 0 71
pred_s == 1 955
label_s == 0 186
label_s == 1 840
pred_s == 0 54
pred_s == 1 972
label_s == 0 441
label_s == 1 585
pred_s == 0 70
pred_s == 1 956
label_s == 0 316
label_s == 1 710
pred_s == 0 122
pred_s == 1 904
label_s == 0 444
label_s == 1 582
pred_s == 0 37
pred_s == 1 989
label_s == 0 257
label_s == 1 769
pred_s == 0 88
pred_s == 1 938
label_s == 0 416
label_s == 1 610
pred_s == 0 262
pred_s == 1 764
label_s == 0 336
label_s == 1 690
pred_s == 0 95
pred_s == 1 931
label_s == 0 570
label_s == 1 456
pred_s == 0 155
pred_s == 1 871
label_s == 0 430
label_s == 1 596
Epoch: 069, Valid Acc: 0.5970, Valid Prec: 0.5970, Valid Rec: 0.6259, Valid F1: 0.7250, Valid Roc: 0.4905, Valid Mcc: -0.0106, Training Time: 11.5720/epoch
pred_s == 0 170
pred_s == 1 856
label_s == 0 429
label_s == 1 597
pred_s == 0 50
pred_s == 1 976
label_s == 0 186
label_s == 1 840
pred_s == 0 48
pred_s == 1 978
label_s == 0 441
label_s == 1 585
pred_s == 0 42
pred_s == 1 984
label_s == 0 316
label_s == 1 710
pred_s == 0 69
pred_s == 1 957
label_s == 0 444
label_s == 1 582
pred_s == 0 47
pred_s == 1 979
label_s == 0 257
label_s == 1 769
pred_s == 0 50
pred_s == 1 976
label_s == 0 416
label_s == 1 610
pred_s == 0 97
pred_s == 1 929
label_s == 0 336
label_s == 1 690
pred_s == 0 50
pred_s == 1 976
label_s == 0 570
label_s == 1 456
pred_s == 0 83
pred_s == 1 943
label_s == 0 430
label_s == 1 596
Epoch: 070, Valid Acc: 0.6077, Valid Prec: 0.6077, Valid Rec: 0.6254, Valid F1: 0.7428, Valid Roc: 0.4855, Valid Mcc: -0.0148, Training Time: 11.5343/epoch
pred_s == 0 4
pred_s == 1 1022
label_s == 0 429
label_s == 1 597
pred_s == 0 1
pred_s == 1 1025
label_s == 0 186
label_s == 1 840
pred_s == 0 9
pred_s == 1 1017
label_s == 0 441
label_s == 1 585
pred_s == 0 0
pred_s == 1 1026
label_s == 0 316
label_s == 1 710
pred_s == 0 11
pred_s == 1 1015
label_s == 0 444
label_s == 1 582
pred_s == 0 31
pred_s == 1 995
label_s == 0 257
label_s == 1 769
pred_s == 0 121
pred_s == 1 905
label_s == 0 416
label_s == 1 610
pred_s == 0 1
pred_s == 1 1025
label_s == 0 336
label_s == 1 690
pred_s == 0 2
pred_s == 1 1024
label_s == 0 570
label_s == 1 456
pred_s == 0 33
pred_s == 1 993
label_s == 0 430
label_s == 1 596
Epoch: 071, Valid Acc: 0.6209, Valid Prec: 0.6209, Valid Rec: 0.6262, Valid F1: 0.7587, Valid Roc: 0.4526, Valid Mcc: -0.0055, Training Time: 11.5765/epoch
pred_s == 0 86
pred_s == 1 940
label_s == 0 429
label_s == 1 597
pred_s == 0 10
pred_s == 1 1016
label_s == 0 186
label_s == 1 840
pred_s == 0 5
pred_s == 1 1021
label_s == 0 441
label_s == 1 585
pred_s == 0 10
pred_s == 1 1016
label_s == 0 316
label_s == 1 710
pred_s == 0 7
pred_s == 1 1019
label_s == 0 444
label_s == 1 582
pred_s == 0 0
pred_s == 1 1026
label_s == 0 257
label_s == 1 769
pred_s == 0 1
pred_s == 1 1025
label_s == 0 416
label_s == 1 610
pred_s == 0 99
pred_s == 1 927
label_s == 0 336
label_s == 1 690
pred_s == 0 5
pred_s == 1 1021
label_s == 0 570
label_s == 1 456
pred_s == 0 10
pred_s == 1 1016
label_s == 0 430
label_s == 1 596
Epoch: 072, Valid Acc: 0.6212, Valid Prec: 0.6212, Valid Rec: 0.6272, Valid F1: 0.7590, Valid Roc: 0.4157, Valid Mcc: -0.0060, Training Time: 11.4847/epoch
pred_s == 0 19
pred_s == 1 1007
label_s == 0 429
label_s == 1 597
pred_s == 0 0
pred_s == 1 1026
label_s == 0 186
label_s == 1 840
pred_s == 0 0
pred_s == 1 1026
label_s == 0 441
label_s == 1 585
pred_s == 0 1
pred_s == 1 1025
label_s == 0 316
label_s == 1 710
pred_s == 0 0
pred_s == 1 1026
label_s == 0 444
label_s == 1 582
pred_s == 0 0
pred_s == 1 1026
label_s == 0 257
label_s == 1 769
pred_s == 0 0
pred_s == 1 1026
label_s == 0 416
label_s == 1 610
pred_s == 0 31
pred_s == 1 995
label_s == 0 336
label_s == 1 690
pred_s == 0 0
pred_s == 1 1026
label_s == 0 570
label_s == 1 456
pred_s == 0 0
pred_s == 1 1026
label_s == 0 430
label_s == 1 596
Epoch: 073, Valid Acc: 0.6250, Valid Prec: 0.6250, Valid Rec: 0.6268, Valid F1: 0.7640, Valid Roc: 0.1248, Valid Mcc: -0.0078, Training Time: 11.5707/epoch
pred_s == 0 20
pred_s == 1 1006
label_s == 0 429
label_s == 1 597
pred_s == 0 0
pred_s == 1 1026
label_s == 0 186
label_s == 1 840
pred_s == 0 0
pred_s == 1 1026
label_s == 0 441
label_s == 1 585
pred_s == 0 0
pred_s == 1 1026
label_s == 0 316
label_s == 1 710
pred_s == 0 0
pred_s == 1 1026
label_s == 0 444
label_s == 1 582
pred_s == 0 0
pred_s == 1 1026
label_s == 0 257
label_s == 1 769
pred_s == 0 0
pred_s == 1 1026
label_s == 0 416
label_s == 1 610
pred_s == 0 22
pred_s == 1 1004
label_s == 0 336
label_s == 1 690
pred_s == 0 0
pred_s == 1 1026
label_s == 0 570
label_s == 1 456
pred_s == 0 1
pred_s == 1 1025
label_s == 0 430
label_s == 1 596
Epoch: 074, Valid Acc: 0.6279, Valid Prec: 0.6279, Valid Rec: 0.6281, Valid F1: 0.7659, Valid Roc: 0.1518, Valid Mcc: 0.0109, Training Time: 11.5440/epoch
pred_s == 0 0
pred_s == 1 1026
label_s == 0 429
label_s == 1 597
pred_s == 0 0
pred_s == 1 1026
label_s == 0 186
label_s == 1 840
pred_s == 0 0
pred_s == 1 1026
label_s == 0 441
label_s == 1 585
pred_s == 0 0
pred_s == 1 1026
label_s == 0 316
label_s == 1 710
pred_s == 0 0
pred_s == 1 1026
label_s == 0 444
label_s == 1 582
pred_s == 0 0
pred_s == 1 1026
label_s == 0 257
label_s == 1 769
pred_s == 0 0
pred_s == 1 1026
label_s == 0 416
label_s == 1 610
pred_s == 0 0
pred_s == 1 1026
label_s == 0 336
label_s == 1 690
pred_s == 0 0
pred_s == 1 1026
label_s == 0 570
label_s == 1 456
pred_s == 0 0
pred_s == 1 1026
label_s == 0 430
label_s == 1 596
Epoch: 075, Valid Acc: 0.6272, Valid Prec: 0.6272, Valid Rec: 0.6272, Valid F1: 0.7661, Valid Roc: 0.0000, Valid Mcc: 0.0000, Training Time: 11.4905/epoch
pred_s == 0 252
pred_s == 1 774
label_s == 0 429
label_s == 1 597
pred_s == 0 4
pred_s == 1 1022
label_s == 0 186
label_s == 1 840
pred_s == 0 11
pred_s == 1 1015
label_s == 0 441
label_s == 1 585
pred_s == 0 22
pred_s == 1 1004
label_s == 0 316
label_s == 1 710
pred_s == 0 30
pred_s == 1 996
label_s == 0 444
label_s == 1 582
pred_s == 0 0
pred_s == 1 1026
label_s == 0 257
label_s == 1 769
pred_s == 0 0
pred_s == 1 1026
label_s == 0 416
label_s == 1 610
pred_s == 0 229
pred_s == 1 797
label_s == 0 336
label_s == 1 690
pred_s == 0 4
pred_s == 1 1022
label_s == 0 570
label_s == 1 456
pred_s == 0 79
pred_s == 1 947
label_s == 0 430
label_s == 1 596
Epoch: 076, Valid Acc: 0.6113, Valid Prec: 0.6113, Valid Rec: 0.6263, Valid F1: 0.7447, Valid Roc: 0.3989, Valid Mcc: -0.0039, Training Time: 11.4860/epoch
pred_s == 0 20
pred_s == 1 1006
label_s == 0 429
label_s == 1 597
pred_s == 0 0
pred_s == 1 1026
label_s == 0 186
label_s == 1 840
pred_s == 0 0
pred_s == 1 1026
label_s == 0 441
label_s == 1 585
pred_s == 0 0
pred_s == 1 1026
label_s == 0 316
label_s == 1 710
pred_s == 0 0
pred_s == 1 1026
label_s == 0 444
label_s == 1 582
pred_s == 0 0
pred_s == 1 1026
label_s == 0 257
label_s == 1 769
pred_s == 0 0
pred_s == 1 1026
label_s == 0 416
label_s == 1 610
pred_s == 0 34
pred_s == 1 992
label_s == 0 336
label_s == 1 690
pred_s == 0 0
pred_s == 1 1026
label_s == 0 570
label_s == 1 456
pred_s == 0 0
pred_s == 1 1026
label_s == 0 430
label_s == 1 596
Epoch: 077, Valid Acc: 0.6247, Valid Prec: 0.6247, Valid Rec: 0.6266, Valid F1: 0.7638, Valid Roc: 0.0923, Valid Mcc: -0.0062, Training Time: 11.4450/epoch
pred_s == 0 0
pred_s == 1 1026
label_s == 0 429
label_s == 1 597
pred_s == 0 0
pred_s == 1 1026
label_s == 0 186
label_s == 1 840
pred_s == 0 0
pred_s == 1 1026
label_s == 0 441
label_s == 1 585
pred_s == 0 0
pred_s == 1 1026
label_s == 0 316
label_s == 1 710
pred_s == 0 0
pred_s == 1 1026
label_s == 0 444
label_s == 1 582
pred_s == 0 0
pred_s == 1 1026
label_s == 0 257
label_s == 1 769
pred_s == 0 0
pred_s == 1 1026
label_s == 0 416
label_s == 1 610
pred_s == 0 3
pred_s == 1 1023
label_s == 0 336
label_s == 1 690
pred_s == 0 0
pred_s == 1 1026
label_s == 0 570
label_s == 1 456
pred_s == 0 0
pred_s == 1 1026
label_s == 0 430
label_s == 1 596
Epoch: 078, Valid Acc: 0.6275, Valid Prec: 0.6275, Valid Rec: 0.6274, Valid F1: 0.7663, Valid Roc: 0.0837, Valid Mcc: 0.0078, Training Time: 11.4845/epoch
pred_s == 0 0
pred_s == 1 1026
label_s == 0 429
label_s == 1 597
pred_s == 0 0
pred_s == 1 1026
label_s == 0 186
label_s == 1 840
pred_s == 0 0
pred_s == 1 1026
label_s == 0 441
label_s == 1 585
pred_s == 0 0
pred_s == 1 1026
label_s == 0 316
label_s == 1 710
pred_s == 0 0
pred_s == 1 1026
label_s == 0 444
label_s == 1 582
pred_s == 0 0
pred_s == 1 1026
label_s == 0 257
label_s == 1 769
pred_s == 0 0
pred_s == 1 1026
label_s == 0 416
label_s == 1 610
pred_s == 0 0
pred_s == 1 1026
label_s == 0 336
label_s == 1 690
pred_s == 0 0
pred_s == 1 1026
label_s == 0 570
label_s == 1 456
pred_s == 0 0
pred_s == 1 1026
label_s == 0 430
label_s == 1 596
Epoch: 079, Valid Acc: 0.6272, Valid Prec: 0.6272, Valid Rec: 0.6272, Valid F1: 0.7661, Valid Roc: 0.0000, Valid Mcc: 0.0000, Training Time: 11.5001/epoch
pred_s == 0 320
pred_s == 1 706
label_s == 0 429
label_s == 1 597
pred_s == 0 188
pred_s == 1 838
label_s == 0 186
label_s == 1 840
pred_s == 0 186
pred_s == 1 840
label_s == 0 441
label_s == 1 585
pred_s == 0 181
pred_s == 1 845
label_s == 0 316
label_s == 1 710
pred_s == 0 218
pred_s == 1 808
label_s == 0 444
label_s == 1 582
pred_s == 0 188
pred_s == 1 838
label_s == 0 257
label_s == 1 769
pred_s == 0 214
pred_s == 1 812
label_s == 0 416
label_s == 1 610
pred_s == 0 251
pred_s == 1 775
label_s == 0 336
label_s == 1 690
pred_s == 0 183
pred_s == 1 843
label_s == 0 570
label_s == 1 456
pred_s == 0 230
pred_s == 1 796
label_s == 0 430
label_s == 1 596
Epoch: 080, Valid Acc: 0.5651, Valid Prec: 0.5651, Valid Rec: 0.6208, Valid F1: 0.6882, Valid Roc: 0.4850, Valid Mcc: -0.0279, Training Time: 11.4847/epoch
pred_s == 0 0
pred_s == 1 1026
label_s == 0 429
label_s == 1 597
pred_s == 0 0
pred_s == 1 1026
label_s == 0 186
label_s == 1 840
pred_s == 0 0
pred_s == 1 1026
label_s == 0 441
label_s == 1 585
pred_s == 0 0
pred_s == 1 1026
label_s == 0 316
label_s == 1 710
pred_s == 0 0
pred_s == 1 1026
label_s == 0 444
label_s == 1 582
pred_s == 0 0
pred_s == 1 1026
label_s == 0 257
label_s == 1 769
pred_s == 0 0
pred_s == 1 1026
label_s == 0 416
label_s == 1 610
pred_s == 0 0
pred_s == 1 1026
label_s == 0 336
label_s == 1 690
pred_s == 0 0
pred_s == 1 1026
label_s == 0 570
label_s == 1 456
pred_s == 0 0
pred_s == 1 1026
label_s == 0 430
label_s == 1 596
Epoch: 081, Valid Acc: 0.6272, Valid Prec: 0.6272, Valid Rec: 0.6272, Valid F1: 0.7661, Valid Roc: 0.0000, Valid Mcc: 0.0000, Training Time: 11.4537/epoch
pred_s == 0 37
pred_s == 1 989
label_s == 0 429
label_s == 1 597
pred_s == 0 0
pred_s == 1 1026
label_s == 0 186
label_s == 1 840
pred_s == 0 3
pred_s == 1 1023
label_s == 0 441
label_s == 1 585
pred_s == 0 7
pred_s == 1 1019
label_s == 0 316
label_s == 1 710
pred_s == 0 4
pred_s == 1 1022
label_s == 0 444
label_s == 1 582
pred_s == 0 0
pred_s == 1 1026
label_s == 0 257
label_s == 1 769
pred_s == 0 1
pred_s == 1 1025
label_s == 0 416
label_s == 1 610
pred_s == 0 68
pred_s == 1 958
label_s == 0 336
label_s == 1 690
pred_s == 0 1
pred_s == 1 1025
label_s == 0 570
label_s == 1 456
pred_s == 0 9
pred_s == 1 1017
label_s == 0 430
label_s == 1 596
Epoch: 082, Valid Acc: 0.6252, Valid Prec: 0.6252, Valid Rec: 0.6280, Valid F1: 0.7631, Valid Roc: 0.3516, Valid Mcc: -0.0007, Training Time: 11.4785/epoch
pred_s == 0 0
pred_s == 1 1026
label_s == 0 429
label_s == 1 597
pred_s == 0 0
pred_s == 1 1026
label_s == 0 186
label_s == 1 840
pred_s == 0 0
pred_s == 1 1026
label_s == 0 441
label_s == 1 585
pred_s == 0 0
pred_s == 1 1026
label_s == 0 316
label_s == 1 710
pred_s == 0 0
pred_s == 1 1026
label_s == 0 444
label_s == 1 582
pred_s == 0 0
pred_s == 1 1026
label_s == 0 257
label_s == 1 769
pred_s == 0 0
pred_s == 1 1026
label_s == 0 416
label_s == 1 610
pred_s == 0 0
pred_s == 1 1026
label_s == 0 336
label_s == 1 690
pred_s == 0 0
pred_s == 1 1026
label_s == 0 570
label_s == 1 456
pred_s == 0 0
pred_s == 1 1026
label_s == 0 430
label_s == 1 596
Epoch: 083, Valid Acc: 0.6272, Valid Prec: 0.6272, Valid Rec: 0.6272, Valid F1: 0.7661, Valid Roc: 0.0000, Valid Mcc: 0.0000, Training Time: 11.5061/epoch
pred_s == 0 0
pred_s == 1 1026
label_s == 0 429
label_s == 1 597
pred_s == 0 0
pred_s == 1 1026
label_s == 0 186
label_s == 1 840
pred_s == 0 0
pred_s == 1 1026
label_s == 0 441
label_s == 1 585
pred_s == 0 1
pred_s == 1 1025
label_s == 0 316
label_s == 1 710
pred_s == 0 0
pred_s == 1 1026
label_s == 0 444
label_s == 1 582
pred_s == 0 0
pred_s == 1 1026
label_s == 0 257
label_s == 1 769
pred_s == 0 0
pred_s == 1 1026
label_s == 0 416
label_s == 1 610
pred_s == 0 14
pred_s == 1 1012
label_s == 0 336
label_s == 1 690
pred_s == 0 0
pred_s == 1 1026
label_s == 0 570
label_s == 1 456
pred_s == 0 0
pred_s == 1 1026
label_s == 0 430
label_s == 1 596
Epoch: 084, Valid Acc: 0.6261, Valid Prec: 0.6261, Valid Rec: 0.6269, Valid F1: 0.7653, Valid Roc: 0.0752, Valid Mcc: -0.0067, Training Time: 11.5147/epoch
pred_s == 0 248
pred_s == 1 778
label_s == 0 429
label_s == 1 597
pred_s == 0 153
pred_s == 1 873
label_s == 0 186
label_s == 1 840
pred_s == 0 92
pred_s == 1 934
label_s == 0 441
label_s == 1 585
pred_s == 0 129
pred_s == 1 897
label_s == 0 316
label_s == 1 710
pred_s == 0 125
pred_s == 1 901
label_s == 0 444
label_s == 1 582
pred_s == 0 9
pred_s == 1 1017
label_s == 0 257
label_s == 1 769
pred_s == 0 7
pred_s == 1 1019
label_s == 0 416
label_s == 1 610
pred_s == 0 226
pred_s == 1 800
label_s == 0 336
label_s == 1 690
pred_s == 0 16
pred_s == 1 1010
label_s == 0 570
label_s == 1 456
pred_s == 0 164
pred_s == 1 862
label_s == 0 430
label_s == 1 596
Epoch: 085, Valid Acc: 0.5875, Valid Prec: 0.5875, Valid Rec: 0.6224, Valid F1: 0.7221, Valid Roc: 0.4728, Valid Mcc: -0.0270, Training Time: 11.5164/epoch
pred_s == 0 1025
pred_s == 1 1
label_s == 0 429
label_s == 1 597
pred_s == 0 1024
pred_s == 1 2
label_s == 0 186
label_s == 1 840
pred_s == 0 1026
pred_s == 1 0
label_s == 0 441
label_s == 1 585
pred_s == 0 1021
pred_s == 1 5
label_s == 0 316
label_s == 1 710
pred_s == 0 1024
pred_s == 1 2
label_s == 0 444
label_s == 1 582
pred_s == 0 1022
pred_s == 1 4
label_s == 0 257
label_s == 1 769
pred_s == 0 1021
pred_s == 1 5
label_s == 0 416
label_s == 1 610
pred_s == 0 1026
pred_s == 1 0
label_s == 0 336
label_s == 1 690
pred_s == 0 1023
pred_s == 1 3
label_s == 0 570
label_s == 1 456
pred_s == 0 1022
pred_s == 1 4
label_s == 0 430
label_s == 1 596
Epoch: 086, Valid Acc: 0.3738, Valid Prec: 0.3738, Valid Rec: 0.5900, Valid F1: 0.0059, Valid Roc: 0.4436, Valid Mcc: 0.0066, Training Time: 11.5062/epoch
pred_s == 0 111
pred_s == 1 915
label_s == 0 429
label_s == 1 597
pred_s == 0 98
pred_s == 1 928
label_s == 0 186
label_s == 1 840
pred_s == 0 96
pred_s == 1 930
label_s == 0 441
label_s == 1 585
pred_s == 0 78
pred_s == 1 948
label_s == 0 316
label_s == 1 710
pred_s == 0 108
pred_s == 1 918
label_s == 0 444
label_s == 1 582
pred_s == 0 91
pred_s == 1 935
label_s == 0 257
label_s == 1 769
pred_s == 0 100
pred_s == 1 926
label_s == 0 416
label_s == 1 610
pred_s == 0 86
pred_s == 1 940
label_s == 0 336
label_s == 1 690
pred_s == 0 94
pred_s == 1 932
label_s == 0 570
label_s == 1 456
pred_s == 0 98
pred_s == 1 928
label_s == 0 430
label_s == 1 596
Epoch: 087, Valid Acc: 0.5962, Valid Prec: 0.5962, Valid Rec: 0.6229, Valid F1: 0.7321, Valid Roc: 0.4766, Valid Mcc: -0.0301, Training Time: 11.5001/epoch
pred_s == 0 0
pred_s == 1 1026
label_s == 0 429
label_s == 1 597
pred_s == 0 0
pred_s == 1 1026
label_s == 0 186
label_s == 1 840
pred_s == 0 0
pred_s == 1 1026
label_s == 0 441
label_s == 1 585
pred_s == 0 0
pred_s == 1 1026
label_s == 0 316
label_s == 1 710
pred_s == 0 0
pred_s == 1 1026
label_s == 0 444
label_s == 1 582
pred_s == 0 0
pred_s == 1 1026
label_s == 0 257
label_s == 1 769
pred_s == 0 0
pred_s == 1 1026
label_s == 0 416
label_s == 1 610
pred_s == 0 0
pred_s == 1 1026
label_s == 0 336
label_s == 1 690
pred_s == 0 0
pred_s == 1 1026
label_s == 0 570
label_s == 1 456
pred_s == 0 0
pred_s == 1 1026
label_s == 0 430
label_s == 1 596
Epoch: 088, Valid Acc: 0.6272, Valid Prec: 0.6272, Valid Rec: 0.6272, Valid F1: 0.7661, Valid Roc: 0.0000, Valid Mcc: 0.0000, Training Time: 11.5246/epoch
pred_s == 0 21
pred_s == 1 1005
label_s == 0 429
label_s == 1 597
pred_s == 0 23
pred_s == 1 1003
label_s == 0 186
label_s == 1 840
pred_s == 0 17
pred_s == 1 1009
label_s == 0 441
label_s == 1 585
pred_s == 0 30
pred_s == 1 996
label_s == 0 316
label_s == 1 710
pred_s == 0 20
pred_s == 1 1006
label_s == 0 444
label_s == 1 582
pred_s == 0 18
pred_s == 1 1008
label_s == 0 257
label_s == 1 769
pred_s == 0 19
pred_s == 1 1007
label_s == 0 416
label_s == 1 610
pred_s == 0 21
pred_s == 1 1005
label_s == 0 336
label_s == 1 690
pred_s == 0 17
pred_s == 1 1009
label_s == 0 570
label_s == 1 456
pred_s == 0 35
pred_s == 1 991
label_s == 0 430
label_s == 1 596
Epoch: 089, Valid Acc: 0.6214, Valid Prec: 0.6214, Valid Rec: 0.6272, Valid F1: 0.7596, Valid Roc: 0.5035, Valid Mcc: 0.0005, Training Time: 11.5126/epoch
pred_s == 0 377
pred_s == 1 649
label_s == 0 429
label_s == 1 597
pred_s == 0 326
pred_s == 1 700
label_s == 0 186
label_s == 1 840
pred_s == 0 282
pred_s == 1 744
label_s == 0 441
label_s == 1 585
pred_s == 0 290
pred_s == 1 736
label_s == 0 316
label_s == 1 710
pred_s == 0 304
pred_s == 1 722
label_s == 0 444
label_s == 1 582
pred_s == 0 294
pred_s == 1 732
label_s == 0 257
label_s == 1 769
pred_s == 0 316
pred_s == 1 710
label_s == 0 416
label_s == 1 610
pred_s == 0 290
pred_s == 1 736
label_s == 0 336
label_s == 1 690
pred_s == 0 318
pred_s == 1 708
label_s == 0 570
label_s == 1 456
pred_s == 0 326
pred_s == 1 700
label_s == 0 430
label_s == 1 596
Epoch: 090, Valid Acc: 0.5411, Valid Prec: 0.5411, Valid Rec: 0.6201, Valid F1: 0.6494, Valid Roc: 0.4891, Valid Mcc: -0.0242, Training Time: 11.5466/epoch
pred_s == 0 345
pred_s == 1 681
label_s == 0 429
label_s == 1 597
pred_s == 0 285
pred_s == 1 741
label_s == 0 186
label_s == 1 840
pred_s == 0 260
pred_s == 1 766
label_s == 0 441
label_s == 1 585
pred_s == 0 280
pred_s == 1 746
label_s == 0 316
label_s == 1 710
pred_s == 0 279
pred_s == 1 747
label_s == 0 444
label_s == 1 582
pred_s == 0 270
pred_s == 1 756
label_s == 0 257
label_s == 1 769
pred_s == 0 284
pred_s == 1 742
label_s == 0 416
label_s == 1 610
pred_s == 0 279
pred_s == 1 747
label_s == 0 336
label_s == 1 690
pred_s == 0 265
pred_s == 1 761
label_s == 0 570
label_s == 1 456
pred_s == 0 292
pred_s == 1 734
label_s == 0 430
label_s == 1 596
Epoch: 091, Valid Acc: 0.5435, Valid Prec: 0.5435, Valid Rec: 0.6177, Valid F1: 0.6584, Valid Roc: 0.4839, Valid Mcc: -0.0339, Training Time: 11.5893/epoch
pred_s == 0 0
pred_s == 1 1026
label_s == 0 429
label_s == 1 597
pred_s == 0 0
pred_s == 1 1026
label_s == 0 186
label_s == 1 840
pred_s == 0 0
pred_s == 1 1026
label_s == 0 441
label_s == 1 585
pred_s == 0 0
pred_s == 1 1026
label_s == 0 316
label_s == 1 710
pred_s == 0 0
pred_s == 1 1026
label_s == 0 444
label_s == 1 582
pred_s == 0 0
pred_s == 1 1026
label_s == 0 257
label_s == 1 769
pred_s == 0 0
pred_s == 1 1026
label_s == 0 416
label_s == 1 610
pred_s == 0 0
pred_s == 1 1026
label_s == 0 336
label_s == 1 690
pred_s == 0 0
pred_s == 1 1026
label_s == 0 570
label_s == 1 456
pred_s == 0 0
pred_s == 1 1026
label_s == 0 430
label_s == 1 596
Epoch: 092, Valid Acc: 0.6272, Valid Prec: 0.6272, Valid Rec: 0.6272, Valid F1: 0.7661, Valid Roc: 0.0000, Valid Mcc: 0.0000, Training Time: 11.5356/epoch
pred_s == 0 169
pred_s == 1 857
label_s == 0 429
label_s == 1 597
pred_s == 0 150
pred_s == 1 876
label_s == 0 186
label_s == 1 840
pred_s == 0 126
pred_s == 1 900
label_s == 0 441
label_s == 1 585
pred_s == 0 146
pred_s == 1 880
label_s == 0 316
label_s == 1 710
pred_s == 0 147
pred_s == 1 879
label_s == 0 444
label_s == 1 582
pred_s == 0 155
pred_s == 1 871
label_s == 0 257
label_s == 1 769
pred_s == 0 149
pred_s == 1 877
label_s == 0 416
label_s == 1 610
pred_s == 0 151
pred_s == 1 875
label_s == 0 336
label_s == 1 690
pred_s == 0 152
pred_s == 1 874
label_s == 0 570
label_s == 1 456
pred_s == 0 156
pred_s == 1 870
label_s == 0 430
label_s == 1 596
Epoch: 093, Valid Acc: 0.5809, Valid Prec: 0.5809, Valid Rec: 0.6219, Valid F1: 0.7129, Valid Roc: 0.4826, Valid Mcc: -0.0285, Training Time: 11.5276/epoch
pred_s == 0 397
pred_s == 1 629
label_s == 0 429
label_s == 1 597
pred_s == 0 352
pred_s == 1 674
label_s == 0 186
label_s == 1 840
pred_s == 0 331
pred_s == 1 695
label_s == 0 441
label_s == 1 585
pred_s == 0 338
pred_s == 1 688
label_s == 0 316
label_s == 1 710
pred_s == 0 345
pred_s == 1 681
label_s == 0 444
label_s == 1 582
pred_s == 0 337
pred_s == 1 689
label_s == 0 257
label_s == 1 769
pred_s == 0 357
pred_s == 1 669
label_s == 0 416
label_s == 1 610
pred_s == 0 318
pred_s == 1 708
label_s == 0 336
label_s == 1 690
pred_s == 0 334
pred_s == 1 692
label_s == 0 570
label_s == 1 456
pred_s == 0 349
pred_s == 1 677
label_s == 0 430
label_s == 1 596
Epoch: 094, Valid Acc: 0.5307, Valid Prec: 0.5307, Valid Rec: 0.6185, Valid F1: 0.6330, Valid Roc: 0.4881, Valid Mcc: -0.0270, Training Time: 11.5302/epoch
pred_s == 0 109
pred_s == 1 917
label_s == 0 429
label_s == 1 597
pred_s == 0 128
pred_s == 1 898
label_s == 0 186
label_s == 1 840
pred_s == 0 126
pred_s == 1 900
label_s == 0 441
label_s == 1 585
pred_s == 0 94
pred_s == 1 932
label_s == 0 316
label_s == 1 710
pred_s == 0 111
pred_s == 1 915
label_s == 0 444
label_s == 1 582
pred_s == 0 192
pred_s == 1 834
label_s == 0 257
label_s == 1 769
pred_s == 0 160
pred_s == 1 866
label_s == 0 416
label_s == 1 610
pred_s == 0 69
pred_s == 1 957
label_s == 0 336
label_s == 1 690
pred_s == 0 102
pred_s == 1 924
label_s == 0 570
label_s == 1 456
pred_s == 0 117
pred_s == 1 909
label_s == 0 430
label_s == 1 596
Epoch: 095, Valid Acc: 0.5907, Valid Prec: 0.5907, Valid Rec: 0.6245, Valid F1: 0.7249, Valid Roc: 0.4900, Valid Mcc: -0.0162, Training Time: 11.5308/epoch
pred_s == 0 5
pred_s == 1 1021
label_s == 0 429
label_s == 1 597
pred_s == 0 10
pred_s == 1 1016
label_s == 0 186
label_s == 1 840
pred_s == 0 13
pred_s == 1 1013
label_s == 0 441
label_s == 1 585
pred_s == 0 7
pred_s == 1 1019
label_s == 0 316
label_s == 1 710
pred_s == 0 6
pred_s == 1 1020
label_s == 0 444
label_s == 1 582
pred_s == 0 81
pred_s == 1 945
label_s == 0 257
label_s == 1 769
pred_s == 0 34
pred_s == 1 992
label_s == 0 416
label_s == 1 610
pred_s == 0 4
pred_s == 1 1022
label_s == 0 336
label_s == 1 690
pred_s == 0 4
pred_s == 1 1022
label_s == 0 570
label_s == 1 456
pred_s == 0 3
pred_s == 1 1023
label_s == 0 430
label_s == 1 596
Epoch: 096, Valid Acc: 0.6177, Valid Prec: 0.6177, Valid Rec: 0.6253, Valid F1: 0.7585, Valid Roc: 0.4559, Valid Mcc: -0.0242, Training Time: 11.5550/epoch
pred_s == 0 0
pred_s == 1 1026
label_s == 0 429
label_s == 1 597
pred_s == 0 5
pred_s == 1 1021
label_s == 0 186
label_s == 1 840
pred_s == 0 9
pred_s == 1 1017
label_s == 0 441
label_s == 1 585
pred_s == 0 0
pred_s == 1 1026
label_s == 0 316
label_s == 1 710
pred_s == 0 4
pred_s == 1 1022
label_s == 0 444
label_s == 1 582
pred_s == 0 107
pred_s == 1 919
label_s == 0 257
label_s == 1 769
pred_s == 0 18
pred_s == 1 1008
label_s == 0 416
label_s == 1 610
pred_s == 0 0
pred_s == 1 1026
label_s == 0 336
label_s == 1 690
pred_s == 0 0
pred_s == 1 1026
label_s == 0 570
label_s == 1 456
pred_s == 0 1
pred_s == 1 1025
label_s == 0 430
label_s == 1 596
Epoch: 097, Valid Acc: 0.6204, Valid Prec: 0.6204, Valid Rec: 0.6268, Valid F1: 0.7605, Valid Roc: 0.2602, Valid Mcc: -0.0099, Training Time: 11.5601/epoch
pred_s == 0 2
pred_s == 1 1024
label_s == 0 429
label_s == 1 597
pred_s == 0 0
pred_s == 1 1026
label_s == 0 186
label_s == 1 840
pred_s == 0 7
pred_s == 1 1019
label_s == 0 441
label_s == 1 585
pred_s == 0 0
pred_s == 1 1026
label_s == 0 316
label_s == 1 710
pred_s == 0 5
pred_s == 1 1021
label_s == 0 444
label_s == 1 582
pred_s == 0 62
pred_s == 1 964
label_s == 0 257
label_s == 1 769
pred_s == 0 18
pred_s == 1 1008
label_s == 0 416
label_s == 1 610
pred_s == 0 0
pred_s == 1 1026
label_s == 0 336
label_s == 1 690
pred_s == 0 1
pred_s == 1 1025
label_s == 0 570
label_s == 1 456
pred_s == 0 1
pred_s == 1 1025
label_s == 0 430
label_s == 1 596
Epoch: 098, Valid Acc: 0.6227, Valid Prec: 0.6227, Valid Rec: 0.6267, Valid F1: 0.7624, Valid Roc: 0.3080, Valid Mcc: -0.0077, Training Time: 11.5415/epoch
pred_s == 0 0
pred_s == 1 1026
label_s == 0 429
label_s == 1 597
pred_s == 0 0
pred_s == 1 1026
label_s == 0 186
label_s == 1 840
pred_s == 0 6
pred_s == 1 1020
label_s == 0 441
label_s == 1 585
pred_s == 0 0
pred_s == 1 1026
label_s == 0 316
label_s == 1 710
pred_s == 0 6
pred_s == 1 1020
label_s == 0 444
label_s == 1 582
pred_s == 0 115
pred_s == 1 911
label_s == 0 257
label_s == 1 769
pred_s == 0 22
pred_s == 1 1004
label_s == 0 416
label_s == 1 610
pred_s == 0 0
pred_s == 1 1026
label_s == 0 336
label_s == 1 690
pred_s == 0 0
pred_s == 1 1026
label_s == 0 570
label_s == 1 456
pred_s == 0 0
pred_s == 1 1026
label_s == 0 430
label_s == 1 596
Epoch: 099, Valid Acc: 0.6179, Valid Prec: 0.6179, Valid Rec: 0.6255, Valid F1: 0.7589, Valid Roc: 0.1734, Valid Mcc: -0.0160, Training Time: 11.5090/epoch
Training finished
The best mcc on best model is 0.0352
pred_s == 0 677
pred_s == 1 349
label_s == 0 342
label_s == 1 684
pred_s == 0 548
pred_s == 1 478
label_s == 0 488
label_s == 1 538
pred_s == 0 526
pred_s == 1 500
label_s == 0 403
label_s == 1 623
pred_s == 0 536
pred_s == 1 490
label_s == 0 551
label_s == 1 475
pred_s == 0 613
pred_s == 1 413
label_s == 0 607
label_s == 1 419
pred_s == 0 581
pred_s == 1 445
label_s == 0 295
label_s == 1 731
pred_s == 0 566
pred_s == 1 460
label_s == 0 635
label_s == 1 391
pred_s == 0 613
pred_s == 1 413
label_s == 0 756
label_s == 1 270
pred_s == 0 473
pred_s == 1 553
label_s == 0 481
label_s == 1 545
pred_s == 0 521
pred_s == 1 505
label_s == 0 445
label_s == 1 581
pred_s == 0 535
pred_s == 1 491
label_s == 0 223
label_s == 1 803
pred_s == 0 617
pred_s == 1 409
label_s == 0 513
label_s == 1 513
pred_s == 0 527
pred_s == 1 499
label_s == 0 455
label_s == 1 571
pred_s == 0 479
pred_s == 1 547
label_s == 0 737
label_s == 1 289
pred_s == 0 482
pred_s == 1 544
label_s == 0 709
label_s == 1 317
pred_s == 0 454
pred_s == 1 572
label_s == 0 364
label_s == 1 662
pred_s == 0 506
pred_s == 1 520
label_s == 0 605
label_s == 1 421
pred_s == 0 458
pred_s == 1 568
label_s == 0 408
label_s == 1 618
pred_s == 0 469
pred_s == 1 557
label_s == 0 490
label_s == 1 536
pred_s == 0 439
pred_s == 1 587
label_s == 0 639
label_s == 1 387
pred_s == 0 508
pred_s == 1 518
label_s == 0 889
label_s == 1 137
pred_s == 0 486
pred_s == 1 540
label_s == 0 547
label_s == 1 479
pred_s == 0 465
pred_s == 1 561
label_s == 0 759
label_s == 1 267
pred_s == 0 514
pred_s == 1 512
label_s == 0 209
label_s == 1 817
pred_s == 0 464
pred_s == 1 562
label_s == 0 756
label_s == 1 270
pred_s == 0 456
pred_s == 1 570
label_s == 0 161
label_s == 1 865
Results on best model -- test Acc: 0.4883, test Prec: 0.4883, test Rec: 0.4848, test F1: 0.4581, test Roc: 0.4900, test Mcc: -0.0201
Training finished
____________________________________________________________________________________________________
___________________________________________________________________________________
Tempo total (segundos): 1408
