start loading edge pairs
nparam_classifier: 4082 nparam_cl: 199713
nparam: 265895
Start training...
pred_s == 0 103
pred_s == 1 1634
label_s == 0 670
label_s == 1 1067
pred_s == 0 89
pred_s == 1 1648
label_s == 0 691
label_s == 1 1046
pred_s == 0 105
pred_s == 1 1632
label_s == 0 436
label_s == 1 1301
pred_s == 0 124
pred_s == 1 1613
label_s == 0 842
label_s == 1 895
pred_s == 0 127
pred_s == 1 1610
label_s == 0 219
label_s == 1 1518
pred_s == 0 93
pred_s == 1 1644
label_s == 0 855
label_s == 1 882
pred_s == 0 105
pred_s == 1 1632
label_s == 0 660
label_s == 1 1077
pred_s == 0 87
pred_s == 1 1650
label_s == 0 1176
label_s == 1 561
pred_s == 0 102
pred_s == 1 1635
label_s == 0 626
label_s == 1 1111
pred_s == 0 125
pred_s == 1 1612
label_s == 0 542
label_s == 1 1195
Epoch: 000, Valid Acc: 0.5960, Valid Prec: 0.5960, Valid Rec: 0.6122, Valid F1: 0.7305, Valid Roc: 0.4904, Valid Mcc: -0.0097, Training Time: 59.3795/epoch
pred_s == 0 420
pred_s == 1 1317
label_s == 0 670
label_s == 1 1067
pred_s == 0 253
pred_s == 1 1484
label_s == 0 691
label_s == 1 1046
pred_s == 0 224
pred_s == 1 1513
label_s == 0 436
label_s == 1 1301
pred_s == 0 81
pred_s == 1 1656
label_s == 0 842
label_s == 1 895
pred_s == 0 155
pred_s == 1 1582
label_s == 0 219
label_s == 1 1518
pred_s == 0 96
pred_s == 1 1641
label_s == 0 855
label_s == 1 882
pred_s == 0 9
pred_s == 1 1728
label_s == 0 660
label_s == 1 1077
pred_s == 0 165
pred_s == 1 1572
label_s == 0 1176
label_s == 1 561
pred_s == 0 3
pred_s == 1 1734
label_s == 0 626
label_s == 1 1111
pred_s == 0 4
pred_s == 1 1733
label_s == 0 542
label_s == 1 1195
Epoch: 001, Valid Acc: 0.5893, Valid Prec: 0.5893, Valid Rec: 0.6101, Valid F1: 0.7213, Valid Roc: 0.5156, Valid Mcc: -0.0124, Training Time: 57.8439/epoch
pred_s == 0 1042
pred_s == 1 695
label_s == 0 670
label_s == 1 1067
pred_s == 0 966
pred_s == 1 771
label_s == 0 691
label_s == 1 1046
pred_s == 0 799
pred_s == 1 938
label_s == 0 436
label_s == 1 1301
pred_s == 0 728
pred_s == 1 1009
label_s == 0 842
label_s == 1 895
pred_s == 0 829
pred_s == 1 908
label_s == 0 219
label_s == 1 1518
pred_s == 0 1136
pred_s == 1 601
label_s == 0 855
label_s == 1 882
pred_s == 0 906
pred_s == 1 831
label_s == 0 660
label_s == 1 1077
pred_s == 0 1163
pred_s == 1 574
label_s == 0 1176
label_s == 1 561
pred_s == 0 961
pred_s == 1 776
label_s == 0 626
label_s == 1 1111
pred_s == 0 795
pred_s == 1 942
label_s == 0 542
label_s == 1 1195
Epoch: 002, Valid Acc: 0.4917, Valid Prec: 0.4917, Valid Rec: 0.5990, Valid F1: 0.5128, Valid Roc: 0.4859, Valid Mcc: -0.0314, Training Time: 57.8245/epoch
pred_s == 0 0
pred_s == 1 1737
label_s == 0 670
label_s == 1 1067
pred_s == 0 0
pred_s == 1 1737
label_s == 0 691
label_s == 1 1046
pred_s == 0 0
pred_s == 1 1737
label_s == 0 436
label_s == 1 1301
pred_s == 0 0
pred_s == 1 1737
label_s == 0 842
label_s == 1 895
pred_s == 0 0
pred_s == 1 1737
label_s == 0 219
label_s == 1 1518
pred_s == 0 0
pred_s == 1 1737
label_s == 0 855
label_s == 1 882
pred_s == 0 0
pred_s == 1 1737
label_s == 0 660
label_s == 1 1077
pred_s == 0 0
pred_s == 1 1737
label_s == 0 1176
label_s == 1 561
pred_s == 0 0
pred_s == 1 1737
label_s == 0 626
label_s == 1 1111
pred_s == 0 0
pred_s == 1 1737
label_s == 0 542
label_s == 1 1195
Epoch: 003, Valid Acc: 0.6133, Valid Prec: 0.6133, Valid Rec: 0.6133, Valid F1: 0.7505, Valid Roc: 0.0000, Valid Mcc: 0.0000, Training Time: 57.6669/epoch
pred_s == 0 176
pred_s == 1 1561
label_s == 0 670
label_s == 1 1067
pred_s == 0 34
pred_s == 1 1703
label_s == 0 691
label_s == 1 1046
pred_s == 0 9
pred_s == 1 1728
label_s == 0 436
label_s == 1 1301
pred_s == 0 86
pred_s == 1 1651
label_s == 0 842
label_s == 1 895
pred_s == 0 75
pred_s == 1 1662
label_s == 0 219
label_s == 1 1518
pred_s == 0 175
pred_s == 1 1562
label_s == 0 855
label_s == 1 882
pred_s == 0 131
pred_s == 1 1606
label_s == 0 660
label_s == 1 1077
pred_s == 0 69
pred_s == 1 1668
label_s == 0 1176
label_s == 1 561
pred_s == 0 57
pred_s == 1 1680
label_s == 0 626
label_s == 1 1111
pred_s == 0 33
pred_s == 1 1704
label_s == 0 542
label_s == 1 1195
Epoch: 004, Valid Acc: 0.6030, Valid Prec: 0.6030, Valid Rec: 0.6123, Valid F1: 0.7353, Valid Roc: 0.4880, Valid Mcc: -0.0089, Training Time: 57.8359/epoch
pred_s == 0 480
pred_s == 1 1257
label_s == 0 670
label_s == 1 1067
pred_s == 0 93
pred_s == 1 1644
label_s == 0 691
label_s == 1 1046
pred_s == 0 131
pred_s == 1 1606
label_s == 0 436
label_s == 1 1301
pred_s == 0 101
pred_s == 1 1636
label_s == 0 842
label_s == 1 895
pred_s == 0 266
pred_s == 1 1471
label_s == 0 219
label_s == 1 1518
pred_s == 0 345
pred_s == 1 1392
label_s == 0 855
label_s == 1 882
pred_s == 0 79
pred_s == 1 1658
label_s == 0 660
label_s == 1 1077
pred_s == 0 230
pred_s == 1 1507
label_s == 0 1176
label_s == 1 561
pred_s == 0 84
pred_s == 1 1653
label_s == 0 626
label_s == 1 1111
pred_s == 0 83
pred_s == 1 1654
label_s == 0 542
label_s == 1 1195
Epoch: 005, Valid Acc: 0.5873, Valid Prec: 0.5873, Valid Rec: 0.6111, Valid F1: 0.7140, Valid Roc: 0.4932, Valid Mcc: -0.0103, Training Time: 57.9162/epoch
pred_s == 0 651
pred_s == 1 1086
label_s == 0 670
label_s == 1 1067
pred_s == 0 396
pred_s == 1 1341
label_s == 0 691
label_s == 1 1046
pred_s == 0 415
pred_s == 1 1322
label_s == 0 436
label_s == 1 1301
pred_s == 0 379
pred_s == 1 1358
label_s == 0 842
label_s == 1 895
pred_s == 0 485
pred_s == 1 1252
label_s == 0 219
label_s == 1 1518
pred_s == 0 495
pred_s == 1 1242
label_s == 0 855
label_s == 1 882
pred_s == 0 339
pred_s == 1 1398
label_s == 0 660
label_s == 1 1077
pred_s == 0 484
pred_s == 1 1253
label_s == 0 1176
label_s == 1 561
pred_s == 0 375
pred_s == 1 1362
label_s == 0 626
label_s == 1 1111
pred_s == 0 425
pred_s == 1 1312
label_s == 0 542
label_s == 1 1195
Epoch: 006, Valid Acc: 0.5694, Valid Prec: 0.5694, Valid Rec: 0.6222, Valid F1: 0.6717, Valid Roc: 0.5181, Valid Mcc: 0.0351, Training Time: 57.8196/epoch
pred_s == 0 1012
pred_s == 1 725
label_s == 0 670
label_s == 1 1067
pred_s == 0 569
pred_s == 1 1168
label_s == 0 691
label_s == 1 1046
pred_s == 0 592
pred_s == 1 1145
label_s == 0 436
label_s == 1 1301
pred_s == 0 585
pred_s == 1 1152
label_s == 0 842
label_s == 1 895
pred_s == 0 767
pred_s == 1 970
label_s == 0 219
label_s == 1 1518
pred_s == 0 791
pred_s == 1 946
label_s == 0 855
label_s == 1 882
pred_s == 0 509
pred_s == 1 1228
label_s == 0 660
label_s == 1 1077
pred_s == 0 736
pred_s == 1 1001
label_s == 0 1176
label_s == 1 561
pred_s == 0 528
pred_s == 1 1209
label_s == 0 626
label_s == 1 1111
pred_s == 0 532
pred_s == 1 1205
label_s == 0 542
label_s == 1 1195
Epoch: 007, Valid Acc: 0.5436, Valid Prec: 0.5436, Valid Rec: 0.6247, Valid F1: 0.6153, Valid Roc: 0.5158, Valid Mcc: 0.0339, Training Time: 57.8722/epoch
pred_s == 0 937
pred_s == 1 800
label_s == 0 670
label_s == 1 1067
pred_s == 0 463
pred_s == 1 1274
label_s == 0 691
label_s == 1 1046
pred_s == 0 458
pred_s == 1 1279
label_s == 0 436
label_s == 1 1301
pred_s == 0 459
pred_s == 1 1278
label_s == 0 842
label_s == 1 895
pred_s == 0 578
pred_s == 1 1159
label_s == 0 219
label_s == 1 1518
pred_s == 0 622
pred_s == 1 1115
label_s == 0 855
label_s == 1 882
pred_s == 0 368
pred_s == 1 1369
label_s == 0 660
label_s == 1 1077
pred_s == 0 610
pred_s == 1 1127
label_s == 0 1176
label_s == 1 561
pred_s == 0 363
pred_s == 1 1374
label_s == 0 626
label_s == 1 1111
pred_s == 0 433
pred_s == 1 1304
label_s == 0 542
label_s == 1 1195
Epoch: 008, Valid Acc: 0.5637, Valid Prec: 0.5637, Valid Rec: 0.6247, Valid F1: 0.6516, Valid Roc: 0.5196, Valid Mcc: 0.0395, Training Time: 58.1859/epoch
pred_s == 0 1043
pred_s == 1 694
label_s == 0 670
label_s == 1 1067
pred_s == 0 597
pred_s == 1 1140
label_s == 0 691
label_s == 1 1046
pred_s == 0 685
pred_s == 1 1052
label_s == 0 436
label_s == 1 1301
pred_s == 0 553
pred_s == 1 1184
label_s == 0 842
label_s == 1 895
pred_s == 0 693
pred_s == 1 1044
label_s == 0 219
label_s == 1 1518
pred_s == 0 748
pred_s == 1 989
label_s == 0 855
label_s == 1 882
pred_s == 0 522
pred_s == 1 1215
label_s == 0 660
label_s == 1 1077
pred_s == 0 630
pred_s == 1 1107
label_s == 0 1176
label_s == 1 561
pred_s == 0 507
pred_s == 1 1230
label_s == 0 626
label_s == 1 1111
pred_s == 0 580
pred_s == 1 1157
label_s == 0 542
label_s == 1 1195
Epoch: 009, Valid Acc: 0.5423, Valid Prec: 0.5423, Valid Rec: 0.6266, Valid F1: 0.6171, Valid Roc: 0.5173, Valid Mcc: 0.0379, Training Time: 58.3573/epoch
pred_s == 0 996
pred_s == 1 741
label_s == 0 670
label_s == 1 1067
pred_s == 0 497
pred_s == 1 1240
label_s == 0 691
label_s == 1 1046
pred_s == 0 629
pred_s == 1 1108
label_s == 0 436
label_s == 1 1301
pred_s == 0 487
pred_s == 1 1250
label_s == 0 842
label_s == 1 895
pred_s == 0 575
pred_s == 1 1162
label_s == 0 219
label_s == 1 1518
pred_s == 0 763
pred_s == 1 974
label_s == 0 855
label_s == 1 882
pred_s == 0 397
pred_s == 1 1340
label_s == 0 660
label_s == 1 1077
pred_s == 0 507
pred_s == 1 1230
label_s == 0 1176
label_s == 1 561
pred_s == 0 397
pred_s == 1 1340
label_s == 0 626
label_s == 1 1111
pred_s == 0 525
pred_s == 1 1212
label_s == 0 542
label_s == 1 1195
Epoch: 010, Valid Acc: 0.5541, Valid Prec: 0.5541, Valid Rec: 0.6263, Valid F1: 0.6374, Valid Roc: 0.5196, Valid Mcc: 0.0434, Training Time: 58.2555/epoch
pred_s == 0 909
pred_s == 1 828
label_s == 0 670
label_s == 1 1067
pred_s == 0 521
pred_s == 1 1216
label_s == 0 691
label_s == 1 1046
pred_s == 0 743
pred_s == 1 994
label_s == 0 436
label_s == 1 1301
pred_s == 0 507
pred_s == 1 1230
label_s == 0 842
label_s == 1 895
pred_s == 0 622
pred_s == 1 1115
label_s == 0 219
label_s == 1 1518
pred_s == 0 801
pred_s == 1 936
label_s == 0 855
label_s == 1 882
pred_s == 0 476
pred_s == 1 1261
label_s == 0 660
label_s == 1 1077
pred_s == 0 490
pred_s == 1 1247
label_s == 0 1176
label_s == 1 561
pred_s == 0 445
pred_s == 1 1292
label_s == 0 626
label_s == 1 1111
pred_s == 0 642
pred_s == 1 1095
label_s == 0 542
label_s == 1 1195
Epoch: 011, Valid Acc: 0.5446, Valid Prec: 0.5446, Valid Rec: 0.6273, Valid F1: 0.6273, Valid Roc: 0.5178, Valid Mcc: 0.0399, Training Time: 58.2729/epoch
pred_s == 0 970
pred_s == 1 767
label_s == 0 670
label_s == 1 1067
pred_s == 0 544
pred_s == 1 1193
label_s == 0 691
label_s == 1 1046
pred_s == 0 788
pred_s == 1 949
label_s == 0 436
label_s == 1 1301
pred_s == 0 561
pred_s == 1 1176
label_s == 0 842
label_s == 1 895
pred_s == 0 614
pred_s == 1 1123
label_s == 0 219
label_s == 1 1518
pred_s == 0 867
pred_s == 1 870
label_s == 0 855
label_s == 1 882
pred_s == 0 485
pred_s == 1 1252
label_s == 0 660
label_s == 1 1077
pred_s == 0 570
pred_s == 1 1167
label_s == 0 1176
label_s == 1 561
pred_s == 0 411
pred_s == 1 1326
label_s == 0 626
label_s == 1 1111
pred_s == 0 881
pred_s == 1 856
label_s == 0 542
label_s == 1 1195
Epoch: 012, Valid Acc: 0.5376, Valid Prec: 0.5376, Valid Rec: 0.6263, Valid F1: 0.6099, Valid Roc: 0.5167, Valid Mcc: 0.0367, Training Time: 58.2377/epoch
pred_s == 0 654
pred_s == 1 1083
label_s == 0 670
label_s == 1 1067
pred_s == 0 458
pred_s == 1 1279
label_s == 0 691
label_s == 1 1046
pred_s == 0 554
pred_s == 1 1183
label_s == 0 436
label_s == 1 1301
pred_s == 0 436
pred_s == 1 1301
label_s == 0 842
label_s == 1 895
pred_s == 0 505
pred_s == 1 1232
label_s == 0 219
label_s == 1 1518
pred_s == 0 698
pred_s == 1 1039
label_s == 0 855
label_s == 1 882
pred_s == 0 424
pred_s == 1 1313
label_s == 0 660
label_s == 1 1077
pred_s == 0 434
pred_s == 1 1303
label_s == 0 1176
label_s == 1 561
pred_s == 0 405
pred_s == 1 1332
label_s == 0 626
label_s == 1 1111
pred_s == 0 585
pred_s == 1 1152
label_s == 0 542
label_s == 1 1195
Epoch: 013, Valid Acc: 0.5613, Valid Prec: 0.5613, Valid Rec: 0.6262, Valid F1: 0.6561, Valid Roc: 0.5198, Valid Mcc: 0.0419, Training Time: 58.2492/epoch
pred_s == 0 412
pred_s == 1 1325
label_s == 0 670
label_s == 1 1067
pred_s == 0 443
pred_s == 1 1294
label_s == 0 691
label_s == 1 1046
pred_s == 0 486
pred_s == 1 1251
label_s == 0 436
label_s == 1 1301
pred_s == 0 436
pred_s == 1 1301
label_s == 0 842
label_s == 1 895
pred_s == 0 423
pred_s == 1 1314
label_s == 0 219
label_s == 1 1518
pred_s == 0 376
pred_s == 1 1361
label_s == 0 855
label_s == 1 882
pred_s == 0 409
pred_s == 1 1328
label_s == 0 660
label_s == 1 1077
pred_s == 0 411
pred_s == 1 1326
label_s == 0 1176
label_s == 1 561
pred_s == 0 444
pred_s == 1 1293
label_s == 0 626
label_s == 1 1111
pred_s == 0 484
pred_s == 1 1253
label_s == 0 542
label_s == 1 1195
Epoch: 014, Valid Acc: 0.5763, Valid Prec: 0.5763, Valid Rec: 0.6280, Valid F1: 0.6792, Valid Roc: 0.5284, Valid Mcc: 0.0570, Training Time: 58.2042/epoch
pred_s == 0 373
pred_s == 1 1364
label_s == 0 670
label_s == 1 1067
pred_s == 0 405
pred_s == 1 1332
label_s == 0 691
label_s == 1 1046
pred_s == 0 393
pred_s == 1 1344
label_s == 0 436
label_s == 1 1301
pred_s == 0 380
pred_s == 1 1357
label_s == 0 842
label_s == 1 895
pred_s == 0 365
pred_s == 1 1372
label_s == 0 219
label_s == 1 1518
pred_s == 0 347
pred_s == 1 1390
label_s == 0 855
label_s == 1 882
pred_s == 0 364
pred_s == 1 1373
label_s == 0 660
label_s == 1 1077
pred_s == 0 369
pred_s == 1 1368
label_s == 0 1176
label_s == 1 561
pred_s == 0 364
pred_s == 1 1373
label_s == 0 626
label_s == 1 1111
pred_s == 0 396
pred_s == 1 1341
label_s == 0 542
label_s == 1 1195
Epoch: 015, Valid Acc: 0.5854, Valid Prec: 0.5854, Valid Rec: 0.6272, Valid F1: 0.6925, Valid Roc: 0.5315, Valid Mcc: 0.0595, Training Time: 58.2586/epoch
pred_s == 0 386
pred_s == 1 1351
label_s == 0 670
label_s == 1 1067
pred_s == 0 419
pred_s == 1 1318
label_s == 0 691
label_s == 1 1046
pred_s == 0 405
pred_s == 1 1332
label_s == 0 436
label_s == 1 1301
pred_s == 0 382
pred_s == 1 1355
label_s == 0 842
label_s == 1 895
pred_s == 0 382
pred_s == 1 1355
label_s == 0 219
label_s == 1 1518
pred_s == 0 361
pred_s == 1 1376
label_s == 0 855
label_s == 1 882
pred_s == 0 377
pred_s == 1 1360
label_s == 0 660
label_s == 1 1077
pred_s == 0 375
pred_s == 1 1362
label_s == 0 1176
label_s == 1 561
pred_s == 0 374
pred_s == 1 1363
label_s == 0 626
label_s == 1 1111
pred_s == 0 406
pred_s == 1 1331
label_s == 0 542
label_s == 1 1195
Epoch: 016, Valid Acc: 0.5831, Valid Prec: 0.5831, Valid Rec: 0.6271, Valid F1: 0.6896, Valid Roc: 0.5299, Valid Mcc: 0.0576, Training Time: 58.2826/epoch
pred_s == 0 807
pred_s == 1 930
label_s == 0 670
label_s == 1 1067
pred_s == 0 827
pred_s == 1 910
label_s == 0 691
label_s == 1 1046
pred_s == 0 789
pred_s == 1 948
label_s == 0 436
label_s == 1 1301
pred_s == 0 733
pred_s == 1 1004
label_s == 0 842
label_s == 1 895
pred_s == 0 759
pred_s == 1 978
label_s == 0 219
label_s == 1 1518
pred_s == 0 720
pred_s == 1 1017
label_s == 0 855
label_s == 1 882
pred_s == 0 692
pred_s == 1 1045
label_s == 0 660
label_s == 1 1077
pred_s == 0 730
pred_s == 1 1007
label_s == 0 1176
label_s == 1 561
pred_s == 0 793
pred_s == 1 944
label_s == 0 626
label_s == 1 1111
pred_s == 0 759
pred_s == 1 978
label_s == 0 542
label_s == 1 1195
Epoch: 017, Valid Acc: 0.5303, Valid Prec: 0.5303, Valid Rec: 0.6305, Valid F1: 0.5910, Valid Roc: 0.5186, Valid Mcc: 0.0416, Training Time: 58.2385/epoch
pred_s == 0 242
pred_s == 1 1495
label_s == 0 670
label_s == 1 1067
pred_s == 0 242
pred_s == 1 1495
label_s == 0 691
label_s == 1 1046
pred_s == 0 238
pred_s == 1 1499
label_s == 0 436
label_s == 1 1301
pred_s == 0 229
pred_s == 1 1508
label_s == 0 842
label_s == 1 895
pred_s == 0 247
pred_s == 1 1490
label_s == 0 219
label_s == 1 1518
pred_s == 0 239
pred_s == 1 1498
label_s == 0 855
label_s == 1 882
pred_s == 0 252
pred_s == 1 1485
label_s == 0 660
label_s == 1 1077
pred_s == 0 236
pred_s == 1 1501
label_s == 0 1176
label_s == 1 561
pred_s == 0 234
pred_s == 1 1503
label_s == 0 626
label_s == 1 1111
pred_s == 0 248
pred_s == 1 1489
label_s == 0 542
label_s == 1 1195
Epoch: 018, Valid Acc: 0.6030, Valid Prec: 0.6030, Valid Rec: 0.6259, Valid F1: 0.7203, Valid Roc: 0.5449, Valid Mcc: 0.0701, Training Time: 58.1646/epoch
pred_s == 0 0
pred_s == 1 1737
label_s == 0 670
label_s == 1 1067
pred_s == 0 0
pred_s == 1 1737
label_s == 0 691
label_s == 1 1046
pred_s == 0 0
pred_s == 1 1737
label_s == 0 436
label_s == 1 1301
pred_s == 0 0
pred_s == 1 1737
label_s == 0 842
label_s == 1 895
pred_s == 0 0
pred_s == 1 1737
label_s == 0 219
label_s == 1 1518
pred_s == 0 0
pred_s == 1 1737
label_s == 0 855
label_s == 1 882
pred_s == 0 0
pred_s == 1 1737
label_s == 0 660
label_s == 1 1077
pred_s == 0 0
pred_s == 1 1737
label_s == 0 1176
label_s == 1 561
pred_s == 0 0
pred_s == 1 1737
label_s == 0 626
label_s == 1 1111
pred_s == 0 0
pred_s == 1 1737
label_s == 0 542
label_s == 1 1195
Epoch: 019, Valid Acc: 0.6133, Valid Prec: 0.6133, Valid Rec: 0.6133, Valid F1: 0.7505, Valid Roc: 0.0000, Valid Mcc: 0.0000, Training Time: 58.2647/epoch
pred_s == 0 10
pred_s == 1 1727
label_s == 0 670
label_s == 1 1067
pred_s == 0 11
pred_s == 1 1726
label_s == 0 691
label_s == 1 1046
pred_s == 0 6
pred_s == 1 1731
label_s == 0 436
label_s == 1 1301
pred_s == 0 8
pred_s == 1 1729
label_s == 0 842
label_s == 1 895
pred_s == 0 6
pred_s == 1 1731
label_s == 0 219
label_s == 1 1518
pred_s == 0 3
pred_s == 1 1734
label_s == 0 855
label_s == 1 882
pred_s == 0 6
pred_s == 1 1731
label_s == 0 660
label_s == 1 1077
pred_s == 0 5
pred_s == 1 1732
label_s == 0 1176
label_s == 1 561
pred_s == 0 12
pred_s == 1 1725
label_s == 0 626
label_s == 1 1111
pred_s == 0 5
pred_s == 1 1732
label_s == 0 542
label_s == 1 1195
Epoch: 020, Valid Acc: 0.6118, Valid Prec: 0.6118, Valid Rec: 0.6130, Valid F1: 0.7490, Valid Roc: 0.4639, Valid Mcc: -0.0096, Training Time: 58.3143/epoch
pred_s == 0 299
pred_s == 1 1438
label_s == 0 670
label_s == 1 1067
pred_s == 0 641
pred_s == 1 1096
label_s == 0 691
label_s == 1 1046
pred_s == 0 485
pred_s == 1 1252
label_s == 0 436
label_s == 1 1301
pred_s == 0 463
pred_s == 1 1274
label_s == 0 842
label_s == 1 895
pred_s == 0 459
pred_s == 1 1278
label_s == 0 219
label_s == 1 1518
pred_s == 0 369
pred_s == 1 1368
label_s == 0 855
label_s == 1 882
pred_s == 0 257
pred_s == 1 1480
label_s == 0 660
label_s == 1 1077
pred_s == 0 521
pred_s == 1 1216
label_s == 0 1176
label_s == 1 561
pred_s == 0 143
pred_s == 1 1594
label_s == 0 626
label_s == 1 1111
pred_s == 0 505
pred_s == 1 1232
label_s == 0 542
label_s == 1 1195
Epoch: 021, Valid Acc: 0.5504, Valid Prec: 0.5504, Valid Rec: 0.6060, Valid F1: 0.6621, Valid Roc: 0.4859, Valid Mcc: -0.0275, Training Time: 58.3260/epoch
pred_s == 0 1706
pred_s == 1 31
label_s == 0 670
label_s == 1 1067
pred_s == 0 1737
pred_s == 1 0
label_s == 0 691
label_s == 1 1046
pred_s == 0 1737
pred_s == 1 0
label_s == 0 436
label_s == 1 1301
pred_s == 0 1737
pred_s == 1 0
label_s == 0 842
label_s == 1 895
pred_s == 0 1737
pred_s == 1 0
label_s == 0 219
label_s == 1 1518
pred_s == 0 1737
pred_s == 1 0
label_s == 0 855
label_s == 1 882
pred_s == 0 1737
pred_s == 1 0
label_s == 0 660
label_s == 1 1077
pred_s == 0 1737
pred_s == 1 0
label_s == 0 1176
label_s == 1 561
pred_s == 0 1737
pred_s == 1 0
label_s == 0 626
label_s == 1 1111
pred_s == 0 1737
pred_s == 1 0
label_s == 0 542
label_s == 1 1195
Epoch: 022, Valid Acc: 0.3866, Valid Prec: 0.3866, Valid Rec: 0.0484, Valid F1: 0.0027, Valid Roc: 0.0434, Valid Mcc: -0.0036, Training Time: 58.1706/epoch
pred_s == 0 1737
pred_s == 1 0
label_s == 0 670
label_s == 1 1067
pred_s == 0 1042
pred_s == 1 695
label_s == 0 691
label_s == 1 1046
pred_s == 0 752
pred_s == 1 985
label_s == 0 436
label_s == 1 1301
pred_s == 0 626
pred_s == 1 1111
label_s == 0 842
label_s == 1 895
pred_s == 0 1241
pred_s == 1 496
label_s == 0 219
label_s == 1 1518
pred_s == 0 428
pred_s == 1 1309
label_s == 0 855
label_s == 1 882
pred_s == 0 1298
pred_s == 1 439
label_s == 0 660
label_s == 1 1077
pred_s == 0 1610
pred_s == 1 127
label_s == 0 1176
label_s == 1 561
pred_s == 0 1223
pred_s == 1 514
label_s == 0 626
label_s == 1 1111
pred_s == 0 1322
pred_s == 1 415
label_s == 0 542
label_s == 1 1195
Epoch: 023, Valid Acc: 0.4796, Valid Prec: 0.4796, Valid Rec: 0.5592, Valid F1: 0.4050, Valid Roc: 0.4592, Valid Mcc: 0.0254, Training Time: 58.1822/epoch
pred_s == 0 1378
pred_s == 1 359
label_s == 0 670
label_s == 1 1067
pred_s == 0 1370
pred_s == 1 367
label_s == 0 691
label_s == 1 1046
pred_s == 0 1380
pred_s == 1 357
label_s == 0 436
label_s == 1 1301
pred_s == 0 1387
pred_s == 1 350
label_s == 0 842
label_s == 1 895
pred_s == 0 1392
pred_s == 1 345
label_s == 0 219
label_s == 1 1518
pred_s == 0 1423
pred_s == 1 314
label_s == 0 855
label_s == 1 882
pred_s == 0 1383
pred_s == 1 354
label_s == 0 660
label_s == 1 1077
pred_s == 0 1410
pred_s == 1 327
label_s == 0 1176
label_s == 1 561
pred_s == 0 1397
pred_s == 1 340
label_s == 0 626
label_s == 1 1111
pred_s == 0 1381
pred_s == 1 356
label_s == 0 542
label_s == 1 1195
Epoch: 024, Valid Acc: 0.4106, Valid Prec: 0.4106, Valid Rec: 0.5586, Valid F1: 0.2757, Valid Roc: 0.4655, Valid Mcc: -0.0633, Training Time: 58.1913/epoch
pred_s == 0 40
pred_s == 1 1697
label_s == 0 670
label_s == 1 1067
pred_s == 0 25
pred_s == 1 1712
label_s == 0 691
label_s == 1 1046
pred_s == 0 28
pred_s == 1 1709
label_s == 0 436
label_s == 1 1301
pred_s == 0 26
pred_s == 1 1711
label_s == 0 842
label_s == 1 895
pred_s == 0 26
pred_s == 1 1711
label_s == 0 219
label_s == 1 1518
pred_s == 0 24
pred_s == 1 1713
label_s == 0 855
label_s == 1 882
pred_s == 0 24
pred_s == 1 1713
label_s == 0 660
label_s == 1 1077
pred_s == 0 24
pred_s == 1 1713
label_s == 0 1176
label_s == 1 561
pred_s == 0 27
pred_s == 1 1710
label_s == 0 626
label_s == 1 1111
pred_s == 0 24
pred_s == 1 1713
label_s == 0 542
label_s == 1 1195
Epoch: 025, Valid Acc: 0.6092, Valid Prec: 0.6092, Valid Rec: 0.6130, Valid F1: 0.7455, Valid Roc: 0.4921, Valid Mcc: -0.0048, Training Time: 58.0987/epoch
pred_s == 0 4
pred_s == 1 1733
label_s == 0 670
label_s == 1 1067
pred_s == 0 12
pred_s == 1 1725
label_s == 0 691
label_s == 1 1046
pred_s == 0 8
pred_s == 1 1729
label_s == 0 436
label_s == 1 1301
pred_s == 0 10
pred_s == 1 1727
label_s == 0 842
label_s == 1 895
pred_s == 0 4
pred_s == 1 1733
label_s == 0 219
label_s == 1 1518
pred_s == 0 3
pred_s == 1 1734
label_s == 0 855
label_s == 1 882
pred_s == 0 4
pred_s == 1 1733
label_s == 0 660
label_s == 1 1077
pred_s == 0 8
pred_s == 1 1729
label_s == 0 1176
label_s == 1 561
pred_s == 0 3
pred_s == 1 1734
label_s == 0 626
label_s == 1 1111
pred_s == 0 7
pred_s == 1 1730
label_s == 0 542
label_s == 1 1195
Epoch: 026, Valid Acc: 0.6130, Valid Prec: 0.6130, Valid Rec: 0.6135, Valid F1: 0.7497, Valid Roc: 0.5166, Valid Mcc: 0.0056, Training Time: 58.2362/epoch
pred_s == 0 456
pred_s == 1 1281
label_s == 0 670
label_s == 1 1067
pred_s == 0 472
pred_s == 1 1265
label_s == 0 691
label_s == 1 1046
pred_s == 0 468
pred_s == 1 1269
label_s == 0 436
label_s == 1 1301
pred_s == 0 449
pred_s == 1 1288
label_s == 0 842
label_s == 1 895
pred_s == 0 432
pred_s == 1 1305
label_s == 0 219
label_s == 1 1518
pred_s == 0 421
pred_s == 1 1316
label_s == 0 855
label_s == 1 882
pred_s == 0 434
pred_s == 1 1303
label_s == 0 660
label_s == 1 1077
pred_s == 0 438
pred_s == 1 1299
label_s == 0 1176
label_s == 1 561
pred_s == 0 448
pred_s == 1 1289
label_s == 0 626
label_s == 1 1111
pred_s == 0 454
pred_s == 1 1283
label_s == 0 542
label_s == 1 1195
Epoch: 027, Valid Acc: 0.5731, Valid Prec: 0.5731, Valid Rec: 0.6260, Valid F1: 0.6744, Valid Roc: 0.5239, Valid Mcc: 0.0485, Training Time: 58.0837/epoch
pred_s == 0 555
pred_s == 1 1182
label_s == 0 670
label_s == 1 1067
pred_s == 0 585
pred_s == 1 1152
label_s == 0 691
label_s == 1 1046
pred_s == 0 604
pred_s == 1 1133
label_s == 0 436
label_s == 1 1301
pred_s == 0 566
pred_s == 1 1171
label_s == 0 842
label_s == 1 895
pred_s == 0 565
pred_s == 1 1172
label_s == 0 219
label_s == 1 1518
pred_s == 0 556
pred_s == 1 1181
label_s == 0 855
label_s == 1 882
pred_s == 0 566
pred_s == 1 1171
label_s == 0 660
label_s == 1 1077
pred_s == 0 557
pred_s == 1 1180
label_s == 0 1176
label_s == 1 561
pred_s == 0 557
pred_s == 1 1180
label_s == 0 626
label_s == 1 1111
pred_s == 0 568
pred_s == 1 1169
label_s == 0 542
label_s == 1 1195
Epoch: 028, Valid Acc: 0.5591, Valid Prec: 0.5591, Valid Rec: 0.6290, Valid F1: 0.6466, Valid Roc: 0.5235, Valid Mcc: 0.0511, Training Time: 58.0833/epoch
pred_s == 0 1737
pred_s == 1 0
label_s == 0 670
label_s == 1 1067
pred_s == 0 1737
pred_s == 1 0
label_s == 0 691
label_s == 1 1046
pred_s == 0 1737
pred_s == 1 0
label_s == 0 436
label_s == 1 1301
pred_s == 0 1737
pred_s == 1 0
label_s == 0 842
label_s == 1 895
pred_s == 0 1737
pred_s == 1 0
label_s == 0 219
label_s == 1 1518
pred_s == 0 1737
pred_s == 1 0
label_s == 0 855
label_s == 1 882
pred_s == 0 1737
pred_s == 1 0
label_s == 0 660
label_s == 1 1077
pred_s == 0 1737
pred_s == 1 0
label_s == 0 1176
label_s == 1 561
pred_s == 0 1737
pred_s == 1 0
label_s == 0 626
label_s == 1 1111
pred_s == 0 1737
pred_s == 1 0
label_s == 0 542
label_s == 1 1195
Epoch: 029, Valid Acc: 0.3867, Valid Prec: 0.3867, Valid Rec: 0.0000, Valid F1: 0.0000, Valid Roc: 0.0000, Valid Mcc: 0.0000, Training Time: 58.1664/epoch
pred_s == 0 889
pred_s == 1 848
label_s == 0 670
label_s == 1 1067
pred_s == 0 913
pred_s == 1 824
label_s == 0 691
label_s == 1 1046
pred_s == 0 918
pred_s == 1 819
label_s == 0 436
label_s == 1 1301
pred_s == 0 903
pred_s == 1 834
label_s == 0 842
label_s == 1 895
pred_s == 0 912
pred_s == 1 825
label_s == 0 219
label_s == 1 1518
pred_s == 0 862
pred_s == 1 875
label_s == 0 855
label_s == 1 882
pred_s == 0 929
pred_s == 1 808
label_s == 0 660
label_s == 1 1077
pred_s == 0 904
pred_s == 1 833
label_s == 0 1176
label_s == 1 561
pred_s == 0 899
pred_s == 1 838
label_s == 0 626
label_s == 1 1111
pred_s == 0 909
pred_s == 1 828
label_s == 0 542
label_s == 1 1195
Epoch: 030, Valid Acc: 0.5107, Valid Prec: 0.5107, Valid Rec: 0.6303, Valid F1: 0.5435, Valid Roc: 0.5164, Valid Mcc: 0.0377, Training Time: 58.1680/epoch
pred_s == 0 410
pred_s == 1 1327
label_s == 0 670
label_s == 1 1067
pred_s == 0 423
pred_s == 1 1314
label_s == 0 691
label_s == 1 1046
pred_s == 0 427
pred_s == 1 1310
label_s == 0 436
label_s == 1 1301
pred_s == 0 397
pred_s == 1 1340
label_s == 0 842
label_s == 1 895
pred_s == 0 400
pred_s == 1 1337
label_s == 0 219
label_s == 1 1518
pred_s == 0 384
pred_s == 1 1353
label_s == 0 855
label_s == 1 882
pred_s == 0 395
pred_s == 1 1342
label_s == 0 660
label_s == 1 1077
pred_s == 0 385
pred_s == 1 1352
label_s == 0 1176
label_s == 1 561
pred_s == 0 399
pred_s == 1 1338
label_s == 0 626
label_s == 1 1111
pred_s == 0 403
pred_s == 1 1334
label_s == 0 542
label_s == 1 1195
Epoch: 031, Valid Acc: 0.5800, Valid Prec: 0.5800, Valid Rec: 0.6267, Valid F1: 0.6854, Valid Roc: 0.5278, Valid Mcc: 0.0546, Training Time: 58.1698/epoch
pred_s == 0 400
pred_s == 1 1337
label_s == 0 670
label_s == 1 1067
pred_s == 0 427
pred_s == 1 1310
label_s == 0 691
label_s == 1 1046
pred_s == 0 413
pred_s == 1 1324
label_s == 0 436
label_s == 1 1301
pred_s == 0 392
pred_s == 1 1345
label_s == 0 842
label_s == 1 895
pred_s == 0 387
pred_s == 1 1350
label_s == 0 219
label_s == 1 1518
pred_s == 0 373
pred_s == 1 1364
label_s == 0 855
label_s == 1 882
pred_s == 0 381
pred_s == 1 1356
label_s == 0 660
label_s == 1 1077
pred_s == 0 392
pred_s == 1 1345
label_s == 0 1176
label_s == 1 561
pred_s == 0 389
pred_s == 1 1348
label_s == 0 626
label_s == 1 1111
pred_s == 0 395
pred_s == 1 1342
label_s == 0 542
label_s == 1 1195
Epoch: 032, Valid Acc: 0.5823, Valid Prec: 0.5823, Valid Rec: 0.6269, Valid F1: 0.6878, Valid Roc: 0.5293, Valid Mcc: 0.0564, Training Time: 58.2106/epoch
pred_s == 0 337
pred_s == 1 1400
label_s == 0 670
label_s == 1 1067
pred_s == 0 359
pred_s == 1 1378
label_s == 0 691
label_s == 1 1046
pred_s == 0 342
pred_s == 1 1395
label_s == 0 436
label_s == 1 1301
pred_s == 0 334
pred_s == 1 1403
label_s == 0 842
label_s == 1 895
pred_s == 0 334
pred_s == 1 1403
label_s == 0 219
label_s == 1 1518
pred_s == 0 306
pred_s == 1 1431
label_s == 0 855
label_s == 1 882
pred_s == 0 337
pred_s == 1 1400
label_s == 0 660
label_s == 1 1077
pred_s == 0 323
pred_s == 1 1414
label_s == 0 1176
label_s == 1 561
pred_s == 0 327
pred_s == 1 1410
label_s == 0 626
label_s == 1 1111
pred_s == 0 352
pred_s == 1 1385
label_s == 0 542
label_s == 1 1195
Epoch: 033, Valid Acc: 0.5904, Valid Prec: 0.5904, Valid Rec: 0.6269, Valid F1: 0.7012, Valid Roc: 0.5343, Valid Mcc: 0.0621, Training Time: 58.1648/epoch
pred_s == 0 325
pred_s == 1 1412
label_s == 0 670
label_s == 1 1067
pred_s == 0 330
pred_s == 1 1407
label_s == 0 691
label_s == 1 1046
pred_s == 0 323
pred_s == 1 1414
label_s == 0 436
label_s == 1 1301
pred_s == 0 319
pred_s == 1 1418
label_s == 0 842
label_s == 1 895
pred_s == 0 317
pred_s == 1 1420
label_s == 0 219
label_s == 1 1518
pred_s == 0 293
pred_s == 1 1444
label_s == 0 855
label_s == 1 882
pred_s == 0 309
pred_s == 1 1428
label_s == 0 660
label_s == 1 1077
pred_s == 0 303
pred_s == 1 1434
label_s == 0 1176
label_s == 1 561
pred_s == 0 305
pred_s == 1 1432
label_s == 0 626
label_s == 1 1111
pred_s == 0 319
pred_s == 1 1418
label_s == 0 542
label_s == 1 1195
Epoch: 034, Valid Acc: 0.5924, Valid Prec: 0.5924, Valid Rec: 0.6261, Valid F1: 0.7048, Valid Roc: 0.5345, Valid Mcc: 0.0613, Training Time: 58.1843/epoch
pred_s == 0 86
pred_s == 1 1651
label_s == 0 670
label_s == 1 1067
pred_s == 0 103
pred_s == 1 1634
label_s == 0 691
label_s == 1 1046
pred_s == 0 105
pred_s == 1 1632
label_s == 0 436
label_s == 1 1301
pred_s == 0 107
pred_s == 1 1630
label_s == 0 842
label_s == 1 895
pred_s == 0 110
pred_s == 1 1627
label_s == 0 219
label_s == 1 1518
pred_s == 0 80
pred_s == 1 1657
label_s == 0 855
label_s == 1 882
pred_s == 0 105
pred_s == 1 1632
label_s == 0 660
label_s == 1 1077
pred_s == 0 92
pred_s == 1 1645
label_s == 0 1176
label_s == 1 561
pred_s == 0 106
pred_s == 1 1631
label_s == 0 626
label_s == 1 1111
pred_s == 0 97
pred_s == 1 1640
label_s == 0 542
label_s == 1 1195
Epoch: 035, Valid Acc: 0.5975, Valid Prec: 0.5975, Valid Rec: 0.6122, Valid F1: 0.7320, Valid Roc: 0.4907, Valid Mcc: -0.0101, Training Time: 58.0817/epoch
pred_s == 0 1
pred_s == 1 1736
label_s == 0 670
label_s == 1 1067
pred_s == 0 1
pred_s == 1 1736
label_s == 0 691
label_s == 1 1046
pred_s == 0 1
pred_s == 1 1736
label_s == 0 436
label_s == 1 1301
pred_s == 0 2
pred_s == 1 1735
label_s == 0 842
label_s == 1 895
pred_s == 0 1
pred_s == 1 1736
label_s == 0 219
label_s == 1 1518
pred_s == 0 2
pred_s == 1 1735
label_s == 0 855
label_s == 1 882
pred_s == 0 1
pred_s == 1 1736
label_s == 0 660
label_s == 1 1077
pred_s == 0 4
pred_s == 1 1733
label_s == 0 1176
label_s == 1 561
pred_s == 0 0
pred_s == 1 1737
label_s == 0 626
label_s == 1 1111
pred_s == 0 1
pred_s == 1 1736
label_s == 0 542
label_s == 1 1195
Epoch: 036, Valid Acc: 0.6128, Valid Prec: 0.6128, Valid Rec: 0.6131, Valid F1: 0.7500, Valid Roc: 0.3496, Valid Mcc: -0.0132, Training Time: 58.1626/epoch
pred_s == 0 141
pred_s == 1 1596
label_s == 0 670
label_s == 1 1067
pred_s == 0 142
pred_s == 1 1595
label_s == 0 691
label_s == 1 1046
pred_s == 0 151
pred_s == 1 1586
label_s == 0 436
label_s == 1 1301
pred_s == 0 153
pred_s == 1 1584
label_s == 0 842
label_s == 1 895
pred_s == 0 133
pred_s == 1 1604
label_s == 0 219
label_s == 1 1518
pred_s == 0 140
pred_s == 1 1597
label_s == 0 855
label_s == 1 882
pred_s == 0 146
pred_s == 1 1591
label_s == 0 660
label_s == 1 1077
pred_s == 0 130
pred_s == 1 1607
label_s == 0 1176
label_s == 1 561
pred_s == 0 128
pred_s == 1 1609
label_s == 0 626
label_s == 1 1111
pred_s == 0 132
pred_s == 1 1605
label_s == 0 542
label_s == 1 1195
Epoch: 037, Valid Acc: 0.5964, Valid Prec: 0.5964, Valid Rec: 0.6140, Valid F1: 0.7268, Valid Roc: 0.5045, Valid Mcc: 0.0059, Training Time: 58.2926/epoch
pred_s == 0 140
pred_s == 1 1597
label_s == 0 670
label_s == 1 1067
pred_s == 0 173
pred_s == 1 1564
label_s == 0 691
label_s == 1 1046
pred_s == 0 153
pred_s == 1 1584
label_s == 0 436
label_s == 1 1301
pred_s == 0 146
pred_s == 1 1591
label_s == 0 842
label_s == 1 895
pred_s == 0 125
pred_s == 1 1612
label_s == 0 219
label_s == 1 1518
pred_s == 0 146
pred_s == 1 1591
label_s == 0 855
label_s == 1 882
pred_s == 0 145
pred_s == 1 1592
label_s == 0 660
label_s == 1 1077
pred_s == 0 153
pred_s == 1 1584
label_s == 0 1176
label_s == 1 561
pred_s == 0 150
pred_s == 1 1587
label_s == 0 626
label_s == 1 1111
pred_s == 0 137
pred_s == 1 1600
label_s == 0 542
label_s == 1 1195
Epoch: 038, Valid Acc: 0.5966, Valid Prec: 0.5966, Valid Rec: 0.6142, Valid F1: 0.7260, Valid Roc: 0.5047, Valid Mcc: 0.0062, Training Time: 58.1240/epoch
pred_s == 0 733
pred_s == 1 1004
label_s == 0 670
label_s == 1 1067
pred_s == 0 1055
pred_s == 1 682
label_s == 0 691
label_s == 1 1046
pred_s == 0 952
pred_s == 1 785
label_s == 0 436
label_s == 1 1301
pred_s == 0 1015
pred_s == 1 722
label_s == 0 842
label_s == 1 895
pred_s == 0 1020
pred_s == 1 717
label_s == 0 219
label_s == 1 1518
pred_s == 0 779
pred_s == 1 958
label_s == 0 855
label_s == 1 882
pred_s == 0 864
pred_s == 1 873
label_s == 0 660
label_s == 1 1077
pred_s == 0 1049
pred_s == 1 688
label_s == 0 1176
label_s == 1 561
pred_s == 0 983
pred_s == 1 754
label_s == 0 626
label_s == 1 1111
pred_s == 0 955
pred_s == 1 782
label_s == 0 542
label_s == 1 1195
Epoch: 039, Valid Acc: 0.4740, Valid Prec: 0.4740, Valid Rec: 0.5949, Valid F1: 0.5022, Valid Roc: 0.4832, Valid Mcc: -0.0381, Training Time: 58.1853/epoch
pred_s == 0 1317
pred_s == 1 420
label_s == 0 670
label_s == 1 1067
pred_s == 0 1036
pred_s == 1 701
label_s == 0 691
label_s == 1 1046
pred_s == 0 1266
pred_s == 1 471
label_s == 0 436
label_s == 1 1301
pred_s == 0 1237
pred_s == 1 500
label_s == 0 842
label_s == 1 895
pred_s == 0 1263
pred_s == 1 474
label_s == 0 219
label_s == 1 1518
pred_s == 0 1158
pred_s == 1 579
label_s == 0 855
label_s == 1 882
pred_s == 0 1287
pred_s == 1 450
label_s == 0 660
label_s == 1 1077
pred_s == 0 1277
pred_s == 1 460
label_s == 0 1176
label_s == 1 561
pred_s == 0 1166
pred_s == 1 571
label_s == 0 626
label_s == 1 1111
pred_s == 0 1190
pred_s == 1 547
label_s == 0 542
label_s == 1 1195
Epoch: 040, Valid Acc: 0.4344, Valid Prec: 0.4344, Valid Rec: 0.5814, Valid F1: 0.3765, Valid Roc: 0.4771, Valid Mcc: -0.0475, Training Time: 58.1780/epoch
pred_s == 0 1376
pred_s == 1 361
label_s == 0 670
label_s == 1 1067
pred_s == 0 1327
pred_s == 1 410
label_s == 0 691
label_s == 1 1046
pred_s == 0 1353
pred_s == 1 384
label_s == 0 436
label_s == 1 1301
pred_s == 0 1349
pred_s == 1 388
label_s == 0 842
label_s == 1 895
pred_s == 0 1331
pred_s == 1 406
label_s == 0 219
label_s == 1 1518
pred_s == 0 1328
pred_s == 1 409
label_s == 0 855
label_s == 1 882
pred_s == 0 1326
pred_s == 1 411
label_s == 0 660
label_s == 1 1077
pred_s == 0 1329
pred_s == 1 408
label_s == 0 1176
label_s == 1 561
pred_s == 0 1349
pred_s == 1 388
label_s == 0 626
label_s == 1 1111
pred_s == 0 1353
pred_s == 1 384
label_s == 0 542
label_s == 1 1195
Epoch: 041, Valid Acc: 0.4189, Valid Prec: 0.4189, Valid Rec: 0.5710, Valid F1: 0.3073, Valid Roc: 0.4728, Valid Mcc: -0.0508, Training Time: 58.3588/epoch
pred_s == 0 260
pred_s == 1 1477
label_s == 0 670
label_s == 1 1067
pred_s == 0 266
pred_s == 1 1471
label_s == 0 691
label_s == 1 1046
pred_s == 0 275
pred_s == 1 1462
label_s == 0 436
label_s == 1 1301
pred_s == 0 266
pred_s == 1 1471
label_s == 0 842
label_s == 1 895
pred_s == 0 247
pred_s == 1 1490
label_s == 0 219
label_s == 1 1518
pred_s == 0 248
pred_s == 1 1489
label_s == 0 855
label_s == 1 882
pred_s == 0 253
pred_s == 1 1484
label_s == 0 660
label_s == 1 1077
pred_s == 0 267
pred_s == 1 1470
label_s == 0 1176
label_s == 1 561
pred_s == 0 261
pred_s == 1 1476
label_s == 0 626
label_s == 1 1111
pred_s == 0 257
pred_s == 1 1480
label_s == 0 542
label_s == 1 1195
Epoch: 042, Valid Acc: 0.5813, Valid Prec: 0.5813, Valid Rec: 0.6142, Valid F1: 0.7038, Valid Roc: 0.5030, Valid Mcc: 0.0055, Training Time: 58.2566/epoch
pred_s == 0 231
pred_s == 1 1506
label_s == 0 670
label_s == 1 1067
pred_s == 0 226
pred_s == 1 1511
label_s == 0 691
label_s == 1 1046
pred_s == 0 240
pred_s == 1 1497
label_s == 0 436
label_s == 1 1301
pred_s == 0 228
pred_s == 1 1509
label_s == 0 842
label_s == 1 895
pred_s == 0 193
pred_s == 1 1544
label_s == 0 219
label_s == 1 1518
pred_s == 0 209
pred_s == 1 1528
label_s == 0 855
label_s == 1 882
pred_s == 0 209
pred_s == 1 1528
label_s == 0 660
label_s == 1 1077
pred_s == 0 235
pred_s == 1 1502
label_s == 0 1176
label_s == 1 561
pred_s == 0 216
pred_s == 1 1521
label_s == 0 626
label_s == 1 1111
pred_s == 0 223
pred_s == 1 1514
label_s == 0 542
label_s == 1 1195
Epoch: 043, Valid Acc: 0.5853, Valid Prec: 0.5853, Valid Rec: 0.6132, Valid F1: 0.7106, Valid Roc: 0.5000, Valid Mcc: 0.0009, Training Time: 58.3062/epoch
pred_s == 0 371
pred_s == 1 1366
label_s == 0 670
label_s == 1 1067
pred_s == 0 384
pred_s == 1 1353
label_s == 0 691
label_s == 1 1046
pred_s == 0 401
pred_s == 1 1336
label_s == 0 436
label_s == 1 1301
pred_s == 0 394
pred_s == 1 1343
label_s == 0 842
label_s == 1 895
pred_s == 0 364
pred_s == 1 1373
label_s == 0 219
label_s == 1 1518
pred_s == 0 348
pred_s == 1 1389
label_s == 0 855
label_s == 1 882
pred_s == 0 364
pred_s == 1 1373
label_s == 0 660
label_s == 1 1077
pred_s == 0 370
pred_s == 1 1367
label_s == 0 1176
label_s == 1 561
pred_s == 0 368
pred_s == 1 1369
label_s == 0 626
label_s == 1 1111
pred_s == 0 364
pred_s == 1 1373
label_s == 0 542
label_s == 1 1195
Epoch: 044, Valid Acc: 0.5664, Valid Prec: 0.5664, Valid Rec: 0.6146, Valid F1: 0.6801, Valid Roc: 0.5029, Valid Mcc: 0.0057, Training Time: 58.3105/epoch
pred_s == 0 1474
pred_s == 1 263
label_s == 0 670
label_s == 1 1067
pred_s == 0 1479
pred_s == 1 258
label_s == 0 691
label_s == 1 1046
pred_s == 0 1474
pred_s == 1 263
label_s == 0 436
label_s == 1 1301
pred_s == 0 1479
pred_s == 1 258
label_s == 0 842
label_s == 1 895
pred_s == 0 1478
pred_s == 1 259
label_s == 0 219
label_s == 1 1518
pred_s == 0 1479
pred_s == 1 258
label_s == 0 855
label_s == 1 882
pred_s == 0 1477
pred_s == 1 260
label_s == 0 660
label_s == 1 1077
pred_s == 0 1482
pred_s == 1 255
label_s == 0 1176
label_s == 1 561
pred_s == 0 1493
pred_s == 1 244
label_s == 0 626
label_s == 1 1111
pred_s == 0 1474
pred_s == 1 263
label_s == 0 542
label_s == 1 1195
Epoch: 045, Valid Acc: 0.4003, Valid Prec: 0.4003, Valid Rec: 0.5458, Valid F1: 0.2151, Valid Roc: 0.4603, Valid Mcc: -0.0640, Training Time: 58.2669/epoch
pred_s == 0 290
pred_s == 1 1447
label_s == 0 670
label_s == 1 1067
pred_s == 0 286
pred_s == 1 1451
label_s == 0 691
label_s == 1 1046
pred_s == 0 295
pred_s == 1 1442
label_s == 0 436
label_s == 1 1301
pred_s == 0 287
pred_s == 1 1450
label_s == 0 842
label_s == 1 895
pred_s == 0 272
pred_s == 1 1465
label_s == 0 219
label_s == 1 1518
pred_s == 0 264
pred_s == 1 1473
label_s == 0 855
label_s == 1 882
pred_s == 0 282
pred_s == 1 1455
label_s == 0 660
label_s == 1 1077
pred_s == 0 291
pred_s == 1 1446
label_s == 0 1176
label_s == 1 561
pred_s == 0 286
pred_s == 1 1451
label_s == 0 626
label_s == 1 1111
pred_s == 0 282
pred_s == 1 1455
label_s == 0 542
label_s == 1 1195
Epoch: 046, Valid Acc: 0.5767, Valid Prec: 0.5767, Valid Rec: 0.6134, Valid F1: 0.6980, Valid Roc: 0.5004, Valid Mcc: 0.0017, Training Time: 58.2723/epoch
pred_s == 0 478
pred_s == 1 1259
label_s == 0 670
label_s == 1 1067
pred_s == 0 461
pred_s == 1 1276
label_s == 0 691
label_s == 1 1046
pred_s == 0 512
pred_s == 1 1225
label_s == 0 436
label_s == 1 1301
pred_s == 0 479
pred_s == 1 1258
label_s == 0 842
label_s == 1 895
pred_s == 0 476
pred_s == 1 1261
label_s == 0 219
label_s == 1 1518
pred_s == 0 469
pred_s == 1 1268
label_s == 0 855
label_s == 1 882
pred_s == 0 476
pred_s == 1 1261
label_s == 0 660
label_s == 1 1077
pred_s == 0 472
pred_s == 1 1265
label_s == 0 1176
label_s == 1 561
pred_s == 0 479
pred_s == 1 1258
label_s == 0 626
label_s == 1 1111
pred_s == 0 484
pred_s == 1 1253
label_s == 0 542
label_s == 1 1195
Epoch: 047, Valid Acc: 0.5511, Valid Prec: 0.5511, Valid Rec: 0.6141, Valid F1: 0.6552, Valid Roc: 0.5013, Valid Mcc: 0.0036, Training Time: 58.0746/epoch
pred_s == 0 1334
pred_s == 1 403
label_s == 0 670
label_s == 1 1067
pred_s == 0 1224
pred_s == 1 513
label_s == 0 691
label_s == 1 1046
pred_s == 0 1253
pred_s == 1 484
label_s == 0 436
label_s == 1 1301
pred_s == 0 1219
pred_s == 1 518
label_s == 0 842
label_s == 1 895
pred_s == 0 1275
pred_s == 1 462
label_s == 0 219
label_s == 1 1518
pred_s == 0 1310
pred_s == 1 427
label_s == 0 855
label_s == 1 882
pred_s == 0 1321
pred_s == 1 416
label_s == 0 660
label_s == 1 1077
pred_s == 0 1250
pred_s == 1 487
label_s == 0 1176
label_s == 1 561
pred_s == 0 1316
pred_s == 1 421
label_s == 0 626
label_s == 1 1111
pred_s == 0 1284
pred_s == 1 453
label_s == 0 542
label_s == 1 1195
Epoch: 048, Valid Acc: 0.4280, Valid Prec: 0.4280, Valid Rec: 0.5788, Valid F1: 0.3461, Valid Roc: 0.4769, Valid Mcc: -0.0453, Training Time: 58.1603/epoch
pred_s == 0 237
pred_s == 1 1500
label_s == 0 670
label_s == 1 1067
pred_s == 0 236
pred_s == 1 1501
label_s == 0 691
label_s == 1 1046
pred_s == 0 229
pred_s == 1 1508
label_s == 0 436
label_s == 1 1301
pred_s == 0 227
pred_s == 1 1510
label_s == 0 842
label_s == 1 895
pred_s == 0 243
pred_s == 1 1494
label_s == 0 219
label_s == 1 1518
pred_s == 0 236
pred_s == 1 1501
label_s == 0 855
label_s == 1 882
pred_s == 0 250
pred_s == 1 1487
label_s == 0 660
label_s == 1 1077
pred_s == 0 234
pred_s == 1 1503
label_s == 0 1176
label_s == 1 561
pred_s == 0 233
pred_s == 1 1504
label_s == 0 626
label_s == 1 1111
pred_s == 0 244
pred_s == 1 1493
label_s == 0 542
label_s == 1 1195
Epoch: 049, Valid Acc: 0.6036, Valid Prec: 0.6036, Valid Rec: 0.6258, Valid F1: 0.7210, Valid Roc: 0.5456, Valid Mcc: 0.0706, Training Time: 58.1992/epoch
pred_s == 0 1737
pred_s == 1 0
label_s == 0 670
label_s == 1 1067
pred_s == 0 1737
pred_s == 1 0
label_s == 0 691
label_s == 1 1046
pred_s == 0 1737
pred_s == 1 0
label_s == 0 436
label_s == 1 1301
pred_s == 0 1737
pred_s == 1 0
label_s == 0 842
label_s == 1 895
pred_s == 0 1737
pred_s == 1 0
label_s == 0 219
label_s == 1 1518
pred_s == 0 1737
pred_s == 1 0
label_s == 0 855
label_s == 1 882
pred_s == 0 1737
pred_s == 1 0
label_s == 0 660
label_s == 1 1077
pred_s == 0 1737
pred_s == 1 0
label_s == 0 1176
label_s == 1 561
pred_s == 0 1737
pred_s == 1 0
label_s == 0 626
label_s == 1 1111
pred_s == 0 1737
pred_s == 1 0
label_s == 0 542
label_s == 1 1195
Epoch: 050, Valid Acc: 0.3867, Valid Prec: 0.3867, Valid Rec: 0.0000, Valid F1: 0.0000, Valid Roc: 0.0000, Valid Mcc: 0.0000, Training Time: 58.2314/epoch
pred_s == 0 237
pred_s == 1 1500
label_s == 0 670
label_s == 1 1067
pred_s == 0 236
pred_s == 1 1501
label_s == 0 691
label_s == 1 1046
pred_s == 0 229
pred_s == 1 1508
label_s == 0 436
label_s == 1 1301
pred_s == 0 227
pred_s == 1 1510
label_s == 0 842
label_s == 1 895
pred_s == 0 243
pred_s == 1 1494
label_s == 0 219
label_s == 1 1518
pred_s == 0 236
pred_s == 1 1501
label_s == 0 855
label_s == 1 882
pred_s == 0 250
pred_s == 1 1487
label_s == 0 660
label_s == 1 1077
pred_s == 0 234
pred_s == 1 1503
label_s == 0 1176
label_s == 1 561
pred_s == 0 233
pred_s == 1 1504
label_s == 0 626
label_s == 1 1111
pred_s == 0 244
pred_s == 1 1493
label_s == 0 542
label_s == 1 1195
Epoch: 051, Valid Acc: 0.6036, Valid Prec: 0.6036, Valid Rec: 0.6258, Valid F1: 0.7210, Valid Roc: 0.5456, Valid Mcc: 0.0706, Training Time: 58.2139/epoch
pred_s == 0 264
pred_s == 1 1473
label_s == 0 670
label_s == 1 1067
pred_s == 0 273
pred_s == 1 1464
label_s == 0 691
label_s == 1 1046
pred_s == 0 267
pred_s == 1 1470
label_s == 0 436
label_s == 1 1301
pred_s == 0 258
pred_s == 1 1479
label_s == 0 842
label_s == 1 895
pred_s == 0 269
pred_s == 1 1468
label_s == 0 219
label_s == 1 1518
pred_s == 0 255
pred_s == 1 1482
label_s == 0 855
label_s == 1 882
pred_s == 0 271
pred_s == 1 1466
label_s == 0 660
label_s == 1 1077
pred_s == 0 256
pred_s == 1 1481
label_s == 0 1176
label_s == 1 561
pred_s == 0 264
pred_s == 1 1473
label_s == 0 626
label_s == 1 1111
pred_s == 0 268
pred_s == 1 1469
label_s == 0 542
label_s == 1 1195
Epoch: 052, Valid Acc: 0.6001, Valid Prec: 0.6001, Valid Rec: 0.6263, Valid F1: 0.7158, Valid Roc: 0.5421, Valid Mcc: 0.0685, Training Time: 58.2161/epoch
pred_s == 0 488
pred_s == 1 1249
label_s == 0 670
label_s == 1 1067
pred_s == 0 508
pred_s == 1 1229
label_s == 0 691
label_s == 1 1046
pred_s == 0 503
pred_s == 1 1234
label_s == 0 436
label_s == 1 1301
pred_s == 0 483
pred_s == 1 1254
label_s == 0 842
label_s == 1 895
pred_s == 0 481
pred_s == 1 1256
label_s == 0 219
label_s == 1 1518
pred_s == 0 471
pred_s == 1 1266
label_s == 0 855
label_s == 1 882
pred_s == 0 490
pred_s == 1 1247
label_s == 0 660
label_s == 1 1077
pred_s == 0 486
pred_s == 1 1251
label_s == 0 1176
label_s == 1 561
pred_s == 0 479
pred_s == 1 1258
label_s == 0 626
label_s == 1 1111
pred_s == 0 483
pred_s == 1 1254
label_s == 0 542
label_s == 1 1195
Epoch: 053, Valid Acc: 0.5706, Valid Prec: 0.5706, Valid Rec: 0.6280, Valid F1: 0.6670, Valid Roc: 0.5259, Valid Mcc: 0.0532, Training Time: 58.3984/epoch
pred_s == 0 639
pred_s == 1 1098
label_s == 0 670
label_s == 1 1067
pred_s == 0 642
pred_s == 1 1095
label_s == 0 691
label_s == 1 1046
pred_s == 0 637
pred_s == 1 1100
label_s == 0 436
label_s == 1 1301
pred_s == 0 625
pred_s == 1 1112
label_s == 0 842
label_s == 1 895
pred_s == 0 626
pred_s == 1 1111
label_s == 0 219
label_s == 1 1518
pred_s == 0 594
pred_s == 1 1143
label_s == 0 855
label_s == 1 882
pred_s == 0 626
pred_s == 1 1111
label_s == 0 660
label_s == 1 1077
pred_s == 0 616
pred_s == 1 1121
label_s == 0 1176
label_s == 1 561
pred_s == 0 596
pred_s == 1 1141
label_s == 0 626
label_s == 1 1111
pred_s == 0 615
pred_s == 1 1122
label_s == 0 542
label_s == 1 1195
Epoch: 054, Valid Acc: 0.5509, Valid Prec: 0.5509, Valid Rec: 0.6285, Valid F1: 0.6315, Valid Roc: 0.5210, Valid Mcc: 0.0463, Training Time: 58.0959/epoch
pred_s == 0 464
pred_s == 1 1273
label_s == 0 670
label_s == 1 1067
pred_s == 0 473
pred_s == 1 1264
label_s == 0 691
label_s == 1 1046
pred_s == 0 490
pred_s == 1 1247
label_s == 0 436
label_s == 1 1301
pred_s == 0 461
pred_s == 1 1276
label_s == 0 842
label_s == 1 895
pred_s == 0 463
pred_s == 1 1274
label_s == 0 219
label_s == 1 1518
pred_s == 0 464
pred_s == 1 1273
label_s == 0 855
label_s == 1 882
pred_s == 0 471
pred_s == 1 1266
label_s == 0 660
label_s == 1 1077
pred_s == 0 483
pred_s == 1 1254
label_s == 0 1176
label_s == 1 561
pred_s == 0 460
pred_s == 1 1277
label_s == 0 626
label_s == 1 1111
pred_s == 0 483
pred_s == 1 1254
label_s == 0 542
label_s == 1 1195
Epoch: 055, Valid Acc: 0.5733, Valid Prec: 0.5733, Valid Rec: 0.6280, Valid F1: 0.6711, Valid Roc: 0.5271, Valid Mcc: 0.0547, Training Time: 58.3280/epoch
pred_s == 0 520
pred_s == 1 1217
label_s == 0 670
label_s == 1 1067
pred_s == 0 559
pred_s == 1 1178
label_s == 0 691
label_s == 1 1046
pred_s == 0 551
pred_s == 1 1186
label_s == 0 436
label_s == 1 1301
pred_s == 0 512
pred_s == 1 1225
label_s == 0 842
label_s == 1 895
pred_s == 0 515
pred_s == 1 1222
label_s == 0 219
label_s == 1 1518
pred_s == 0 498
pred_s == 1 1239
label_s == 0 855
label_s == 1 882
pred_s == 0 516
pred_s == 1 1221
label_s == 0 660
label_s == 1 1077
pred_s == 0 519
pred_s == 1 1218
label_s == 0 1176
label_s == 1 561
pred_s == 0 509
pred_s == 1 1228
label_s == 0 626
label_s == 1 1111
pred_s == 0 527
pred_s == 1 1210
label_s == 0 542
label_s == 1 1195
Epoch: 056, Valid Acc: 0.5652, Valid Prec: 0.5652, Valid Rec: 0.6283, Valid F1: 0.6580, Valid Roc: 0.5244, Valid Mcc: 0.0517, Training Time: 58.3959/epoch
pred_s == 0 531
pred_s == 1 1206
label_s == 0 670
label_s == 1 1067
pred_s == 0 539
pred_s == 1 1198
label_s == 0 691
label_s == 1 1046
pred_s == 0 557
pred_s == 1 1180
label_s == 0 436
label_s == 1 1301
pred_s == 0 533
pred_s == 1 1204
label_s == 0 842
label_s == 1 895
pred_s == 0 531
pred_s == 1 1206
label_s == 0 219
label_s == 1 1518
pred_s == 0 514
pred_s == 1 1223
label_s == 0 855
label_s == 1 882
pred_s == 0 532
pred_s == 1 1205
label_s == 0 660
label_s == 1 1077
pred_s == 0 535
pred_s == 1 1202
label_s == 0 1176
label_s == 1 561
pred_s == 0 535
pred_s == 1 1202
label_s == 0 626
label_s == 1 1111
pred_s == 0 522
pred_s == 1 1215
label_s == 0 542
label_s == 1 1195
Epoch: 057, Valid Acc: 0.5644, Valid Prec: 0.5644, Valid Rec: 0.6285, Valid F1: 0.6556, Valid Roc: 0.5246, Valid Mcc: 0.0521, Training Time: 58.2408/epoch
pred_s == 0 486
pred_s == 1 1251
label_s == 0 670
label_s == 1 1067
pred_s == 0 499
pred_s == 1 1238
label_s == 0 691
label_s == 1 1046
pred_s == 0 507
pred_s == 1 1230
label_s == 0 436
label_s == 1 1301
pred_s == 0 484
pred_s == 1 1253
label_s == 0 842
label_s == 1 895
pred_s == 0 475
pred_s == 1 1262
label_s == 0 219
label_s == 1 1518
pred_s == 0 460
pred_s == 1 1277
label_s == 0 855
label_s == 1 882
pred_s == 0 473
pred_s == 1 1264
label_s == 0 660
label_s == 1 1077
pred_s == 0 477
pred_s == 1 1260
label_s == 0 1176
label_s == 1 561
pred_s == 0 467
pred_s == 1 1270
label_s == 0 626
label_s == 1 1111
pred_s == 0 483
pred_s == 1 1254
label_s == 0 542
label_s == 1 1195
Epoch: 058, Valid Acc: 0.5706, Valid Prec: 0.5706, Valid Rec: 0.6277, Valid F1: 0.6678, Valid Roc: 0.5255, Valid Mcc: 0.0527, Training Time: 58.3925/epoch
pred_s == 0 473
pred_s == 1 1264
label_s == 0 670
label_s == 1 1067
pred_s == 0 485
pred_s == 1 1252
label_s == 0 691
label_s == 1 1046
pred_s == 0 502
pred_s == 1 1235
label_s == 0 436
label_s == 1 1301
pred_s == 0 475
pred_s == 1 1262
label_s == 0 842
label_s == 1 895
pred_s == 0 457
pred_s == 1 1280
label_s == 0 219
label_s == 1 1518
pred_s == 0 453
pred_s == 1 1284
label_s == 0 855
label_s == 1 882
pred_s == 0 463
pred_s == 1 1274
label_s == 0 660
label_s == 1 1077
pred_s == 0 469
pred_s == 1 1268
label_s == 0 1176
label_s == 1 561
pred_s == 0 455
pred_s == 1 1282
label_s == 0 626
label_s == 1 1111
pred_s == 0 481
pred_s == 1 1256
label_s == 0 542
label_s == 1 1195
Epoch: 059, Valid Acc: 0.5742, Valid Prec: 0.5742, Valid Rec: 0.6290, Valid F1: 0.6718, Valid Roc: 0.5285, Valid Mcc: 0.0583, Training Time: 58.4288/epoch
pred_s == 0 746
pred_s == 1 991
label_s == 0 670
label_s == 1 1067
pred_s == 0 787
pred_s == 1 950
label_s == 0 691
label_s == 1 1046
pred_s == 0 785
pred_s == 1 952
label_s == 0 436
label_s == 1 1301
pred_s == 0 755
pred_s == 1 982
label_s == 0 842
label_s == 1 895
pred_s == 0 747
pred_s == 1 990
label_s == 0 219
label_s == 1 1518
pred_s == 0 719
pred_s == 1 1018
label_s == 0 855
label_s == 1 882
pred_s == 0 755
pred_s == 1 982
label_s == 0 660
label_s == 1 1077
pred_s == 0 740
pred_s == 1 997
label_s == 0 1176
label_s == 1 561
pred_s == 0 742
pred_s == 1 995
label_s == 0 626
label_s == 1 1111
pred_s == 0 756
pred_s == 1 981
label_s == 0 542
label_s == 1 1195
Epoch: 060, Valid Acc: 0.5372, Valid Prec: 0.5372, Valid Rec: 0.6342, Valid F1: 0.5975, Valid Roc: 0.5236, Valid Mcc: 0.0532, Training Time: 58.3373/epoch
pred_s == 0 1737
pred_s == 1 0
label_s == 0 670
label_s == 1 1067
pred_s == 0 1737
pred_s == 1 0
label_s == 0 691
label_s == 1 1046
pred_s == 0 1737
pred_s == 1 0
label_s == 0 436
label_s == 1 1301
pred_s == 0 1737
pred_s == 1 0
label_s == 0 842
label_s == 1 895
pred_s == 0 1737
pred_s == 1 0
label_s == 0 219
label_s == 1 1518
pred_s == 0 1737
pred_s == 1 0
label_s == 0 855
label_s == 1 882
pred_s == 0 1737
pred_s == 1 0
label_s == 0 660
label_s == 1 1077
pred_s == 0 1737
pred_s == 1 0
label_s == 0 1176
label_s == 1 561
pred_s == 0 1737
pred_s == 1 0
label_s == 0 626
label_s == 1 1111
pred_s == 0 1737
pred_s == 1 0
label_s == 0 542
label_s == 1 1195
Epoch: 061, Valid Acc: 0.3867, Valid Prec: 0.3867, Valid Rec: 0.0000, Valid F1: 0.0000, Valid Roc: 0.0000, Valid Mcc: 0.0000, Training Time: 58.2770/epoch
pred_s == 0 308
pred_s == 1 1429
label_s == 0 670
label_s == 1 1067
pred_s == 0 329
pred_s == 1 1408
label_s == 0 691
label_s == 1 1046
pred_s == 0 306
pred_s == 1 1431
label_s == 0 436
label_s == 1 1301
pred_s == 0 306
pred_s == 1 1431
label_s == 0 842
label_s == 1 895
pred_s == 0 312
pred_s == 1 1425
label_s == 0 219
label_s == 1 1518
pred_s == 0 295
pred_s == 1 1442
label_s == 0 855
label_s == 1 882
pred_s == 0 317
pred_s == 1 1420
label_s == 0 660
label_s == 1 1077
pred_s == 0 309
pred_s == 1 1428
label_s == 0 1176
label_s == 1 561
pred_s == 0 308
pred_s == 1 1429
label_s == 0 626
label_s == 1 1111
pred_s == 0 326
pred_s == 1 1411
label_s == 0 542
label_s == 1 1195
Epoch: 062, Valid Acc: 0.5955, Valid Prec: 0.5955, Valid Rec: 0.6274, Valid F1: 0.7071, Valid Roc: 0.5391, Valid Mcc: 0.0686, Training Time: 58.2598/epoch
pred_s == 0 437
pred_s == 1 1300
label_s == 0 670
label_s == 1 1067
pred_s == 0 443
pred_s == 1 1294
label_s == 0 691
label_s == 1 1046
pred_s == 0 448
pred_s == 1 1289
label_s == 0 436
label_s == 1 1301
pred_s == 0 428
pred_s == 1 1309
label_s == 0 842
label_s == 1 895
pred_s == 0 424
pred_s == 1 1313
label_s == 0 219
label_s == 1 1518
pred_s == 0 412
pred_s == 1 1325
label_s == 0 855
label_s == 1 882
pred_s == 0 414
pred_s == 1 1323
label_s == 0 660
label_s == 1 1077
pred_s == 0 422
pred_s == 1 1315
label_s == 0 1176
label_s == 1 561
pred_s == 0 413
pred_s == 1 1324
label_s == 0 626
label_s == 1 1111
pred_s == 0 442
pred_s == 1 1295
label_s == 0 542
label_s == 1 1195
Epoch: 063, Valid Acc: 0.5779, Valid Prec: 0.5779, Valid Rec: 0.6274, Valid F1: 0.6804, Valid Roc: 0.5280, Valid Mcc: 0.0559, Training Time: 58.2630/epoch
pred_s == 0 278
pred_s == 1 1459
label_s == 0 670
label_s == 1 1067
pred_s == 0 273
pred_s == 1 1464
label_s == 0 691
label_s == 1 1046
pred_s == 0 268
pred_s == 1 1469
label_s == 0 436
label_s == 1 1301
pred_s == 0 270
pred_s == 1 1467
label_s == 0 842
label_s == 1 895
pred_s == 0 278
pred_s == 1 1459
label_s == 0 219
label_s == 1 1518
pred_s == 0 261
pred_s == 1 1476
label_s == 0 855
label_s == 1 882
pred_s == 0 279
pred_s == 1 1458
label_s == 0 660
label_s == 1 1077
pred_s == 0 270
pred_s == 1 1467
label_s == 0 1176
label_s == 1 561
pred_s == 0 267
pred_s == 1 1470
label_s == 0 626
label_s == 1 1111
pred_s == 0 273
pred_s == 1 1464
label_s == 0 542
label_s == 1 1195
Epoch: 064, Valid Acc: 0.5997, Valid Prec: 0.5997, Valid Rec: 0.6264, Valid F1: 0.7145, Valid Roc: 0.5418, Valid Mcc: 0.0687, Training Time: 58.0432/epoch
pred_s == 0 1713
pred_s == 1 24
label_s == 0 670
label_s == 1 1067
pred_s == 0 1708
pred_s == 1 29
label_s == 0 691
label_s == 1 1046
pred_s == 0 1717
pred_s == 1 20
label_s == 0 436
label_s == 1 1301
pred_s == 0 1702
pred_s == 1 35
label_s == 0 842
label_s == 1 895
pred_s == 0 1712
pred_s == 1 25
label_s == 0 219
label_s == 1 1518
pred_s == 0 1709
pred_s == 1 28
label_s == 0 855
label_s == 1 882
pred_s == 0 1708
pred_s == 1 29
label_s == 0 660
label_s == 1 1077
pred_s == 0 1702
pred_s == 1 35
label_s == 0 1176
label_s == 1 561
pred_s == 0 1715
pred_s == 1 22
label_s == 0 626
label_s == 1 1111
pred_s == 0 1701
pred_s == 1 36
label_s == 0 542
label_s == 1 1195
Epoch: 065, Valid Acc: 0.3902, Valid Prec: 0.3902, Valid Rec: 0.6273, Valid F1: 0.0307, Valid Roc: 0.5071, Valid Mcc: 0.0034, Training Time: 58.3045/epoch
pred_s == 0 496
pred_s == 1 1241
label_s == 0 670
label_s == 1 1067
pred_s == 0 510
pred_s == 1 1227
label_s == 0 691
label_s == 1 1046
pred_s == 0 505
pred_s == 1 1232
label_s == 0 436
label_s == 1 1301
pred_s == 0 493
pred_s == 1 1244
label_s == 0 842
label_s == 1 895
pred_s == 0 473
pred_s == 1 1264
label_s == 0 219
label_s == 1 1518
pred_s == 0 461
pred_s == 1 1276
label_s == 0 855
label_s == 1 882
pred_s == 0 490
pred_s == 1 1247
label_s == 0 660
label_s == 1 1077
pred_s == 0 491
pred_s == 1 1246
label_s == 0 1176
label_s == 1 561
pred_s == 0 480
pred_s == 1 1257
label_s == 0 626
label_s == 1 1111
pred_s == 0 501
pred_s == 1 1236
label_s == 0 542
label_s == 1 1195
Epoch: 066, Valid Acc: 0.5698, Valid Prec: 0.5698, Valid Rec: 0.6276, Valid F1: 0.6658, Valid Roc: 0.5251, Valid Mcc: 0.0524, Training Time: 58.3044/epoch
pred_s == 0 1343
pred_s == 1 394
label_s == 0 670
label_s == 1 1067
pred_s == 0 1433
pred_s == 1 304
label_s == 0 691
label_s == 1 1046
pred_s == 0 1463
pred_s == 1 274
label_s == 0 436
label_s == 1 1301
pred_s == 0 1292
pred_s == 1 445
label_s == 0 842
label_s == 1 895
pred_s == 0 1497
pred_s == 1 240
label_s == 0 219
label_s == 1 1518
pred_s == 0 1223
pred_s == 1 514
label_s == 0 855
label_s == 1 882
pred_s == 0 1367
pred_s == 1 370
label_s == 0 660
label_s == 1 1077
pred_s == 0 1361
pred_s == 1 376
label_s == 0 1176
label_s == 1 561
pred_s == 0 1415
pred_s == 1 322
label_s == 0 626
label_s == 1 1111
pred_s == 0 1261
pred_s == 1 476
label_s == 0 542
label_s == 1 1195
Epoch: 067, Valid Acc: 0.4371, Valid Prec: 0.4371, Valid Rec: 0.6408, Valid F1: 0.3161, Valid Roc: 0.5166, Valid Mcc: 0.0291, Training Time: 58.2486/epoch
pred_s == 0 0
pred_s == 1 1737
label_s == 0 670
label_s == 1 1067
pred_s == 0 0
pred_s == 1 1737
label_s == 0 691
label_s == 1 1046
pred_s == 0 0
pred_s == 1 1737
label_s == 0 436
label_s == 1 1301
pred_s == 0 0
pred_s == 1 1737
label_s == 0 842
label_s == 1 895
pred_s == 0 0
pred_s == 1 1737
label_s == 0 219
label_s == 1 1518
pred_s == 0 0
pred_s == 1 1737
label_s == 0 855
label_s == 1 882
pred_s == 0 0
pred_s == 1 1737
label_s == 0 660
label_s == 1 1077
pred_s == 0 0
pred_s == 1 1737
label_s == 0 1176
label_s == 1 561
pred_s == 0 0
pred_s == 1 1737
label_s == 0 626
label_s == 1 1111
pred_s == 0 0
pred_s == 1 1737
label_s == 0 542
label_s == 1 1195
Epoch: 068, Valid Acc: 0.6133, Valid Prec: 0.6133, Valid Rec: 0.6133, Valid F1: 0.7505, Valid Roc: 0.0000, Valid Mcc: 0.0000, Training Time: 58.2918/epoch
pred_s == 0 120
pred_s == 1 1617
label_s == 0 670
label_s == 1 1067
pred_s == 0 127
pred_s == 1 1610
label_s == 0 691
label_s == 1 1046
pred_s == 0 127
pred_s == 1 1610
label_s == 0 436
label_s == 1 1301
pred_s == 0 150
pred_s == 1 1587
label_s == 0 842
label_s == 1 895
pred_s == 0 118
pred_s == 1 1619
label_s == 0 219
label_s == 1 1518
pred_s == 0 144
pred_s == 1 1593
label_s == 0 855
label_s == 1 882
pred_s == 0 136
pred_s == 1 1601
label_s == 0 660
label_s == 1 1077
pred_s == 0 148
pred_s == 1 1589
label_s == 0 1176
label_s == 1 561
pred_s == 0 129
pred_s == 1 1608
label_s == 0 626
label_s == 1 1111
pred_s == 0 138
pred_s == 1 1599
label_s == 0 542
label_s == 1 1195
Epoch: 069, Valid Acc: 0.5974, Valid Prec: 0.5974, Valid Rec: 0.6134, Valid F1: 0.7274, Valid Roc: 0.5015, Valid Mcc: 0.0017, Training Time: 58.3372/epoch
pred_s == 0 402
pred_s == 1 1335
label_s == 0 670
label_s == 1 1067
pred_s == 0 394
pred_s == 1 1343
label_s == 0 691
label_s == 1 1046
pred_s == 0 388
pred_s == 1 1349
label_s == 0 436
label_s == 1 1301
pred_s == 0 372
pred_s == 1 1365
label_s == 0 842
label_s == 1 895
pred_s == 0 385
pred_s == 1 1352
label_s == 0 219
label_s == 1 1518
pred_s == 0 371
pred_s == 1 1366
label_s == 0 855
label_s == 1 882
pred_s == 0 375
pred_s == 1 1362
label_s == 0 660
label_s == 1 1077
pred_s == 0 383
pred_s == 1 1354
label_s == 0 1176
label_s == 1 561
pred_s == 0 386
pred_s == 1 1351
label_s == 0 626
label_s == 1 1111
pred_s == 0 403
pred_s == 1 1334
label_s == 0 542
label_s == 1 1195
Epoch: 070, Valid Acc: 0.5833, Valid Prec: 0.5833, Valid Rec: 0.6268, Valid F1: 0.6897, Valid Roc: 0.5298, Valid Mcc: 0.0571, Training Time: 58.2947/epoch
pred_s == 0 394
pred_s == 1 1343
label_s == 0 670
label_s == 1 1067
pred_s == 0 386
pred_s == 1 1351
label_s == 0 691
label_s == 1 1046
pred_s == 0 399
pred_s == 1 1338
label_s == 0 436
label_s == 1 1301
pred_s == 0 395
pred_s == 1 1342
label_s == 0 842
label_s == 1 895
pred_s == 0 406
pred_s == 1 1331
label_s == 0 219
label_s == 1 1518
pred_s == 0 408
pred_s == 1 1329
label_s == 0 855
label_s == 1 882
pred_s == 0 399
pred_s == 1 1338
label_s == 0 660
label_s == 1 1077
pred_s == 0 400
pred_s == 1 1337
label_s == 0 1176
label_s == 1 561
pred_s == 0 389
pred_s == 1 1348
label_s == 0 626
label_s == 1 1111
pred_s == 0 404
pred_s == 1 1333
label_s == 0 542
label_s == 1 1195
Epoch: 071, Valid Acc: 0.5819, Valid Prec: 0.5819, Valid Rec: 0.6267, Valid F1: 0.6871, Valid Roc: 0.5294, Valid Mcc: 0.0555, Training Time: 58.3336/epoch
pred_s == 0 571
pred_s == 1 1166
label_s == 0 670
label_s == 1 1067
pred_s == 0 557
pred_s == 1 1180
label_s == 0 691
label_s == 1 1046
pred_s == 0 558
pred_s == 1 1179
label_s == 0 436
label_s == 1 1301
pred_s == 0 549
pred_s == 1 1188
label_s == 0 842
label_s == 1 895
pred_s == 0 555
pred_s == 1 1182
label_s == 0 219
label_s == 1 1518
pred_s == 0 575
pred_s == 1 1162
label_s == 0 855
label_s == 1 882
pred_s == 0 569
pred_s == 1 1168
label_s == 0 660
label_s == 1 1077
pred_s == 0 569
pred_s == 1 1168
label_s == 0 1176
label_s == 1 561
pred_s == 0 585
pred_s == 1 1152
label_s == 0 626
label_s == 1 1111
pred_s == 0 562
pred_s == 1 1175
label_s == 0 542
label_s == 1 1195
Epoch: 072, Valid Acc: 0.5640, Valid Prec: 0.5640, Valid Rec: 0.6310, Valid F1: 0.6506, Valid Roc: 0.5274, Valid Mcc: 0.0583, Training Time: 58.1832/epoch
pred_s == 0 633
pred_s == 1 1104
label_s == 0 670
label_s == 1 1067
pred_s == 0 591
pred_s == 1 1146
label_s == 0 691
label_s == 1 1046
pred_s == 0 619
pred_s == 1 1118
label_s == 0 436
label_s == 1 1301
pred_s == 0 613
pred_s == 1 1124
label_s == 0 842
label_s == 1 895
pred_s == 0 632
pred_s == 1 1105
label_s == 0 219
label_s == 1 1518
pred_s == 0 615
pred_s == 1 1122
label_s == 0 855
label_s == 1 882
pred_s == 0 623
pred_s == 1 1114
label_s == 0 660
label_s == 1 1077
pred_s == 0 621
pred_s == 1 1116
label_s == 0 1176
label_s == 1 561
pred_s == 0 606
pred_s == 1 1131
label_s == 0 626
label_s == 1 1111
pred_s == 0 627
pred_s == 1 1110
label_s == 0 542
label_s == 1 1195
Epoch: 073, Valid Acc: 0.5555, Valid Prec: 0.5555, Valid Rec: 0.6314, Valid F1: 0.6359, Valid Roc: 0.5255, Valid Mcc: 0.0551, Training Time: 58.3493/epoch
pred_s == 0 647
pred_s == 1 1090
label_s == 0 670
label_s == 1 1067
pred_s == 0 617
pred_s == 1 1120
label_s == 0 691
label_s == 1 1046
pred_s == 0 646
pred_s == 1 1091
label_s == 0 436
label_s == 1 1301
pred_s == 0 624
pred_s == 1 1113
label_s == 0 842
label_s == 1 895
pred_s == 0 644
pred_s == 1 1093
label_s == 0 219
label_s == 1 1518
pred_s == 0 639
pred_s == 1 1098
label_s == 0 855
label_s == 1 882
pred_s == 0 652
pred_s == 1 1085
label_s == 0 660
label_s == 1 1077
pred_s == 0 640
pred_s == 1 1097
label_s == 0 1176
label_s == 1 561
pred_s == 0 636
pred_s == 1 1101
label_s == 0 626
label_s == 1 1111
pred_s == 0 642
pred_s == 1 1095
label_s == 0 542
label_s == 1 1195
Epoch: 074, Valid Acc: 0.5519, Valid Prec: 0.5519, Valid Rec: 0.6310, Valid F1: 0.6302, Valid Roc: 0.5240, Valid Mcc: 0.0518, Training Time: 58.2459/epoch
pred_s == 0 597
pred_s == 1 1140
label_s == 0 670
label_s == 1 1067
pred_s == 0 560
pred_s == 1 1177
label_s == 0 691
label_s == 1 1046
pred_s == 0 588
pred_s == 1 1149
label_s == 0 436
label_s == 1 1301
pred_s == 0 569
pred_s == 1 1168
label_s == 0 842
label_s == 1 895
pred_s == 0 595
pred_s == 1 1142
label_s == 0 219
label_s == 1 1518
pred_s == 0 589
pred_s == 1 1148
label_s == 0 855
label_s == 1 882
pred_s == 0 600
pred_s == 1 1137
label_s == 0 660
label_s == 1 1077
pred_s == 0 583
pred_s == 1 1154
label_s == 0 1176
label_s == 1 561
pred_s == 0 583
pred_s == 1 1154
label_s == 0 626
label_s == 1 1111
pred_s == 0 579
pred_s == 1 1158
label_s == 0 542
label_s == 1 1195
Epoch: 075, Valid Acc: 0.5584, Valid Prec: 0.5584, Valid Rec: 0.6298, Valid F1: 0.6437, Valid Roc: 0.5245, Valid Mcc: 0.0531, Training Time: 58.2005/epoch
pred_s == 0 570
pred_s == 1 1167
label_s == 0 670
label_s == 1 1067
pred_s == 0 541
pred_s == 1 1196
label_s == 0 691
label_s == 1 1046
pred_s == 0 523
pred_s == 1 1214
label_s == 0 436
label_s == 1 1301
pred_s == 0 560
pred_s == 1 1177
label_s == 0 842
label_s == 1 895
pred_s == 0 549
pred_s == 1 1188
label_s == 0 219
label_s == 1 1518
pred_s == 0 544
pred_s == 1 1193
label_s == 0 855
label_s == 1 882
pred_s == 0 568
pred_s == 1 1169
label_s == 0 660
label_s == 1 1077
pred_s == 0 547
pred_s == 1 1190
label_s == 0 1176
label_s == 1 561
pred_s == 0 546
pred_s == 1 1191
label_s == 0 626
label_s == 1 1111
pred_s == 0 563
pred_s == 1 1174
label_s == 0 542
label_s == 1 1195
Epoch: 076, Valid Acc: 0.5649, Valid Prec: 0.5649, Valid Rec: 0.6302, Valid F1: 0.6534, Valid Roc: 0.5269, Valid Mcc: 0.0564, Training Time: 58.3681/epoch
pred_s == 0 864
pred_s == 1 873
label_s == 0 670
label_s == 1 1067
pred_s == 0 1002
pred_s == 1 735
label_s == 0 691
label_s == 1 1046
pred_s == 0 859
pred_s == 1 878
label_s == 0 436
label_s == 1 1301
pred_s == 0 884
pred_s == 1 853
label_s == 0 842
label_s == 1 895
pred_s == 0 931
pred_s == 1 806
label_s == 0 219
label_s == 1 1518
pred_s == 0 836
pred_s == 1 901
label_s == 0 855
label_s == 1 882
pred_s == 0 926
pred_s == 1 811
label_s == 0 660
label_s == 1 1077
pred_s == 0 820
pred_s == 1 917
label_s == 0 1176
label_s == 1 561
pred_s == 0 925
pred_s == 1 812
label_s == 0 626
label_s == 1 1111
pred_s == 0 883
pred_s == 1 854
label_s == 0 542
label_s == 1 1195
Epoch: 077, Valid Acc: 0.5064, Valid Prec: 0.5064, Valid Rec: 0.6276, Valid F1: 0.5436, Valid Roc: 0.5135, Valid Mcc: 0.0306, Training Time: 58.2299/epoch
pred_s == 0 1472
pred_s == 1 265
label_s == 0 670
label_s == 1 1067
pred_s == 0 1543
pred_s == 1 194
label_s == 0 691
label_s == 1 1046
pred_s == 0 1484
pred_s == 1 253
label_s == 0 436
label_s == 1 1301
pred_s == 0 1475
pred_s == 1 262
label_s == 0 842
label_s == 1 895
pred_s == 0 1544
pred_s == 1 193
label_s == 0 219
label_s == 1 1518
pred_s == 0 1507
pred_s == 1 230
label_s == 0 855
label_s == 1 882
pred_s == 0 1514
pred_s == 1 223
label_s == 0 660
label_s == 1 1077
pred_s == 0 1431
pred_s == 1 306
label_s == 0 1176
label_s == 1 561
pred_s == 0 1488
pred_s == 1 249
label_s == 0 626
label_s == 1 1111
pred_s == 0 1456
pred_s == 1 281
label_s == 0 542
label_s == 1 1195
Epoch: 078, Valid Acc: 0.4159, Valid Prec: 0.4159, Valid Rec: 0.6143, Valid F1: 0.2256, Valid Roc: 0.5006, Valid Mcc: 0.0008, Training Time: 58.3337/epoch
pred_s == 0 1212
pred_s == 1 525
label_s == 0 670
label_s == 1 1067
pred_s == 0 1458
pred_s == 1 279
label_s == 0 691
label_s == 1 1046
pred_s == 0 1312
pred_s == 1 425
label_s == 0 436
label_s == 1 1301
pred_s == 0 1266
pred_s == 1 471
label_s == 0 842
label_s == 1 895
pred_s == 0 1362
pred_s == 1 375
label_s == 0 219
label_s == 1 1518
pred_s == 0 1243
pred_s == 1 494
label_s == 0 855
label_s == 1 882
pred_s == 0 1371
pred_s == 1 366
label_s == 0 660
label_s == 1 1077
pred_s == 0 1201
pred_s == 1 536
label_s == 0 1176
label_s == 1 561
pred_s == 0 1298
pred_s == 1 439
label_s == 0 626
label_s == 1 1111
pred_s == 0 1260
pred_s == 1 477
label_s == 0 542
label_s == 1 1195
Epoch: 079, Valid Acc: 0.4423, Valid Prec: 0.4423, Valid Rec: 0.6222, Valid F1: 0.3504, Valid Roc: 0.5058, Valid Mcc: 0.0124, Training Time: 58.2860/epoch
pred_s == 0 1643
pred_s == 1 94
label_s == 0 670
label_s == 1 1067
pred_s == 0 1682
pred_s == 1 55
label_s == 0 691
label_s == 1 1046
pred_s == 0 1609
pred_s == 1 128
label_s == 0 436
label_s == 1 1301
pred_s == 0 1666
pred_s == 1 71
label_s == 0 842
label_s == 1 895
pred_s == 0 1635
pred_s == 1 102
label_s == 0 219
label_s == 1 1518
pred_s == 0 1639
pred_s == 1 98
label_s == 0 855
label_s == 1 882
pred_s == 0 1643
pred_s == 1 94
label_s == 0 660
label_s == 1 1077
pred_s == 0 1613
pred_s == 1 124
label_s == 0 1176
label_s == 1 561
pred_s == 0 1689
pred_s == 1 48
label_s == 0 626
label_s == 1 1111
pred_s == 0 1646
pred_s == 1 91
label_s == 0 542
label_s == 1 1195
Epoch: 080, Valid Acc: 0.3992, Valid Prec: 0.3992, Valid Rec: 0.6169, Valid F1: 0.0976, Valid Roc: 0.5020, Valid Mcc: 0.0009, Training Time: 58.2645/epoch
pred_s == 0 510
pred_s == 1 1227
label_s == 0 670
label_s == 1 1067
pred_s == 0 538
pred_s == 1 1199
label_s == 0 691
label_s == 1 1046
pred_s == 0 513
pred_s == 1 1224
label_s == 0 436
label_s == 1 1301
pred_s == 0 503
pred_s == 1 1234
label_s == 0 842
label_s == 1 895
pred_s == 0 565
pred_s == 1 1172
label_s == 0 219
label_s == 1 1518
pred_s == 0 490
pred_s == 1 1247
label_s == 0 855
label_s == 1 882
pred_s == 0 520
pred_s == 1 1217
label_s == 0 660
label_s == 1 1077
pred_s == 0 475
pred_s == 1 1262
label_s == 0 1176
label_s == 1 561
pred_s == 0 481
pred_s == 1 1256
label_s == 0 626
label_s == 1 1111
pred_s == 0 492
pred_s == 1 1245
label_s == 0 542
label_s == 1 1195
Epoch: 081, Valid Acc: 0.5435, Valid Prec: 0.5435, Valid Rec: 0.6128, Valid F1: 0.6465, Valid Roc: 0.4995, Valid Mcc: -0.0018, Training Time: 58.2271/epoch
pred_s == 0 123
pred_s == 1 1614
label_s == 0 670
label_s == 1 1067
pred_s == 0 132
pred_s == 1 1605
label_s == 0 691
label_s == 1 1046
pred_s == 0 137
pred_s == 1 1600
label_s == 0 436
label_s == 1 1301
pred_s == 0 122
pred_s == 1 1615
label_s == 0 842
label_s == 1 895
pred_s == 0 111
pred_s == 1 1626
label_s == 0 219
label_s == 1 1518
pred_s == 0 109
pred_s == 1 1628
label_s == 0 855
label_s == 1 882
pred_s == 0 123
pred_s == 1 1614
label_s == 0 660
label_s == 1 1077
pred_s == 0 126
pred_s == 1 1611
label_s == 0 1176
label_s == 1 561
pred_s == 0 119
pred_s == 1 1618
label_s == 0 626
label_s == 1 1111
pred_s == 0 129
pred_s == 1 1608
label_s == 0 542
label_s == 1 1195
Epoch: 082, Valid Acc: 0.5970, Valid Prec: 0.5970, Valid Rec: 0.6131, Valid F1: 0.7287, Valid Roc: 0.4997, Valid Mcc: 0.0013, Training Time: 58.2455/epoch
pred_s == 0 225
pred_s == 1 1512
label_s == 0 670
label_s == 1 1067
pred_s == 0 213
pred_s == 1 1524
label_s == 0 691
label_s == 1 1046
pred_s == 0 244
pred_s == 1 1493
label_s == 0 436
label_s == 1 1301
pred_s == 0 231
pred_s == 1 1506
label_s == 0 842
label_s == 1 895
pred_s == 0 227
pred_s == 1 1510
label_s == 0 219
label_s == 1 1518
pred_s == 0 220
pred_s == 1 1517
label_s == 0 855
label_s == 1 882
pred_s == 0 236
pred_s == 1 1501
label_s == 0 660
label_s == 1 1077
pred_s == 0 234
pred_s == 1 1503
label_s == 0 1176
label_s == 1 561
pred_s == 0 252
pred_s == 1 1485
label_s == 0 626
label_s == 1 1111
pred_s == 0 218
pred_s == 1 1519
label_s == 0 542
label_s == 1 1195
Epoch: 083, Valid Acc: 0.5845, Valid Prec: 0.5845, Valid Rec: 0.6141, Valid F1: 0.7095, Valid Roc: 0.5025, Valid Mcc: 0.0043, Training Time: 58.3397/epoch
pred_s == 0 753
pred_s == 1 984
label_s == 0 670
label_s == 1 1067
pred_s == 0 639
pred_s == 1 1098
label_s == 0 691
label_s == 1 1046
pred_s == 0 595
pred_s == 1 1142
label_s == 0 436
label_s == 1 1301
pred_s == 0 862
pred_s == 1 875
label_s == 0 842
label_s == 1 895
pred_s == 0 666
pred_s == 1 1071
label_s == 0 219
label_s == 1 1518
pred_s == 0 820
pred_s == 1 917
label_s == 0 855
label_s == 1 882
pred_s == 0 606
pred_s == 1 1131
label_s == 0 660
label_s == 1 1077
pred_s == 0 715
pred_s == 1 1022
label_s == 0 1176
label_s == 1 561
pred_s == 0 699
pred_s == 1 1038
label_s == 0 626
label_s == 1 1111
pred_s == 0 802
pred_s == 1 935
label_s == 0 542
label_s == 1 1195
Epoch: 084, Valid Acc: 0.5149, Valid Prec: 0.5149, Valid Rec: 0.6045, Valid F1: 0.5854, Valid Roc: 0.4888, Valid Mcc: -0.0239, Training Time: 58.3745/epoch
pred_s == 0 1143
pred_s == 1 594
label_s == 0 670
label_s == 1 1067
pred_s == 0 1205
pred_s == 1 532
label_s == 0 691
label_s == 1 1046
pred_s == 0 1190
pred_s == 1 547
label_s == 0 436
label_s == 1 1301
pred_s == 0 1195
pred_s == 1 542
label_s == 0 842
label_s == 1 895
pred_s == 0 1244
pred_s == 1 493
label_s == 0 219
label_s == 1 1518
pred_s == 0 1217
pred_s == 1 520
label_s == 0 855
label_s == 1 882
pred_s == 0 1247
pred_s == 1 490
label_s == 0 660
label_s == 1 1077
pred_s == 0 1149
pred_s == 1 588
label_s == 0 1176
label_s == 1 561
pred_s == 0 1219
pred_s == 1 518
label_s == 0 626
label_s == 1 1111
pred_s == 0 1216
pred_s == 1 521
label_s == 0 542
label_s == 1 1195
Epoch: 085, Valid Acc: 0.4310, Valid Prec: 0.4310, Valid Rec: 0.5763, Valid F1: 0.3814, Valid Roc: 0.4734, Valid Mcc: -0.0560, Training Time: 58.4063/epoch
pred_s == 0 1149
pred_s == 1 588
label_s == 0 670
label_s == 1 1067
pred_s == 0 1037
pred_s == 1 700
label_s == 0 691
label_s == 1 1046
pred_s == 0 1018
pred_s == 1 719
label_s == 0 436
label_s == 1 1301
pred_s == 0 1153
pred_s == 1 584
label_s == 0 842
label_s == 1 895
pred_s == 0 1156
pred_s == 1 581
label_s == 0 219
label_s == 1 1518
pred_s == 0 1203
pred_s == 1 534
label_s == 0 855
label_s == 1 882
pred_s == 0 1120
pred_s == 1 617
label_s == 0 660
label_s == 1 1077
pred_s == 0 1083
pred_s == 1 654
label_s == 0 1176
label_s == 1 561
pred_s == 0 1066
pred_s == 1 671
label_s == 0 626
label_s == 1 1111
pred_s == 0 1141
pred_s == 1 596
label_s == 0 542
label_s == 1 1195
Epoch: 086, Valid Acc: 0.4511, Valid Prec: 0.4511, Valid Rec: 0.5891, Valid F1: 0.4318, Valid Roc: 0.4809, Valid Mcc: -0.0424, Training Time: 58.3346/epoch
pred_s == 0 262
pred_s == 1 1475
label_s == 0 670
label_s == 1 1067
pred_s == 0 238
pred_s == 1 1499
label_s == 0 691
label_s == 1 1046
pred_s == 0 269
pred_s == 1 1468
label_s == 0 436
label_s == 1 1301
pred_s == 0 270
pred_s == 1 1467
label_s == 0 842
label_s == 1 895
pred_s == 0 273
pred_s == 1 1464
label_s == 0 219
label_s == 1 1518
pred_s == 0 265
pred_s == 1 1472
label_s == 0 855
label_s == 1 882
pred_s == 0 284
pred_s == 1 1453
label_s == 0 660
label_s == 1 1077
pred_s == 0 269
pred_s == 1 1468
label_s == 0 1176
label_s == 1 561
pred_s == 0 249
pred_s == 1 1488
label_s == 0 626
label_s == 1 1111
pred_s == 0 253
pred_s == 1 1484
label_s == 0 542
label_s == 1 1195
Epoch: 087, Valid Acc: 0.5805, Valid Prec: 0.5805, Valid Rec: 0.6142, Valid F1: 0.7035, Valid Roc: 0.5031, Valid Mcc: 0.0044, Training Time: 58.2478/epoch
pred_s == 0 417
pred_s == 1 1320
label_s == 0 670
label_s == 1 1067
pred_s == 0 406
pred_s == 1 1331
label_s == 0 691
label_s == 1 1046
pred_s == 0 413
pred_s == 1 1324
label_s == 0 436
label_s == 1 1301
pred_s == 0 406
pred_s == 1 1331
label_s == 0 842
label_s == 1 895
pred_s == 0 395
pred_s == 1 1342
label_s == 0 219
label_s == 1 1518
pred_s == 0 402
pred_s == 1 1335
label_s == 0 855
label_s == 1 882
pred_s == 0 404
pred_s == 1 1333
label_s == 0 660
label_s == 1 1077
pred_s == 0 407
pred_s == 1 1330
label_s == 0 1176
label_s == 1 561
pred_s == 0 405
pred_s == 1 1332
label_s == 0 626
label_s == 1 1111
pred_s == 0 417
pred_s == 1 1320
label_s == 0 542
label_s == 1 1195
Epoch: 088, Valid Acc: 0.5844, Valid Prec: 0.5844, Valid Rec: 0.6291, Valid F1: 0.6877, Valid Roc: 0.5335, Valid Mcc: 0.0636, Training Time: 58.2923/epoch
pred_s == 0 721
pred_s == 1 1016
label_s == 0 670
label_s == 1 1067
pred_s == 0 720
pred_s == 1 1017
label_s == 0 691
label_s == 1 1046
pred_s == 0 673
pred_s == 1 1064
label_s == 0 436
label_s == 1 1301
pred_s == 0 736
pred_s == 1 1001
label_s == 0 842
label_s == 1 895
pred_s == 0 713
pred_s == 1 1024
label_s == 0 219
label_s == 1 1518
pred_s == 0 683
pred_s == 1 1054
label_s == 0 855
label_s == 1 882
pred_s == 0 723
pred_s == 1 1014
label_s == 0 660
label_s == 1 1077
pred_s == 0 651
pred_s == 1 1086
label_s == 0 1176
label_s == 1 561
pred_s == 0 738
pred_s == 1 999
label_s == 0 626
label_s == 1 1111
pred_s == 0 713
pred_s == 1 1024
label_s == 0 542
label_s == 1 1195
Epoch: 089, Valid Acc: 0.5390, Valid Prec: 0.5390, Valid Rec: 0.6299, Valid F1: 0.6082, Valid Roc: 0.5202, Valid Mcc: 0.0449, Training Time: 58.2385/epoch
pred_s == 0 1675
pred_s == 1 62
label_s == 0 670
label_s == 1 1067
pred_s == 0 1730
pred_s == 1 7
label_s == 0 691
label_s == 1 1046
pred_s == 0 1402
pred_s == 1 335
label_s == 0 436
label_s == 1 1301
pred_s == 0 1649
pred_s == 1 88
label_s == 0 842
label_s == 1 895
pred_s == 0 1554
pred_s == 1 183
label_s == 0 219
label_s == 1 1518
pred_s == 0 1557
pred_s == 1 180
label_s == 0 855
label_s == 1 882
pred_s == 0 1585
pred_s == 1 152
label_s == 0 660
label_s == 1 1077
pred_s == 0 1461
pred_s == 1 276
label_s == 0 1176
label_s == 1 561
pred_s == 0 1699
pred_s == 1 38
label_s == 0 626
label_s == 1 1111
pred_s == 0 1603
pred_s == 1 134
label_s == 0 542
label_s == 1 1195
Epoch: 090, Valid Acc: 0.4044, Valid Prec: 0.4044, Valid Rec: 0.6072, Valid F1: 0.1372, Valid Roc: 0.4966, Valid Mcc: -0.0033, Training Time: 58.2507/epoch
pred_s == 0 1392
pred_s == 1 345
label_s == 0 670
label_s == 1 1067
pred_s == 0 1424
pred_s == 1 313
label_s == 0 691
label_s == 1 1046
pred_s == 0 1389
pred_s == 1 348
label_s == 0 436
label_s == 1 1301
pred_s == 0 1378
pred_s == 1 359
label_s == 0 842
label_s == 1 895
pred_s == 0 1379
pred_s == 1 358
label_s == 0 219
label_s == 1 1518
pred_s == 0 1397
pred_s == 1 340
label_s == 0 855
label_s == 1 882
pred_s == 0 1387
pred_s == 1 350
label_s == 0 660
label_s == 1 1077
pred_s == 0 1411
pred_s == 1 326
label_s == 0 1176
label_s == 1 561
pred_s == 0 1394
pred_s == 1 343
label_s == 0 626
label_s == 1 1111
pred_s == 0 1415
pred_s == 1 322
label_s == 0 542
label_s == 1 1195
Epoch: 091, Valid Acc: 0.4119, Valid Prec: 0.4119, Valid Rec: 0.5619, Valid F1: 0.2731, Valid Roc: 0.4681, Valid Mcc: -0.0574, Training Time: 58.2929/epoch
pred_s == 0 173
pred_s == 1 1564
label_s == 0 670
label_s == 1 1067
pred_s == 0 180
pred_s == 1 1557
label_s == 0 691
label_s == 1 1046
pred_s == 0 208
pred_s == 1 1529
label_s == 0 436
label_s == 1 1301
pred_s == 0 184
pred_s == 1 1553
label_s == 0 842
label_s == 1 895
pred_s == 0 179
pred_s == 1 1558
label_s == 0 219
label_s == 1 1518
pred_s == 0 191
pred_s == 1 1546
label_s == 0 855
label_s == 1 882
pred_s == 0 180
pred_s == 1 1557
label_s == 0 660
label_s == 1 1077
pred_s == 0 197
pred_s == 1 1540
label_s == 0 1176
label_s == 1 561
pred_s == 0 184
pred_s == 1 1553
label_s == 0 626
label_s == 1 1111
pred_s == 0 194
pred_s == 1 1543
label_s == 0 542
label_s == 1 1195
Epoch: 092, Valid Acc: 0.5867, Valid Prec: 0.5867, Valid Rec: 0.6119, Valid F1: 0.7154, Valid Roc: 0.4940, Valid Mcc: -0.0080, Training Time: 58.3094/epoch
pred_s == 0 225
pred_s == 1 1512
label_s == 0 670
label_s == 1 1067
pred_s == 0 232
pred_s == 1 1505
label_s == 0 691
label_s == 1 1046
pred_s == 0 260
pred_s == 1 1477
label_s == 0 436
label_s == 1 1301
pred_s == 0 230
pred_s == 1 1507
label_s == 0 842
label_s == 1 895
pred_s == 0 224
pred_s == 1 1513
label_s == 0 219
label_s == 1 1518
pred_s == 0 238
pred_s == 1 1499
label_s == 0 855
label_s == 1 882
pred_s == 0 238
pred_s == 1 1499
label_s == 0 660
label_s == 1 1077
pred_s == 0 249
pred_s == 1 1488
label_s == 0 1176
label_s == 1 561
pred_s == 0 245
pred_s == 1 1492
label_s == 0 626
label_s == 1 1111
pred_s == 0 224
pred_s == 1 1513
label_s == 0 542
label_s == 1 1195
Epoch: 093, Valid Acc: 0.5818, Valid Prec: 0.5818, Valid Rec: 0.6127, Valid F1: 0.7068, Valid Roc: 0.4976, Valid Mcc: -0.0032, Training Time: 58.2965/epoch
pred_s == 0 239
pred_s == 1 1498
label_s == 0 670
label_s == 1 1067
pred_s == 0 256
pred_s == 1 1481
label_s == 0 691
label_s == 1 1046
pred_s == 0 278
pred_s == 1 1459
label_s == 0 436
label_s == 1 1301
pred_s == 0 277
pred_s == 1 1460
label_s == 0 842
label_s == 1 895
pred_s == 0 266
pred_s == 1 1471
label_s == 0 219
label_s == 1 1518
pred_s == 0 266
pred_s == 1 1471
label_s == 0 855
label_s == 1 882
pred_s == 0 276
pred_s == 1 1461
label_s == 0 660
label_s == 1 1077
pred_s == 0 280
pred_s == 1 1457
label_s == 0 1176
label_s == 1 561
pred_s == 0 266
pred_s == 1 1471
label_s == 0 626
label_s == 1 1111
pred_s == 0 268
pred_s == 1 1469
label_s == 0 542
label_s == 1 1195
Epoch: 094, Valid Acc: 0.5786, Valid Prec: 0.5786, Valid Rec: 0.6132, Valid F1: 0.7013, Valid Roc: 0.5000, Valid Mcc: 0.0001, Training Time: 58.3089/epoch
pred_s == 0 284
pred_s == 1 1453
label_s == 0 670
label_s == 1 1067
pred_s == 0 290
pred_s == 1 1447
label_s == 0 691
label_s == 1 1046
pred_s == 0 312
pred_s == 1 1425
label_s == 0 436
label_s == 1 1301
pred_s == 0 312
pred_s == 1 1425
label_s == 0 842
label_s == 1 895
pred_s == 0 291
pred_s == 1 1446
label_s == 0 219
label_s == 1 1518
pred_s == 0 311
pred_s == 1 1426
label_s == 0 855
label_s == 1 882
pred_s == 0 310
pred_s == 1 1427
label_s == 0 660
label_s == 1 1077
pred_s == 0 311
pred_s == 1 1426
label_s == 0 1176
label_s == 1 561
pred_s == 0 311
pred_s == 1 1426
label_s == 0 626
label_s == 1 1111
pred_s == 0 309
pred_s == 1 1428
label_s == 0 542
label_s == 1 1195
Epoch: 095, Valid Acc: 0.5757, Valid Prec: 0.5757, Valid Rec: 0.6142, Valid F1: 0.6950, Valid Roc: 0.5027, Valid Mcc: 0.0045, Training Time: 58.1756/epoch
pred_s == 0 301
pred_s == 1 1436
label_s == 0 670
label_s == 1 1067
pred_s == 0 316
pred_s == 1 1421
label_s == 0 691
label_s == 1 1046
pred_s == 0 331
pred_s == 1 1406
label_s == 0 436
label_s == 1 1301
pred_s == 0 321
pred_s == 1 1416
label_s == 0 842
label_s == 1 895
pred_s == 0 325
pred_s == 1 1412
label_s == 0 219
label_s == 1 1518
pred_s == 0 310
pred_s == 1 1427
label_s == 0 855
label_s == 1 882
pred_s == 0 315
pred_s == 1 1422
label_s == 0 660
label_s == 1 1077
pred_s == 0 330
pred_s == 1 1407
label_s == 0 1176
label_s == 1 561
pred_s == 0 322
pred_s == 1 1415
label_s == 0 626
label_s == 1 1111
pred_s == 0 317
pred_s == 1 1420
label_s == 0 542
label_s == 1 1195
Epoch: 096, Valid Acc: 0.5725, Valid Prec: 0.5725, Valid Rec: 0.6139, Valid F1: 0.6911, Valid Roc: 0.5014, Valid Mcc: 0.0033, Training Time: 58.3228/epoch
pred_s == 0 320
pred_s == 1 1417
label_s == 0 670
label_s == 1 1067
pred_s == 0 337
pred_s == 1 1400
label_s == 0 691
label_s == 1 1046
pred_s == 0 351
pred_s == 1 1386
label_s == 0 436
label_s == 1 1301
pred_s == 0 339
pred_s == 1 1398
label_s == 0 842
label_s == 1 895
pred_s == 0 326
pred_s == 1 1411
label_s == 0 219
label_s == 1 1518
pred_s == 0 326
pred_s == 1 1411
label_s == 0 855
label_s == 1 882
pred_s == 0 342
pred_s == 1 1395
label_s == 0 660
label_s == 1 1077
pred_s == 0 350
pred_s == 1 1387
label_s == 0 1176
label_s == 1 561
pred_s == 0 332
pred_s == 1 1405
label_s == 0 626
label_s == 1 1111
pred_s == 0 340
pred_s == 1 1397
label_s == 0 542
label_s == 1 1195
Epoch: 097, Valid Acc: 0.5698, Valid Prec: 0.5698, Valid Rec: 0.6133, Valid F1: 0.6870, Valid Roc: 0.5000, Valid Mcc: 0.0003, Training Time: 58.4159/epoch
pred_s == 0 337
pred_s == 1 1400
label_s == 0 670
label_s == 1 1067
pred_s == 0 355
pred_s == 1 1382
label_s == 0 691
label_s == 1 1046
pred_s == 0 389
pred_s == 1 1348
label_s == 0 436
label_s == 1 1301
pred_s == 0 371
pred_s == 1 1366
label_s == 0 842
label_s == 1 895
pred_s == 0 358
pred_s == 1 1379
label_s == 0 219
label_s == 1 1518
pred_s == 0 361
pred_s == 1 1376
label_s == 0 855
label_s == 1 882
pred_s == 0 370
pred_s == 1 1367
label_s == 0 660
label_s == 1 1077
pred_s == 0 364
pred_s == 1 1373
label_s == 0 1176
label_s == 1 561
pred_s == 0 362
pred_s == 1 1375
label_s == 0 626
label_s == 1 1111
pred_s == 0 360
pred_s == 1 1377
label_s == 0 542
label_s == 1 1195
Epoch: 098, Valid Acc: 0.5658, Valid Prec: 0.5658, Valid Rec: 0.6133, Valid F1: 0.6809, Valid Roc: 0.5000, Valid Mcc: 0.0012, Training Time: 58.3571/epoch
pred_s == 0 368
pred_s == 1 1369
label_s == 0 670
label_s == 1 1067
pred_s == 0 378
pred_s == 1 1359
label_s == 0 691
label_s == 1 1046
pred_s == 0 407
pred_s == 1 1330
label_s == 0 436
label_s == 1 1301
pred_s == 0 394
pred_s == 1 1343
label_s == 0 842
label_s == 1 895
pred_s == 0 376
pred_s == 1 1361
label_s == 0 219
label_s == 1 1518
pred_s == 0 370
pred_s == 1 1367
label_s == 0 855
label_s == 1 882
pred_s == 0 364
pred_s == 1 1373
label_s == 0 660
label_s == 1 1077
pred_s == 0 390
pred_s == 1 1347
label_s == 0 1176
label_s == 1 561
pred_s == 0 382
pred_s == 1 1355
label_s == 0 626
label_s == 1 1111
pred_s == 0 384
pred_s == 1 1353
label_s == 0 542
label_s == 1 1195
Epoch: 099, Valid Acc: 0.5664, Valid Prec: 0.5664, Valid Rec: 0.6151, Valid F1: 0.6792, Valid Roc: 0.5039, Valid Mcc: 0.0078, Training Time: 58.4888/epoch
Training finished
The best mcc on best model is 0.0706
pred_s == 0 221
pred_s == 1 1516
label_s == 0 854
label_s == 1 883
pred_s == 0 223
pred_s == 1 1514
label_s == 0 776
label_s == 1 961
pred_s == 0 209
pred_s == 1 1528
label_s == 0 785
label_s == 1 952
pred_s == 0 219
pred_s == 1 1518
label_s == 0 1288
label_s == 1 449
pred_s == 0 225
pred_s == 1 1512
label_s == 0 748
label_s == 1 989
pred_s == 0 213
pred_s == 1 1524
label_s == 0 921
label_s == 1 816
pred_s == 0 196
pred_s == 1 1541
label_s == 0 1180
label_s == 1 557
pred_s == 0 201
pred_s == 1 1536
label_s == 0 849
label_s == 1 888
pred_s == 0 205
pred_s == 1 1532
label_s == 0 886
label_s == 1 851
pred_s == 0 224
pred_s == 1 1513
label_s == 0 567
label_s == 1 1170
pred_s == 0 195
pred_s == 1 1542
label_s == 0 879
label_s == 1 858
pred_s == 0 192
pred_s == 1 1545
label_s == 0 1041
label_s == 1 696
pred_s == 0 195
pred_s == 1 1542
label_s == 0 1302
label_s == 1 435
pred_s == 0 189
pred_s == 1 1548
label_s == 0 1213
label_s == 1 524
pred_s == 0 193
pred_s == 1 1544
label_s == 0 603
label_s == 1 1134
pred_s == 0 209
pred_s == 1 1528
label_s == 0 883
label_s == 1 854
pred_s == 0 206
pred_s == 1 1531
label_s == 0 860
label_s == 1 877
pred_s == 0 210
pred_s == 1 1527
label_s == 0 958
label_s == 1 779
pred_s == 0 212
pred_s == 1 1525
label_s == 0 1190
label_s == 1 547
pred_s == 0 221
pred_s == 1 1516
label_s == 0 1533
label_s == 1 204
pred_s == 0 207
pred_s == 1 1530
label_s == 0 1102
label_s == 1 635
pred_s == 0 202
pred_s == 1 1535
label_s == 0 1393
label_s == 1 344
pred_s == 0 206
pred_s == 1 1531
label_s == 0 392
label_s == 1 1345
pred_s == 0 203
pred_s == 1 1534
label_s == 0 1319
label_s == 1 418
pred_s == 0 194
pred_s == 1 1543
label_s == 0 281
label_s == 1 1456
pred_s == 0 191
pred_s == 1 1546
label_s == 0 616
label_s == 1 1121
Results on best model -- test Acc: 0.4714, test Prec: 0.4714, test Rec: 0.4606, test F1: 0.5835, test Roc: 0.5054, test Mcc: 0.0073
Training finished
____________________________________________________________________________________________________
___________________________________________________________________________________
Tempo total (segundos): 6891
